ARM GAS  C:\Users\DHEERA~1\AppData\Local\Temp\cc45Lazw.s 			page 1


   1              		.syntax unified
   2              		.cpu cortex-m3
   3              		.fpu softvfp
   4              		.eabi_attribute 20, 1
   5              		.eabi_attribute 21, 1
   6              		.eabi_attribute 23, 3
   7              		.eabi_attribute 24, 1
   8              		.eabi_attribute 25, 1
   9              		.eabi_attribute 26, 1
  10              		.eabi_attribute 30, 1
  11              		.eabi_attribute 34, 1
  12              		.eabi_attribute 18, 4
  13              		.thumb
  14              		.syntax unified
  15              		.file	"cymetadata.c"
  16              		.text
  17              	.Ltext0:
  18              		.cfi_sections	.debug_frame
  19              		.global	cy_metadata
  20              		.global	cy_meta_flashprotect
  21              		.global	cy_meta_wonvl
  22              		.global	cy_meta_custnvl
  23              		.global	cy_meta_configecc
  24              		.section	.cyconfigecc,"a",%progbits
  25              		.align	2
  26              		.type	cy_meta_configecc, %object
  27              		.size	cy_meta_configecc, 1092
  28              	cy_meta_configecc:
  29 0000 01       		.byte	1
  30 0001 45       		.byte	69
  31 0002 00       		.byte	0
  32 0003 40       		.byte	64
  33 0004 01       		.byte	1
  34 0005 52       		.byte	82
  35 0006 00       		.byte	0
  36 0007 40       		.byte	64
  37 0008 01       		.byte	1
  38 0009 5A       		.byte	90
  39 000a 00       		.byte	0
  40 000b 40       		.byte	64
  41 000c 03       		.byte	3
  42 000d 64       		.byte	100
  43 000e 00       		.byte	0
  44 000f 40       		.byte	64
  45 0010 01       		.byte	1
  46 0011 01       		.byte	1
  47 0012 01       		.byte	1
  48 0013 40       		.byte	64
  49 0014 01       		.byte	1
  50 0015 03       		.byte	3
  51 0016 01       		.byte	1
  52 0017 40       		.byte	64
  53 0018 3C       		.byte	60
  54 0019 0A       		.byte	10
  55 001a 01       		.byte	1
  56 001b 40       		.byte	64
  57 001c 3E       		.byte	62
ARM GAS  C:\Users\DHEERA~1\AppData\Local\Temp\cc45Lazw.s 			page 2


  58 001d 0B       		.byte	11
  59 001e 01       		.byte	1
  60 001f 40       		.byte	64
  61 0020 48       		.byte	72
  62 0021 0C       		.byte	12
  63 0022 01       		.byte	1
  64 0023 40       		.byte	64
  65 0024 3F       		.byte	63
  66 0025 0D       		.byte	13
  67 0026 01       		.byte	1
  68 0027 40       		.byte	64
  69 0028 66       		.byte	102
  70 0029 0E       		.byte	14
  71 002a 01       		.byte	1
  72 002b 40       		.byte	64
  73 002c 3A       		.byte	58
  74 002d 0F       		.byte	15
  75 002e 01       		.byte	1
  76 002f 40       		.byte	64
  77 0030 01       		.byte	1
  78 0031 17       		.byte	23
  79 0032 01       		.byte	1
  80 0033 40       		.byte	64
  81 0034 01       		.byte	1
  82 0035 19       		.byte	25
  83 0036 01       		.byte	1
  84 0037 40       		.byte	64
  85 0038 06       		.byte	6
  86 0039 40       		.byte	64
  87 003a 01       		.byte	1
  88 003b 40       		.byte	64
  89 003c 05       		.byte	5
  90 003d 41       		.byte	65
  91 003e 01       		.byte	1
  92 003f 40       		.byte	64
  93 0040 02       		.byte	2
  94 0041 42       		.byte	66
  95 0042 01       		.byte	1
  96 0043 40       		.byte	64
  97 0044 04       		.byte	4
  98 0045 43       		.byte	67
  99 0046 01       		.byte	1
 100 0047 40       		.byte	64
 101 0048 06       		.byte	6
 102 0049 44       		.byte	68
 103 004a 01       		.byte	1
 104 004b 40       		.byte	64
 105 004c 06       		.byte	6
 106 004d 45       		.byte	69
 107 004e 01       		.byte	1
 108 004f 40       		.byte	64
 109 0050 05       		.byte	5
 110 0051 46       		.byte	70
 111 0052 01       		.byte	1
 112 0053 40       		.byte	64
 113 0054 01       		.byte	1
 114 0055 47       		.byte	71
ARM GAS  C:\Users\DHEERA~1\AppData\Local\Temp\cc45Lazw.s 			page 3


 115 0056 01       		.byte	1
 116 0057 40       		.byte	64
 117 0058 08       		.byte	8
 118 0059 48       		.byte	72
 119 005a 01       		.byte	1
 120 005b 40       		.byte	64
 121 005c 02       		.byte	2
 122 005d 4C       		.byte	76
 123 005e 01       		.byte	1
 124 005f 40       		.byte	64
 125 0060 03       		.byte	3
 126 0061 50       		.byte	80
 127 0062 01       		.byte	1
 128 0063 40       		.byte	64
 129 0064 02       		.byte	2
 130 0065 51       		.byte	81
 131 0066 01       		.byte	1
 132 0067 40       		.byte	64
 133 0068 17       		.byte	23
 134 0069 02       		.byte	2
 135 006a 14       		.byte	20
 136 006b 01       		.byte	1
 137 006c 87       		.byte	-121
 138 006d 01       		.byte	1
 139 006e 8A       		.byte	-118
 140 006f 72       		.byte	114
 141 0070 8B       		.byte	-117
 142 0071 0F       		.byte	15
 143 0072 8D       		.byte	-115
 144 0073 38       		.byte	56
 145 0074 E0       		.byte	-32
 146 0075 40       		.byte	64
 147 0076 E6       		.byte	-26
 148 0077 02       		.byte	2
 149 0078 00       		.byte	0
 150 0079 02       		.byte	2
 151 007a 01       		.byte	1
 152 007b C0       		.byte	-64
 153 007c 05       		.byte	5
 154 007d 18       		.byte	24
 155 007e 06       		.byte	6
 156 007f 23       		.byte	35
 157 0080 08       		.byte	8
 158 0081 1F       		.byte	31
 159 0082 09       		.byte	9
 160 0083 08       		.byte	8
 161 0084 0A       		.byte	10
 162 0085 20       		.byte	32
 163 0086 0D       		.byte	13
 164 0087 10       		.byte	16
 165 0088 10       		.byte	16
 166 0089 01       		.byte	1
 167 008a 13       		.byte	19
 168 008b 01       		.byte	1
 169 008c 14       		.byte	20
 170 008d 0C       		.byte	12
 171 008e 15       		.byte	21
ARM GAS  C:\Users\DHEERA~1\AppData\Local\Temp\cc45Lazw.s 			page 4


 172 008f 19       		.byte	25
 173 0090 17       		.byte	23
 174 0091 E2       		.byte	-30
 175 0092 18       		.byte	24
 176 0093 33       		.byte	51
 177 0094 19       		.byte	25
 178 0095 E7       		.byte	-25
 179 0096 1A       		.byte	26
 180 0097 0C       		.byte	12
 181 0098 1B       		.byte	27
 182 0099 18       		.byte	24
 183 009a 1C       		.byte	28
 184 009b 3F       		.byte	63
 185 009c 1D       		.byte	29
 186 009d FF       		.byte	-1
 187 009e 20       		.byte	32
 188 009f 08       		.byte	8
 189 00a0 21       		.byte	33
 190 00a1 80       		.byte	-128
 191 00a2 24       		.byte	36
 192 00a3 04       		.byte	4
 193 00a4 27       		.byte	39
 194 00a5 E6       		.byte	-26
 195 00a6 28       		.byte	40
 196 00a7 1C       		.byte	28
 197 00a8 29       		.byte	41
 198 00a9 39       		.byte	57
 199 00aa 2A       		.byte	42
 200 00ab 23       		.byte	35
 201 00ac 2B       		.byte	43
 202 00ad C4       		.byte	-60
 203 00ae 2C       		.byte	44
 204 00af 03       		.byte	3
 205 00b0 2D       		.byte	45
 206 00b1 41       		.byte	65
 207 00b2 30       		.byte	48
 208 00b3 10       		.byte	16
 209 00b4 31       		.byte	49
 210 00b5 C0       		.byte	-64
 211 00b6 32       		.byte	50
 212 00b7 2C       		.byte	44
 213 00b8 33       		.byte	51
 214 00b9 1F       		.byte	31
 215 00ba 34       		.byte	52
 216 00bb 0F       		.byte	15
 217 00bc 37       		.byte	55
 218 00bd 38       		.byte	56
 219 00be 3A       		.byte	58
 220 00bf A8       		.byte	-88
 221 00c0 3B       		.byte	59
 222 00c1 08       		.byte	8
 223 00c2 3E       		.byte	62
 224 00c3 01       		.byte	1
 225 00c4 56       		.byte	86
 226 00c5 02       		.byte	2
 227 00c6 57       		.byte	87
 228 00c7 13       		.byte	19
ARM GAS  C:\Users\DHEERA~1\AppData\Local\Temp\cc45Lazw.s 			page 5


 229 00c8 58       		.byte	88
 230 00c9 04       		.byte	4
 231 00ca 59       		.byte	89
 232 00cb 04       		.byte	4
 233 00cc 5B       		.byte	91
 234 00cd 04       		.byte	4
 235 00ce 5C       		.byte	92
 236 00cf 11       		.byte	17
 237 00d0 5D       		.byte	93
 238 00d1 10       		.byte	16
 239 00d2 5F       		.byte	95
 240 00d3 01       		.byte	1
 241 00d4 80       		.byte	-128
 242 00d5 01       		.byte	1
 243 00d6 90       		.byte	-112
 244 00d7 02       		.byte	2
 245 00d8 96       		.byte	-106
 246 00d9 02       		.byte	2
 247 00da 9C       		.byte	-100
 248 00db 02       		.byte	2
 249 00dc A6       		.byte	-90
 250 00dd 02       		.byte	2
 251 00de AA       		.byte	-86
 252 00df 02       		.byte	2
 253 00e0 B0       		.byte	-80
 254 00e1 02       		.byte	2
 255 00e2 B4       		.byte	-76
 256 00e3 01       		.byte	1
 257 00e4 BE       		.byte	-66
 258 00e5 11       		.byte	17
 259 00e6 D4       		.byte	-44
 260 00e7 01       		.byte	1
 261 00e8 D8       		.byte	-40
 262 00e9 04       		.byte	4
 263 00ea DB       		.byte	-37
 264 00eb 04       		.byte	4
 265 00ec DD       		.byte	-35
 266 00ed 10       		.byte	16
 267 00ee DF       		.byte	-33
 268 00ef 01       		.byte	1
 269 00f0 03       		.byte	3
 270 00f1 A8       		.byte	-88
 271 00f2 05       		.byte	5
 272 00f3 02       		.byte	2
 273 00f4 06       		.byte	6
 274 00f5 40       		.byte	64
 275 00f6 08       		.byte	8
 276 00f7 02       		.byte	2
 277 00f8 09       		.byte	9
 278 00f9 08       		.byte	8
 279 00fa 0A       		.byte	10
 280 00fb 05       		.byte	5
 281 00fc 0D       		.byte	13
 282 00fd 04       		.byte	4
 283 00fe 0E       		.byte	14
 284 00ff 02       		.byte	2
 285 0100 0F       		.byte	15
ARM GAS  C:\Users\DHEERA~1\AppData\Local\Temp\cc45Lazw.s 			page 6


 286 0101 80       		.byte	-128
 287 0102 10       		.byte	16
 288 0103 85       		.byte	-123
 289 0104 12       		.byte	18
 290 0105 09       		.byte	9
 291 0106 13       		.byte	19
 292 0107 04       		.byte	4
 293 0108 14       		.byte	20
 294 0109 20       		.byte	32
 295 010a 16       		.byte	22
 296 010b 28       		.byte	40
 297 010c 18       		.byte	24
 298 010d 04       		.byte	4
 299 010e 19       		.byte	25
 300 010f D1       		.byte	-47
 301 0110 1A       		.byte	26
 302 0111 05       		.byte	5
 303 0112 1B       		.byte	27
 304 0113 08       		.byte	8
 305 0114 1E       		.byte	30
 306 0115 48       		.byte	72
 307 0116 22       		.byte	34
 308 0117 49       		.byte	73
 309 0118 23       		.byte	35
 310 0119 10       		.byte	16
 311 011a 28       		.byte	40
 312 011b 46       		.byte	70
 313 011c 2B       		.byte	43
 314 011d A0       		.byte	-96
 315 011e 31       		.byte	49
 316 011f 50       		.byte	80
 317 0120 33       		.byte	51
 318 0121 0A       		.byte	10
 319 0122 38       		.byte	56
 320 0123 A8       		.byte	-88
 321 0124 3A       		.byte	58
 322 0125 01       		.byte	1
 323 0126 59       		.byte	89
 324 0127 01       		.byte	1
 325 0128 5C       		.byte	92
 326 0129 20       		.byte	32
 327 012a 5D       		.byte	93
 328 012b 02       		.byte	2
 329 012c 5E       		.byte	94
 330 012d 48       		.byte	72
 331 012e 68       		.byte	104
 332 012f 05       		.byte	5
 333 0130 6A       		.byte	106
 334 0131 20       		.byte	32
 335 0132 6B       		.byte	107
 336 0133 10       		.byte	16
 337 0134 70       		.byte	112
 338 0135 D4       		.byte	-44
 339 0136 71       		.byte	113
 340 0137 08       		.byte	8
 341 0138 73       		.byte	115
 342 0139 04       		.byte	4
ARM GAS  C:\Users\DHEERA~1\AppData\Local\Temp\cc45Lazw.s 			page 7


 343 013a 91       		.byte	-111
 344 013b 08       		.byte	8
 345 013c 94       		.byte	-108
 346 013d 04       		.byte	4
 347 013e 96       		.byte	-106
 348 013f A2       		.byte	-94
 349 0140 97       		.byte	-105
 350 0141 10       		.byte	16
 351 0142 98       		.byte	-104
 352 0143 43       		.byte	67
 353 0144 9A       		.byte	-102
 354 0145 68       		.byte	104
 355 0146 9D       		.byte	-99
 356 0147 80       		.byte	-128
 357 0148 9F       		.byte	-97
 358 0149 10       		.byte	16
 359 014a A2       		.byte	-94
 360 014b 01       		.byte	1
 361 014c A3       		.byte	-93
 362 014d 62       		.byte	98
 363 014e A4       		.byte	-92
 364 014f 05       		.byte	5
 365 0150 A7       		.byte	-89
 366 0151 08       		.byte	8
 367 0152 AF       		.byte	-81
 368 0153 02       		.byte	2
 369 0154 B0       		.byte	-80
 370 0155 13       		.byte	19
 371 0156 B1       		.byte	-79
 372 0157 0C       		.byte	12
 373 0158 B5       		.byte	-75
 374 0159 01       		.byte	1
 375 015a B7       		.byte	-73
 376 015b 10       		.byte	16
 377 015c C0       		.byte	-64
 378 015d 1E       		.byte	30
 379 015e C2       		.byte	-62
 380 015f BF       		.byte	-65
 381 0160 C4       		.byte	-60
 382 0161 6F       		.byte	111
 383 0162 CA       		.byte	-54
 384 0163 0F       		.byte	15
 385 0164 CC       		.byte	-52
 386 0165 0F       		.byte	15
 387 0166 CE       		.byte	-50
 388 0167 0F       		.byte	15
 389 0168 D6       		.byte	-42
 390 0169 F1       		.byte	-15
 391 016a EC       		.byte	-20
 392 016b 02       		.byte	2
 393 016c 10       		.byte	16
 394 016d 01       		.byte	1
 395 016e 1C       		.byte	28
 396 016f 01       		.byte	1
 397 0170 26       		.byte	38
 398 0171 01       		.byte	1
 399 0172 28       		.byte	40
ARM GAS  C:\Users\DHEERA~1\AppData\Local\Temp\cc45Lazw.s 			page 8


 400 0173 02       		.byte	2
 401 0174 34       		.byte	52
 402 0175 03       		.byte	3
 403 0176 38       		.byte	56
 404 0177 20       		.byte	32
 405 0178 40       		.byte	64
 406 0179 12       		.byte	18
 407 017a 41       		.byte	65
 408 017b 05       		.byte	5
 409 017c 46       		.byte	70
 410 017d CE       		.byte	-50
 411 017e 47       		.byte	71
 412 017f 0B       		.byte	11
 413 0180 48       		.byte	72
 414 0181 1C       		.byte	28
 415 0182 49       		.byte	73
 416 0183 FF       		.byte	-1
 417 0184 4A       		.byte	74
 418 0185 FF       		.byte	-1
 419 0186 4B       		.byte	75
 420 0187 FF       		.byte	-1
 421 0188 4E       		.byte	78
 422 0189 F0       		.byte	-16
 423 018a 4F       		.byte	79
 424 018b 44       		.byte	68
 425 018c 50       		.byte	80
 426 018d 0C       		.byte	12
 427 018e 58       		.byte	88
 428 018f 04       		.byte	4
 429 0190 5A       		.byte	90
 430 0191 04       		.byte	4
 431 0192 5C       		.byte	92
 432 0193 01       		.byte	1
 433 0194 5D       		.byte	93
 434 0195 01       		.byte	1
 435 0196 5F       		.byte	95
 436 0197 01       		.byte	1
 437 0198 66       		.byte	102
 438 0199 C0       		.byte	-64
 439 019a 6A       		.byte	106
 440 019b 40       		.byte	64
 441 019c 6B       		.byte	107
 442 019d 02       		.byte	2
 443 019e 80       		.byte	-128
 444 019f 40       		.byte	64
 445 01a0 83       		.byte	-125
 446 01a1 20       		.byte	32
 447 01a2 85       		.byte	-123
 448 01a3 01       		.byte	1
 449 01a4 86       		.byte	-122
 450 01a5 20       		.byte	32
 451 01a6 88       		.byte	-120
 452 01a7 1C       		.byte	28
 453 01a8 8A       		.byte	-118
 454 01a9 02       		.byte	2
 455 01aa 8B       		.byte	-117
 456 01ab 01       		.byte	1
ARM GAS  C:\Users\DHEERA~1\AppData\Local\Temp\cc45Lazw.s 			page 9


 457 01ac 8C       		.byte	-116
 458 01ad 40       		.byte	64
 459 01ae 8F       		.byte	-113
 460 01af 20       		.byte	32
 461 01b0 90       		.byte	-112
 462 01b1 10       		.byte	16
 463 01b2 91       		.byte	-111
 464 01b3 08       		.byte	8
 465 01b4 92       		.byte	-110
 466 01b5 0C       		.byte	12
 467 01b6 93       		.byte	-109
 468 01b7 14       		.byte	20
 469 01b8 94       		.byte	-108
 470 01b9 40       		.byte	64
 471 01ba 95       		.byte	-107
 472 01bb 10       		.byte	16
 473 01bc 97       		.byte	-105
 474 01bd 08       		.byte	8
 475 01be 98       		.byte	-104
 476 01bf 09       		.byte	9
 477 01c0 99       		.byte	-103
 478 01c1 1C       		.byte	28
 479 01c2 9A       		.byte	-102
 480 01c3 10       		.byte	16
 481 01c4 9D       		.byte	-99
 482 01c5 02       		.byte	2
 483 01c6 9E       		.byte	-98
 484 01c7 03       		.byte	3
 485 01c8 A0       		.byte	-96
 486 01c9 10       		.byte	16
 487 01ca A1       		.byte	-95
 488 01cb 1C       		.byte	28
 489 01cc A4       		.byte	-92
 490 01cd 14       		.byte	20
 491 01ce A5       		.byte	-91
 492 01cf 04       		.byte	4
 493 01d0 A7       		.byte	-89
 494 01d1 08       		.byte	8
 495 01d2 AB       		.byte	-85
 496 01d3 01       		.byte	1
 497 01d4 AC       		.byte	-84
 498 01d5 0C       		.byte	12
 499 01d6 AD       		.byte	-83
 500 01d7 01       		.byte	1
 501 01d8 AE       		.byte	-82
 502 01d9 11       		.byte	17
 503 01da B0       		.byte	-80
 504 01db 20       		.byte	32
 505 01dc B1       		.byte	-79
 506 01dd 01       		.byte	1
 507 01de B3       		.byte	-77
 508 01df 1C       		.byte	28
 509 01e0 B4       		.byte	-76
 510 01e1 40       		.byte	64
 511 01e2 B5       		.byte	-75
 512 01e3 20       		.byte	32
 513 01e4 B6       		.byte	-74
ARM GAS  C:\Users\DHEERA~1\AppData\Local\Temp\cc45Lazw.s 			page 10


 514 01e5 1F       		.byte	31
 515 01e6 B7       		.byte	-73
 516 01e7 02       		.byte	2
 517 01e8 B9       		.byte	-71
 518 01e9 02       		.byte	2
 519 01ea BF       		.byte	-65
 520 01eb 50       		.byte	80
 521 01ec D4       		.byte	-44
 522 01ed 18       		.byte	24
 523 01ee D6       		.byte	-42
 524 01ef 04       		.byte	4
 525 01f0 D8       		.byte	-40
 526 01f1 04       		.byte	4
 527 01f2 D9       		.byte	-39
 528 01f3 04       		.byte	4
 529 01f4 DB       		.byte	-37
 530 01f5 04       		.byte	4
 531 01f6 DC       		.byte	-36
 532 01f7 11       		.byte	17
 533 01f8 DD       		.byte	-35
 534 01f9 10       		.byte	16
 535 01fa DF       		.byte	-33
 536 01fb 01       		.byte	1
 537 01fc 00       		.byte	0
 538 01fd 02       		.byte	2
 539 01fe 01       		.byte	1
 540 01ff 04       		.byte	4
 541 0200 02       		.byte	2
 542 0201 09       		.byte	9
 543 0202 0A       		.byte	10
 544 0203 25       		.byte	37
 545 0204 0B       		.byte	11
 546 0205 80       		.byte	-128
 547 0206 0E       		.byte	14
 548 0207 02       		.byte	2
 549 0208 0F       		.byte	15
 550 0209 80       		.byte	-128
 551 020a 11       		.byte	17
 552 020b 4A       		.byte	74
 553 020c 15       		.byte	21
 554 020d 08       		.byte	8
 555 020e 16       		.byte	22
 556 020f 08       		.byte	8
 557 0210 19       		.byte	25
 558 0211 20       		.byte	32
 559 0212 1A       		.byte	26
 560 0213 01       		.byte	1
 561 0214 1B       		.byte	27
 562 0215 A2       		.byte	-94
 563 0216 1D       		.byte	29
 564 0217 10       		.byte	16
 565 0218 1E       		.byte	30
 566 0219 04       		.byte	4
 567 021a 21       		.byte	33
 568 021b 09       		.byte	9
 569 021c 23       		.byte	35
 570 021d 06       		.byte	6
ARM GAS  C:\Users\DHEERA~1\AppData\Local\Temp\cc45Lazw.s 			page 11


 571 021e 28       		.byte	40
 572 021f 10       		.byte	16
 573 0220 29       		.byte	41
 574 0221 83       		.byte	-125
 575 0222 2A       		.byte	42
 576 0223 01       		.byte	1
 577 0224 2B       		.byte	43
 578 0225 08       		.byte	8
 579 0226 30       		.byte	48
 580 0227 01       		.byte	1
 581 0228 32       		.byte	50
 582 0229 14       		.byte	20
 583 022a 33       		.byte	51
 584 022b 80       		.byte	-128
 585 022c 38       		.byte	56
 586 022d 84       		.byte	-124
 587 022e 39       		.byte	57
 588 022f 02       		.byte	2
 589 0230 3B       		.byte	59
 590 0231 10       		.byte	16
 591 0232 46       		.byte	70
 592 0233 0A       		.byte	10
 593 0234 4D       		.byte	77
 594 0235 40       		.byte	64
 595 0236 4F       		.byte	79
 596 0237 80       		.byte	-128
 597 0238 55       		.byte	85
 598 0239 04       		.byte	4
 599 023a 56       		.byte	86
 600 023b 60       		.byte	96
 601 023c 5A       		.byte	90
 602 023d 02       		.byte	2
 603 023e 63       		.byte	99
 604 023f 45       		.byte	69
 605 0240 87       		.byte	-121
 606 0241 40       		.byte	64
 607 0242 90       		.byte	-112
 608 0243 80       		.byte	-128
 609 0244 91       		.byte	-111
 610 0245 48       		.byte	72
 611 0246 92       		.byte	-110
 612 0247 08       		.byte	8
 613 0248 93       		.byte	-109
 614 0249 81       		.byte	-127
 615 024a 94       		.byte	-108
 616 024b 04       		.byte	4
 617 024c 96       		.byte	-106
 618 024d 80       		.byte	-128
 619 024e 98       		.byte	-104
 620 024f 40       		.byte	64
 621 0250 9A       		.byte	-102
 622 0251 0A       		.byte	10
 623 0252 9C       		.byte	-100
 624 0253 02       		.byte	2
 625 0254 9D       		.byte	-99
 626 0255 B2       		.byte	-78
 627 0256 9E       		.byte	-98
ARM GAS  C:\Users\DHEERA~1\AppData\Local\Temp\cc45Lazw.s 			page 12


 628 0257 20       		.byte	32
 629 0258 A1       		.byte	-95
 630 0259 01       		.byte	1
 631 025a A2       		.byte	-94
 632 025b 09       		.byte	9
 633 025c A4       		.byte	-92
 634 025d 04       		.byte	4
 635 025e A5       		.byte	-91
 636 025f 08       		.byte	8
 637 0260 B1       		.byte	-79
 638 0261 04       		.byte	4
 639 0262 B2       		.byte	-78
 640 0263 01       		.byte	1
 641 0264 B7       		.byte	-73
 642 0265 02       		.byte	2
 643 0266 C0       		.byte	-64
 644 0267 0F       		.byte	15
 645 0268 C2       		.byte	-62
 646 0269 9F       		.byte	-97
 647 026a C4       		.byte	-60
 648 026b 6D       		.byte	109
 649 026c CA       		.byte	-54
 650 026d 0F       		.byte	15
 651 026e CC       		.byte	-52
 652 026f 0F       		.byte	15
 653 0270 CE       		.byte	-50
 654 0271 0F       		.byte	15
 655 0272 D0       		.byte	-48
 656 0273 30       		.byte	48
 657 0274 D2       		.byte	-46
 658 0275 10       		.byte	16
 659 0276 D6       		.byte	-42
 660 0277 01       		.byte	1
 661 0278 D8       		.byte	-40
 662 0279 0D       		.byte	13
 663 027a 00       		.byte	0
 664 027b 18       		.byte	24
 665 027c 03       		.byte	3
 666 027d 08       		.byte	8
 667 027e 04       		.byte	4
 668 027f 18       		.byte	24
 669 0280 07       		.byte	7
 670 0281 10       		.byte	16
 671 0282 0A       		.byte	10
 672 0283 06       		.byte	6
 673 0284 0E       		.byte	14
 674 0285 03       		.byte	3
 675 0286 10       		.byte	16
 676 0287 08       		.byte	8
 677 0288 11       		.byte	17
 678 0289 01       		.byte	1
 679 028a 12       		.byte	18
 680 028b 30       		.byte	48
 681 028c 13       		.byte	19
 682 028d 0E       		.byte	14
 683 028e 15       		.byte	21
 684 028f 0C       		.byte	12
ARM GAS  C:\Users\DHEERA~1\AppData\Local\Temp\cc45Lazw.s 			page 13


 685 0290 16       		.byte	22
 686 0291 40       		.byte	64
 687 0292 17       		.byte	23
 688 0293 03       		.byte	3
 689 0294 18       		.byte	24
 690 0295 10       		.byte	16
 691 0296 1A       		.byte	26
 692 0297 28       		.byte	40
 693 0298 1B       		.byte	27
 694 0299 03       		.byte	3
 695 029a 1C       		.byte	28
 696 029b 06       		.byte	6
 697 029c 1E       		.byte	30
 698 029d 01       		.byte	1
 699 029e 1F       		.byte	31
 700 029f 10       		.byte	16
 701 02a0 21       		.byte	33
 702 02a1 01       		.byte	1
 703 02a2 22       		.byte	34
 704 02a3 02       		.byte	2
 705 02a4 23       		.byte	35
 706 02a5 06       		.byte	6
 707 02a6 26       		.byte	38
 708 02a7 01       		.byte	1
 709 02a8 2B       		.byte	43
 710 02a9 0C       		.byte	12
 711 02aa 2E       		.byte	46
 712 02ab 05       		.byte	5
 713 02ac 30       		.byte	48
 714 02ad 07       		.byte	7
 715 02ae 33       		.byte	51
 716 02af 0F       		.byte	15
 717 02b0 34       		.byte	52
 718 02b1 18       		.byte	24
 719 02b2 36       		.byte	54
 720 02b3 60       		.byte	96
 721 02b4 37       		.byte	55
 722 02b5 10       		.byte	16
 723 02b6 3A       		.byte	58
 724 02b7 02       		.byte	2
 725 02b8 3B       		.byte	59
 726 02b9 08       		.byte	8
 727 02ba 3E       		.byte	62
 728 02bb 40       		.byte	64
 729 02bc 3F       		.byte	63
 730 02bd 40       		.byte	64
 731 02be 40       		.byte	64
 732 02bf 26       		.byte	38
 733 02c0 41       		.byte	65
 734 02c1 05       		.byte	5
 735 02c2 42       		.byte	66
 736 02c3 04       		.byte	4
 737 02c4 44       		.byte	68
 738 02c5 01       		.byte	1
 739 02c6 46       		.byte	70
 740 02c7 0E       		.byte	14
 741 02c8 47       		.byte	71
ARM GAS  C:\Users\DHEERA~1\AppData\Local\Temp\cc45Lazw.s 			page 14


 742 02c9 0C       		.byte	12
 743 02ca 48       		.byte	72
 744 02cb 14       		.byte	20
 745 02cc 49       		.byte	73
 746 02cd FF       		.byte	-1
 747 02ce 4A       		.byte	74
 748 02cf FF       		.byte	-1
 749 02d0 4B       		.byte	75
 750 02d1 FF       		.byte	-1
 751 02d2 4C       		.byte	76
 752 02d3 62       		.byte	98
 753 02d4 4D       		.byte	77
 754 02d5 A0       		.byte	-96
 755 02d6 4E       		.byte	78
 756 02d7 F0       		.byte	-16
 757 02d8 4F       		.byte	79
 758 02d9 41       		.byte	65
 759 02da 50       		.byte	80
 760 02db 0C       		.byte	12
 761 02dc 58       		.byte	88
 762 02dd 04       		.byte	4
 763 02de 59       		.byte	89
 764 02df 04       		.byte	4
 765 02e0 5A       		.byte	90
 766 02e1 04       		.byte	4
 767 02e2 5C       		.byte	92
 768 02e3 11       		.byte	17
 769 02e4 5D       		.byte	93
 770 02e5 01       		.byte	1
 771 02e6 5F       		.byte	95
 772 02e7 01       		.byte	1
 773 02e8 66       		.byte	102
 774 02e9 40       		.byte	64
 775 02ea 67       		.byte	103
 776 02eb 02       		.byte	2
 777 02ec 69       		.byte	105
 778 02ed 10       		.byte	16
 779 02ee 6A       		.byte	106
 780 02ef 30       		.byte	48
 781 02f0 6B       		.byte	107
 782 02f1 10       		.byte	16
 783 02f2 6D       		.byte	109
 784 02f3 10       		.byte	16
 785 02f4 6E       		.byte	110
 786 02f5 10       		.byte	16
 787 02f6 6F       		.byte	111
 788 02f7 12       		.byte	18
 789 02f8 87       		.byte	-121
 790 02f9 01       		.byte	1
 791 02fa 8A       		.byte	-118
 792 02fb 08       		.byte	8
 793 02fc 94       		.byte	-108
 794 02fd 0A       		.byte	10
 795 02fe 95       		.byte	-107
 796 02ff 02       		.byte	2
 797 0300 96       		.byte	-106
 798 0301 04       		.byte	4
ARM GAS  C:\Users\DHEERA~1\AppData\Local\Temp\cc45Lazw.s 			page 15


 799 0302 9A       		.byte	-102
 800 0303 05       		.byte	5
 801 0304 9C       		.byte	-100
 802 0305 03       		.byte	3
 803 0306 9E       		.byte	-98
 804 0307 04       		.byte	4
 805 0308 A1       		.byte	-95
 806 0309 03       		.byte	3
 807 030a A4       		.byte	-92
 808 030b 03       		.byte	3
 809 030c A6       		.byte	-90
 810 030d 04       		.byte	4
 811 030e AC       		.byte	-84
 812 030f 03       		.byte	3
 813 0310 AD       		.byte	-83
 814 0311 03       		.byte	3
 815 0312 AE       		.byte	-82
 816 0313 0C       		.byte	12
 817 0314 B1       		.byte	-79
 818 0315 03       		.byte	3
 819 0316 B6       		.byte	-74
 820 0317 0F       		.byte	15
 821 0318 B9       		.byte	-71
 822 0319 82       		.byte	-126
 823 031a BA       		.byte	-70
 824 031b 80       		.byte	-128
 825 031c BF       		.byte	-65
 826 031d 41       		.byte	65
 827 031e C0       		.byte	-64
 828 031f 01       		.byte	1
 829 0320 C7       		.byte	-57
 830 0321 40       		.byte	64
 831 0322 C9       		.byte	-55
 832 0323 FF       		.byte	-1
 833 0324 CA       		.byte	-54
 834 0325 07       		.byte	7
 835 0326 CB       		.byte	-53
 836 0327 FF       		.byte	-1
 837 0328 CC       		.byte	-52
 838 0329 40       		.byte	64
 839 032a CD       		.byte	-51
 840 032b 20       		.byte	32
 841 032c CE       		.byte	-50
 842 032d F0       		.byte	-16
 843 032e CF       		.byte	-49
 844 032f 05       		.byte	5
 845 0330 D0       		.byte	-48
 846 0331 08       		.byte	8
 847 0332 D8       		.byte	-40
 848 0333 04       		.byte	4
 849 0334 D9       		.byte	-39
 850 0335 04       		.byte	4
 851 0336 DA       		.byte	-38
 852 0337 04       		.byte	4
 853 0338 DC       		.byte	-36
 854 0339 01       		.byte	1
 855 033a DD       		.byte	-35
ARM GAS  C:\Users\DHEERA~1\AppData\Local\Temp\cc45Lazw.s 			page 16


 856 033b 01       		.byte	1
 857 033c DF       		.byte	-33
 858 033d 01       		.byte	1
 859 033e E0       		.byte	-32
 860 033f 40       		.byte	64
 861 0340 E1       		.byte	-31
 862 0341 A8       		.byte	-88
 863 0342 E2       		.byte	-30
 864 0343 40       		.byte	64
 865 0344 E3       		.byte	-29
 866 0345 20       		.byte	32
 867 0346 00       		.byte	0
 868 0347 08       		.byte	8
 869 0348 01       		.byte	1
 870 0349 02       		.byte	2
 871 034a 02       		.byte	2
 872 034b 04       		.byte	4
 873 034c 03       		.byte	3
 874 034d 02       		.byte	2
 875 034e 05       		.byte	5
 876 034f 10       		.byte	16
 877 0350 06       		.byte	6
 878 0351 04       		.byte	4
 879 0352 08       		.byte	8
 880 0353 02       		.byte	2
 881 0354 09       		.byte	9
 882 0355 08       		.byte	8
 883 0356 0A       		.byte	10
 884 0357 05       		.byte	5
 885 0358 0D       		.byte	13
 886 0359 04       		.byte	4
 887 035a 0F       		.byte	15
 888 035b 0A       		.byte	10
 889 035c 10       		.byte	16
 890 035d 21       		.byte	33
 891 035e 11       		.byte	17
 892 035f 02       		.byte	2
 893 0360 14       		.byte	20
 894 0361 01       		.byte	1
 895 0362 16       		.byte	22
 896 0363 22       		.byte	34
 897 0364 18       		.byte	24
 898 0365 01       		.byte	1
 899 0366 1A       		.byte	26
 900 0367 0C       		.byte	12
 901 0368 1B       		.byte	27
 902 0369 03       		.byte	3
 903 036a 1E       		.byte	30
 904 036b 02       		.byte	2
 905 036c 1F       		.byte	31
 906 036d 40       		.byte	64
 907 036e 21       		.byte	33
 908 036f 04       		.byte	4
 909 0370 22       		.byte	34
 910 0371 08       		.byte	8
 911 0372 23       		.byte	35
 912 0373 01       		.byte	1
ARM GAS  C:\Users\DHEERA~1\AppData\Local\Temp\cc45Lazw.s 			page 17


 913 0374 27       		.byte	39
 914 0375 82       		.byte	-126
 915 0376 29       		.byte	41
 916 0377 10       		.byte	16
 917 0378 2A       		.byte	42
 918 0379 02       		.byte	2
 919 037a 2D       		.byte	45
 920 037b 40       		.byte	64
 921 037c 2E       		.byte	46
 922 037d 02       		.byte	2
 923 037e 2F       		.byte	47
 924 037f 42       		.byte	66
 925 0380 30       		.byte	48
 926 0381 20       		.byte	32
 927 0382 32       		.byte	50
 928 0383 48       		.byte	72
 929 0384 33       		.byte	51
 930 0385 02       		.byte	2
 931 0386 36       		.byte	54
 932 0387 08       		.byte	8
 933 0388 38       		.byte	56
 934 0389 08       		.byte	8
 935 038a 3A       		.byte	58
 936 038b 01       		.byte	1
 937 038c 3E       		.byte	62
 938 038d 08       		.byte	8
 939 038e 3F       		.byte	63
 940 038f 08       		.byte	8
 941 0390 40       		.byte	64
 942 0391 85       		.byte	-123
 943 0392 47       		.byte	71
 944 0393 80       		.byte	-128
 945 0394 49       		.byte	73
 946 0395 A0       		.byte	-96
 947 0396 4C       		.byte	76
 948 0397 20       		.byte	32
 949 0398 4F       		.byte	79
 950 0399 08       		.byte	8
 951 039a 50       		.byte	80
 952 039b 44       		.byte	68
 953 039c 55       		.byte	85
 954 039d 01       		.byte	1
 955 039e 56       		.byte	86
 956 039f 01       		.byte	1
 957 03a0 58       		.byte	88
 958 03a1 80       		.byte	-128
 959 03a2 5A       		.byte	90
 960 03a3 80       		.byte	-128
 961 03a4 88       		.byte	-120
 962 03a5 40       		.byte	64
 963 03a6 8A       		.byte	-118
 964 03a7 04       		.byte	4
 965 03a8 C0       		.byte	-64
 966 03a9 4F       		.byte	79
 967 03aa C2       		.byte	-62
 968 03ab EF       		.byte	-17
 969 03ac C4       		.byte	-60
ARM GAS  C:\Users\DHEERA~1\AppData\Local\Temp\cc45Lazw.s 			page 18


 970 03ad AD       		.byte	-83
 971 03ae CA       		.byte	-54
 972 03af 95       		.byte	-107
 973 03b0 CC       		.byte	-52
 974 03b1 4F       		.byte	79
 975 03b2 CE       		.byte	-50
 976 03b3 43       		.byte	67
 977 03b4 D0       		.byte	-48
 978 03b5 1D       		.byte	29
 979 03b6 D2       		.byte	-46
 980 03b7 0C       		.byte	12
 981 03b8 E0       		.byte	-32
 982 03b9 40       		.byte	64
 983 03ba EC       		.byte	-20
 984 03bb 10       		.byte	16
 985 03bc EC       		.byte	-20
 986 03bd 10       		.byte	16
 987 03be 33       		.byte	51
 988 03bf 80       		.byte	-128
 989 03c0 36       		.byte	54
 990 03c1 20       		.byte	32
 991 03c2 3C       		.byte	60
 992 03c3 40       		.byte	64
 993 03c4 8C       		.byte	-116
 994 03c5 40       		.byte	64
 995 03c6 CC       		.byte	-52
 996 03c7 30       		.byte	48
 997 03c8 CE       		.byte	-50
 998 03c9 20       		.byte	32
 999 03ca 86       		.byte	-122
 1000 03cb 20       		.byte	32
 1001 03cc 94       		.byte	-108
 1002 03cd 40       		.byte	64
 1003 03ce A6       		.byte	-90
 1004 03cf 20       		.byte	32
 1005 03d0 A7       		.byte	-89
 1006 03d1 80       		.byte	-128
 1007 03d2 E6       		.byte	-26
 1008 03d3 40       		.byte	64
 1009 03d4 94       		.byte	-108
 1010 03d5 40       		.byte	64
 1011 03d6 A7       		.byte	-89
 1012 03d7 80       		.byte	-128
 1013 03d8 11       		.byte	17
 1014 03d9 40       		.byte	64
 1015 03da 94       		.byte	-108
 1016 03db 40       		.byte	64
 1017 03dc A7       		.byte	-89
 1018 03dd 80       		.byte	-128
 1019 03de C4       		.byte	-60
 1020 03df 40       		.byte	64
 1021 03e0 33       		.byte	51
 1022 03e1 80       		.byte	-128
 1023 03e2 7C       		.byte	124
 1024 03e3 10       		.byte	16
 1025 03e4 8F       		.byte	-113
 1026 03e5 80       		.byte	-128
ARM GAS  C:\Users\DHEERA~1\AppData\Local\Temp\cc45Lazw.s 			page 19


 1027 03e6 CC       		.byte	-52
 1028 03e7 08       		.byte	8
 1029 03e8 DE       		.byte	-34
 1030 03e9 01       		.byte	1
 1031 03ea E0       		.byte	-32
 1032 03eb 02       		.byte	2
 1033 03ec 00       		.byte	0
 1034 03ed 08       		.byte	8
 1035 03ee 52       		.byte	82
 1036 03ef 20       		.byte	32
 1037 03f0 B4       		.byte	-76
 1038 03f1 10       		.byte	16
 1039 03f2 C0       		.byte	-64
 1040 03f3 08       		.byte	8
 1041 03f4 D4       		.byte	-44
 1042 03f5 04       		.byte	4
 1043 03f6 E8       		.byte	-24
 1044 03f7 08       		.byte	8
 1045 03f8 45       		.byte	69
 1046 03f9 02       		.byte	2
 1047 03fa AE       		.byte	-82
 1048 03fb 20       		.byte	32
 1049 03fc B0       		.byte	-80
 1050 03fd 04       		.byte	4
 1051 03fe D0       		.byte	-48
 1052 03ff 01       		.byte	1
 1053 0400 EA       		.byte	-22
 1054 0401 04       		.byte	4
 1055 0402 A5       		.byte	-91
 1056 0403 02       		.byte	2
 1057 0404 24       		.byte	36
 1058 0405 40       		.byte	64
 1059 0406 27       		.byte	39
 1060 0407 04       		.byte	4
 1061 0408 94       		.byte	-108
 1062 0409 40       		.byte	64
 1063 040a 9F       		.byte	-97
 1064 040b 04       		.byte	4
 1065 040c A9       		.byte	-87
 1066 040d 40       		.byte	64
 1067 040e AB       		.byte	-85
 1068 040f 80       		.byte	-128
 1069 0410 B7       		.byte	-73
 1070 0411 04       		.byte	4
 1071 0412 C8       		.byte	-56
 1072 0413 A0       		.byte	-96
 1073 0414 B5       		.byte	-75
 1074 0415 02       		.byte	2
 1075 0416 EC       		.byte	-20
 1076 0417 08       		.byte	8
 1077 0418 00       		.byte	0
 1078 0419 02       		.byte	2
 1079 041a 0C       		.byte	12
 1080 041b 02       		.byte	2
 1081 041c 0E       		.byte	14
 1082 041d 02       		.byte	2
 1083 041e 00       		.byte	0
ARM GAS  C:\Users\DHEERA~1\AppData\Local\Temp\cc45Lazw.s 			page 20


 1084 041f 0E       		.byte	14
 1085 0420 10       		.byte	16
 1086 0421 02       		.byte	2
 1087 0422 00       		.byte	0
 1088 0423 00       		.byte	0
 1089 0424 00       		.byte	0
 1090 0425 00       		.byte	0
 1091 0426 00       		.byte	0
 1092 0427 00       		.byte	0
 1093 0428 00       		.byte	0
 1094 0429 00       		.byte	0
 1095 042a 30       		.byte	48
 1096 042b 00       		.byte	0
 1097 042c 00       		.byte	0
 1098 042d 0B       		.byte	11
 1099 042e 0B       		.byte	11
 1100 042f 00       		.byte	0
 1101 0430 00       		.byte	0
 1102 0431 00       		.byte	0
 1103 0432 00       		.byte	0
 1104 0433 00       		.byte	0
 1105 0434 02       		.byte	2
 1106 0435 00       		.byte	0
 1107 0436 F1       		.byte	-15
 1108 0437 72       		.byte	114
 1109 0438 02       		.byte	2
 1110 0439 00       		.byte	0
 1111 043a 02       		.byte	2
 1112 043b 00       		.byte	0
 1113 043c 00       		.byte	0
 1114 043d 00       		.byte	0
 1115 043e 00       		.byte	0
 1116 043f 00       		.byte	0
 1117 0440 BB       		.byte	-69
 1118 0441 00       		.byte	0
 1119 0442 18       		.byte	24
 1120 0443 01       		.byte	1
 1121              		.section	.cywolatch,"a",%progbits
 1122              		.align	2
 1123              		.type	cy_meta_wonvl, %object
 1124              		.size	cy_meta_wonvl, 4
 1125              	cy_meta_wonvl:
 1126 0000 BC       		.byte	-68
 1127 0001 90       		.byte	-112
 1128 0002 AC       		.byte	-84
 1129 0003 AF       		.byte	-81
 1130              		.section	.cycustnvl,"a",%progbits
 1131              		.align	2
 1132              		.type	cy_meta_custnvl, %object
 1133              		.size	cy_meta_custnvl, 4
 1134              	cy_meta_custnvl:
 1135 0000 00       		.byte	0
 1136 0001 00       		.byte	0
 1137 0002 40       		.byte	64
 1138 0003 05       		.byte	5
 1139              		.section	.cymeta,"a",%progbits
 1140              		.align	2
ARM GAS  C:\Users\DHEERA~1\AppData\Local\Temp\cc45Lazw.s 			page 21


 1141              		.type	cy_metadata, %object
 1142              		.size	cy_metadata, 12
 1143              	cy_metadata:
 1144 0000 00       		.byte	0
 1145 0001 01       		.byte	1
 1146 0002 2E       		.byte	46
 1147 0003 16       		.byte	22
 1148 0004 00       		.byte	0
 1149 0005 69       		.byte	105
 1150 0006 00       		.byte	0
 1151 0007 01       		.byte	1
 1152 0008 00       		.byte	0
 1153 0009 00       		.byte	0
 1154 000a 00       		.byte	0
 1155 000b 00       		.byte	0
 1156              		.section	.cyflashprotect,"a",%progbits
 1157              		.align	2
 1158              		.type	cy_meta_flashprotect, %object
 1159              		.size	cy_meta_flashprotect, 256
 1160              	cy_meta_flashprotect:
 1161 0000 00000000 		.space	256
 1161      00000000 
 1161      00000000 
 1161      00000000 
 1161      00000000 
 1162              		.text
 1163              	.Letext0:
 1164              		.file 1 "d:\\psoc creator\\4.4\\psoc creator\\import\\gnu\\arm\\5.4.1\\arm-none-eabi\\include\\mac
 1165              		.file 2 "d:\\psoc creator\\4.4\\psoc creator\\import\\gnu\\arm\\5.4.1\\arm-none-eabi\\include\\sys
 1166              		.file 3 "Generated_Source\\PSoC5\\cymetadata.c"
 1167              		.section	.debug_info,"",%progbits
 1168              	.Ldebug_info0:
 1169 0000 31010000 		.4byte	0x131
 1170 0004 0400     		.2byte	0x4
 1171 0006 00000000 		.4byte	.Ldebug_abbrev0
 1172 000a 04       		.byte	0x4
 1173 000b 01       		.uleb128 0x1
 1174 000c 24000000 		.4byte	.LASF17
 1175 0010 0C       		.byte	0xc
 1176 0011 E8010000 		.4byte	.LASF18
 1177 0015 B2000000 		.4byte	.LASF19
 1178 0019 00000000 		.4byte	.Ldebug_line0
 1179 001d 02       		.uleb128 0x2
 1180 001e 01       		.byte	0x1
 1181 001f 06       		.byte	0x6
 1182 0020 DC010000 		.4byte	.LASF0
 1183 0024 03       		.uleb128 0x3
 1184 0025 00000000 		.4byte	.LASF9
 1185 0029 01       		.byte	0x1
 1186 002a 1D       		.byte	0x1d
 1187 002b 2F000000 		.4byte	0x2f
 1188 002f 02       		.uleb128 0x2
 1189 0030 01       		.byte	0x1
 1190 0031 08       		.byte	0x8
 1191 0032 16000000 		.4byte	.LASF1
 1192 0036 02       		.uleb128 0x2
 1193 0037 02       		.byte	0x2
ARM GAS  C:\Users\DHEERA~1\AppData\Local\Temp\cc45Lazw.s 			page 22


 1194 0038 05       		.byte	0x5
 1195 0039 C9010000 		.4byte	.LASF2
 1196 003d 02       		.uleb128 0x2
 1197 003e 02       		.byte	0x2
 1198 003f 07       		.byte	0x7
 1199 0040 1C010000 		.4byte	.LASF3
 1200 0044 02       		.uleb128 0x2
 1201 0045 04       		.byte	0x4
 1202 0046 05       		.byte	0x5
 1203 0047 D3010000 		.4byte	.LASF4
 1204 004b 02       		.uleb128 0x2
 1205 004c 04       		.byte	0x4
 1206 004d 07       		.byte	0x7
 1207 004e 2F010000 		.4byte	.LASF5
 1208 0052 02       		.uleb128 0x2
 1209 0053 08       		.byte	0x8
 1210 0054 05       		.byte	0x5
 1211 0055 BB010000 		.4byte	.LASF6
 1212 0059 02       		.uleb128 0x2
 1213 005a 08       		.byte	0x8
 1214 005b 07       		.byte	0x7
 1215 005c 70010000 		.4byte	.LASF7
 1216 0060 04       		.uleb128 0x4
 1217 0061 04       		.byte	0x4
 1218 0062 05       		.byte	0x5
 1219 0063 696E7400 		.ascii	"int\000"
 1220 0067 02       		.uleb128 0x2
 1221 0068 04       		.byte	0x4
 1222 0069 07       		.byte	0x7
 1223 006a 63010000 		.4byte	.LASF8
 1224 006e 03       		.uleb128 0x3
 1225 006f 87010000 		.4byte	.LASF10
 1226 0073 02       		.byte	0x2
 1227 0074 18       		.byte	0x18
 1228 0075 24000000 		.4byte	0x24
 1229 0079 05       		.uleb128 0x5
 1230 007a 91000000 		.4byte	0x91
 1231 007e 8A000000 		.4byte	0x8a
 1232 0082 06       		.uleb128 0x6
 1233 0083 8A000000 		.4byte	0x8a
 1234 0087 4304     		.2byte	0x443
 1235 0089 00       		.byte	0
 1236 008a 02       		.uleb128 0x2
 1237 008b 04       		.byte	0x4
 1238 008c 07       		.byte	0x7
 1239 008d B2010000 		.4byte	.LASF11
 1240 0091 07       		.uleb128 0x7
 1241 0092 6E000000 		.4byte	0x6e
 1242 0096 08       		.uleb128 0x8
 1243 0097 51010000 		.4byte	.LASF12
 1244 009b 03       		.byte	0x3
 1245 009c 1F       		.byte	0x1f
 1246 009d A7000000 		.4byte	0xa7
 1247 00a1 05       		.uleb128 0x5
 1248 00a2 03       		.byte	0x3
 1249 00a3 00000000 		.4byte	cy_meta_configecc
 1250 00a7 07       		.uleb128 0x7
ARM GAS  C:\Users\DHEERA~1\AppData\Local\Temp\cc45Lazw.s 			page 23


 1251 00a8 79000000 		.4byte	0x79
 1252 00ac 05       		.uleb128 0x5
 1253 00ad 91000000 		.4byte	0x91
 1254 00b1 BC000000 		.4byte	0xbc
 1255 00b5 09       		.uleb128 0x9
 1256 00b6 8A000000 		.4byte	0x8a
 1257 00ba 03       		.byte	0x3
 1258 00bb 00       		.byte	0
 1259 00bc 08       		.uleb128 0x8
 1260 00bd 41010000 		.4byte	.LASF13
 1261 00c1 03       		.byte	0x3
 1262 00c2 B5       		.byte	0xb5
 1263 00c3 CD000000 		.4byte	0xcd
 1264 00c7 05       		.uleb128 0x5
 1265 00c8 03       		.byte	0x3
 1266 00c9 00000000 		.4byte	cy_meta_custnvl
 1267 00cd 07       		.uleb128 0x7
 1268 00ce AC000000 		.4byte	0xac
 1269 00d2 08       		.uleb128 0x8
 1270 00d3 A4010000 		.4byte	.LASF14
 1271 00d7 03       		.byte	0x3
 1272 00d8 C3       		.byte	0xc3
 1273 00d9 E3000000 		.4byte	0xe3
 1274 00dd 05       		.uleb128 0x5
 1275 00de 03       		.byte	0x3
 1276 00df 00000000 		.4byte	cy_meta_wonvl
 1277 00e3 07       		.uleb128 0x7
 1278 00e4 AC000000 		.4byte	0xac
 1279 00e8 05       		.uleb128 0x5
 1280 00e9 91000000 		.4byte	0x91
 1281 00ed F8000000 		.4byte	0xf8
 1282 00f1 09       		.uleb128 0x9
 1283 00f2 8A000000 		.4byte	0x8a
 1284 00f6 FF       		.byte	0xff
 1285 00f7 00       		.byte	0
 1286 00f8 08       		.uleb128 0x8
 1287 00f9 8F010000 		.4byte	.LASF15
 1288 00fd 03       		.byte	0x3
 1289 00fe D1       		.byte	0xd1
 1290 00ff 09010000 		.4byte	0x109
 1291 0103 05       		.uleb128 0x5
 1292 0104 03       		.byte	0x3
 1293 0105 00000000 		.4byte	cy_meta_flashprotect
 1294 0109 07       		.uleb128 0x7
 1295 010a E8000000 		.4byte	0xe8
 1296 010e 05       		.uleb128 0x5
 1297 010f 91000000 		.4byte	0x91
 1298 0113 1E010000 		.4byte	0x11e
 1299 0117 09       		.uleb128 0x9
 1300 0118 8A000000 		.4byte	0x8a
 1301 011c 0B       		.byte	0xb
 1302 011d 00       		.byte	0
 1303 011e 08       		.uleb128 0x8
 1304 011f 0A000000 		.4byte	.LASF16
 1305 0123 03       		.byte	0x3
 1306 0124 FE       		.byte	0xfe
 1307 0125 2F010000 		.4byte	0x12f
ARM GAS  C:\Users\DHEERA~1\AppData\Local\Temp\cc45Lazw.s 			page 24


 1308 0129 05       		.uleb128 0x5
 1309 012a 03       		.byte	0x3
 1310 012b 00000000 		.4byte	cy_metadata
 1311 012f 07       		.uleb128 0x7
 1312 0130 0E010000 		.4byte	0x10e
 1313 0134 00       		.byte	0
 1314              		.section	.debug_abbrev,"",%progbits
 1315              	.Ldebug_abbrev0:
 1316 0000 01       		.uleb128 0x1
 1317 0001 11       		.uleb128 0x11
 1318 0002 01       		.byte	0x1
 1319 0003 25       		.uleb128 0x25
 1320 0004 0E       		.uleb128 0xe
 1321 0005 13       		.uleb128 0x13
 1322 0006 0B       		.uleb128 0xb
 1323 0007 03       		.uleb128 0x3
 1324 0008 0E       		.uleb128 0xe
 1325 0009 1B       		.uleb128 0x1b
 1326 000a 0E       		.uleb128 0xe
 1327 000b 10       		.uleb128 0x10
 1328 000c 17       		.uleb128 0x17
 1329 000d 00       		.byte	0
 1330 000e 00       		.byte	0
 1331 000f 02       		.uleb128 0x2
 1332 0010 24       		.uleb128 0x24
 1333 0011 00       		.byte	0
 1334 0012 0B       		.uleb128 0xb
 1335 0013 0B       		.uleb128 0xb
 1336 0014 3E       		.uleb128 0x3e
 1337 0015 0B       		.uleb128 0xb
 1338 0016 03       		.uleb128 0x3
 1339 0017 0E       		.uleb128 0xe
 1340 0018 00       		.byte	0
 1341 0019 00       		.byte	0
 1342 001a 03       		.uleb128 0x3
 1343 001b 16       		.uleb128 0x16
 1344 001c 00       		.byte	0
 1345 001d 03       		.uleb128 0x3
 1346 001e 0E       		.uleb128 0xe
 1347 001f 3A       		.uleb128 0x3a
 1348 0020 0B       		.uleb128 0xb
 1349 0021 3B       		.uleb128 0x3b
 1350 0022 0B       		.uleb128 0xb
 1351 0023 49       		.uleb128 0x49
 1352 0024 13       		.uleb128 0x13
 1353 0025 00       		.byte	0
 1354 0026 00       		.byte	0
 1355 0027 04       		.uleb128 0x4
 1356 0028 24       		.uleb128 0x24
 1357 0029 00       		.byte	0
 1358 002a 0B       		.uleb128 0xb
 1359 002b 0B       		.uleb128 0xb
 1360 002c 3E       		.uleb128 0x3e
 1361 002d 0B       		.uleb128 0xb
 1362 002e 03       		.uleb128 0x3
 1363 002f 08       		.uleb128 0x8
 1364 0030 00       		.byte	0
ARM GAS  C:\Users\DHEERA~1\AppData\Local\Temp\cc45Lazw.s 			page 25


 1365 0031 00       		.byte	0
 1366 0032 05       		.uleb128 0x5
 1367 0033 01       		.uleb128 0x1
 1368 0034 01       		.byte	0x1
 1369 0035 49       		.uleb128 0x49
 1370 0036 13       		.uleb128 0x13
 1371 0037 01       		.uleb128 0x1
 1372 0038 13       		.uleb128 0x13
 1373 0039 00       		.byte	0
 1374 003a 00       		.byte	0
 1375 003b 06       		.uleb128 0x6
 1376 003c 21       		.uleb128 0x21
 1377 003d 00       		.byte	0
 1378 003e 49       		.uleb128 0x49
 1379 003f 13       		.uleb128 0x13
 1380 0040 2F       		.uleb128 0x2f
 1381 0041 05       		.uleb128 0x5
 1382 0042 00       		.byte	0
 1383 0043 00       		.byte	0
 1384 0044 07       		.uleb128 0x7
 1385 0045 26       		.uleb128 0x26
 1386 0046 00       		.byte	0
 1387 0047 49       		.uleb128 0x49
 1388 0048 13       		.uleb128 0x13
 1389 0049 00       		.byte	0
 1390 004a 00       		.byte	0
 1391 004b 08       		.uleb128 0x8
 1392 004c 34       		.uleb128 0x34
 1393 004d 00       		.byte	0
 1394 004e 03       		.uleb128 0x3
 1395 004f 0E       		.uleb128 0xe
 1396 0050 3A       		.uleb128 0x3a
 1397 0051 0B       		.uleb128 0xb
 1398 0052 3B       		.uleb128 0x3b
 1399 0053 0B       		.uleb128 0xb
 1400 0054 49       		.uleb128 0x49
 1401 0055 13       		.uleb128 0x13
 1402 0056 3F       		.uleb128 0x3f
 1403 0057 19       		.uleb128 0x19
 1404 0058 02       		.uleb128 0x2
 1405 0059 18       		.uleb128 0x18
 1406 005a 00       		.byte	0
 1407 005b 00       		.byte	0
 1408 005c 09       		.uleb128 0x9
 1409 005d 21       		.uleb128 0x21
 1410 005e 00       		.byte	0
 1411 005f 49       		.uleb128 0x49
 1412 0060 13       		.uleb128 0x13
 1413 0061 2F       		.uleb128 0x2f
 1414 0062 0B       		.uleb128 0xb
 1415 0063 00       		.byte	0
 1416 0064 00       		.byte	0
 1417 0065 00       		.byte	0
 1418              		.section	.debug_aranges,"",%progbits
 1419 0000 14000000 		.4byte	0x14
 1420 0004 0200     		.2byte	0x2
 1421 0006 00000000 		.4byte	.Ldebug_info0
ARM GAS  C:\Users\DHEERA~1\AppData\Local\Temp\cc45Lazw.s 			page 26


 1422 000a 04       		.byte	0x4
 1423 000b 00       		.byte	0
 1424 000c 0000     		.2byte	0
 1425 000e 0000     		.2byte	0
 1426 0010 00000000 		.4byte	0
 1427 0014 00000000 		.4byte	0
 1428              		.section	.debug_line,"",%progbits
 1429              	.Ldebug_line0:
 1430 0000 05010000 		.section	.debug_str,"MS",%progbits,1
 1430      0200FF00 
 1430      00000201 
 1430      FB0E0D00 
 1430      01010101 
 1431              	.LASF9:
 1432 0000 5F5F7569 		.ascii	"__uint8_t\000"
 1432      6E74385F 
 1432      7400
 1433              	.LASF16:
 1434 000a 63795F6D 		.ascii	"cy_metadata\000"
 1434      65746164 
 1434      61746100 
 1435              	.LASF1:
 1436 0016 756E7369 		.ascii	"unsigned char\000"
 1436      676E6564 
 1436      20636861 
 1436      7200
 1437              	.LASF17:
 1438 0024 474E5520 		.ascii	"GNU C11 5.4.1 20160609 (release) [ARM/embedded-5-br"
 1438      43313120 
 1438      352E342E 
 1438      31203230 
 1438      31363036 
 1439 0057 616E6368 		.ascii	"anch revision 237715] -mcpu=cortex-m3 -mthumb -g -O"
 1439      20726576 
 1439      6973696F 
 1439      6E203233 
 1439      37373135 
 1440 008a 67202D66 		.ascii	"g -ffunction-sections -ffat-lto-objects\000"
 1440      66756E63 
 1440      74696F6E 
 1440      2D736563 
 1440      74696F6E 
 1441              	.LASF19:
 1442 00b2 443A5C4D 		.ascii	"D:\\MS\\HDA\\Embedded\\Second_sem\\System_Driven_Ha"
 1442      535C4844 
 1442      415C456D 
 1442      62656464 
 1442      65645C53 
 1443 00e0 72647761 		.ascii	"rdware_Design\\Lab5\\v7\\Final_Design.cydsn\\Final_"
 1443      72655F44 
 1443      65736967 
 1443      6E5C4C61 
 1443      62355C76 
 1444 010f 44657369 		.ascii	"Design.cydsn\000"
 1444      676E2E63 
 1444      7964736E 
 1444      00
ARM GAS  C:\Users\DHEERA~1\AppData\Local\Temp\cc45Lazw.s 			page 27


 1445              	.LASF3:
 1446 011c 73686F72 		.ascii	"short unsigned int\000"
 1446      7420756E 
 1446      7369676E 
 1446      65642069 
 1446      6E7400
 1447              	.LASF5:
 1448 012f 6C6F6E67 		.ascii	"long unsigned int\000"
 1448      20756E73 
 1448      69676E65 
 1448      6420696E 
 1448      7400
 1449              	.LASF13:
 1450 0141 63795F6D 		.ascii	"cy_meta_custnvl\000"
 1450      6574615F 
 1450      63757374 
 1450      6E766C00 
 1451              	.LASF12:
 1452 0151 63795F6D 		.ascii	"cy_meta_configecc\000"
 1452      6574615F 
 1452      636F6E66 
 1452      69676563 
 1452      6300
 1453              	.LASF8:
 1454 0163 756E7369 		.ascii	"unsigned int\000"
 1454      676E6564 
 1454      20696E74 
 1454      00
 1455              	.LASF7:
 1456 0170 6C6F6E67 		.ascii	"long long unsigned int\000"
 1456      206C6F6E 
 1456      6720756E 
 1456      7369676E 
 1456      65642069 
 1457              	.LASF10:
 1458 0187 75696E74 		.ascii	"uint8_t\000"
 1458      385F7400 
 1459              	.LASF15:
 1460 018f 63795F6D 		.ascii	"cy_meta_flashprotect\000"
 1460      6574615F 
 1460      666C6173 
 1460      6870726F 
 1460      74656374 
 1461              	.LASF14:
 1462 01a4 63795F6D 		.ascii	"cy_meta_wonvl\000"
 1462      6574615F 
 1462      776F6E76 
 1462      6C00
 1463              	.LASF11:
 1464 01b2 73697A65 		.ascii	"sizetype\000"
 1464      74797065 
 1464      00
 1465              	.LASF6:
 1466 01bb 6C6F6E67 		.ascii	"long long int\000"
 1466      206C6F6E 
 1466      6720696E 
 1466      7400
ARM GAS  C:\Users\DHEERA~1\AppData\Local\Temp\cc45Lazw.s 			page 28


 1467              	.LASF2:
 1468 01c9 73686F72 		.ascii	"short int\000"
 1468      7420696E 
 1468      7400
 1469              	.LASF4:
 1470 01d3 6C6F6E67 		.ascii	"long int\000"
 1470      20696E74 
 1470      00
 1471              	.LASF0:
 1472 01dc 7369676E 		.ascii	"signed char\000"
 1472      65642063 
 1472      68617200 
 1473              	.LASF18:
 1474 01e8 47656E65 		.ascii	"Generated_Source\\PSoC5\\cymetadata.c\000"
 1474      72617465 
 1474      645F536F 
 1474      75726365 
 1474      5C50536F 
 1475              		.ident	"GCC: (GNU Tools for ARM Embedded Processors) 5.4.1 20160609 (release) [ARM/embedded-5-bran
