ARM GAS  C:\Users\DHEERA~1\AppData\Local\Temp\ccg8EIbU.s 			page 1


   1              		.syntax unified
   2              		.cpu cortex-m3
   3              		.fpu softvfp
   4              		.eabi_attribute 20, 1
   5              		.eabi_attribute 21, 1
   6              		.eabi_attribute 23, 3
   7              		.eabi_attribute 24, 1
   8              		.eabi_attribute 25, 1
   9              		.eabi_attribute 26, 1
  10              		.eabi_attribute 30, 1
  11              		.eabi_attribute 34, 1
  12              		.eabi_attribute 18, 4
  13              		.thumb
  14              		.syntax unified
  15              		.file	"fft_application.c"
  16              		.text
  17              	.Ltext0:
  18              		.cfi_sections	.debug_frame
  19              		.section	.text.fft_app,"ax",%progbits
  20              		.align	2
  21              		.global	fft_app
  22              		.thumb
  23              		.thumb_func
  24              		.type	fft_app, %function
  25              	fft_app:
  26              	.LFB119:
  27              		.file 1 "fft_application.c"
   1:fft_application.c **** #include "fft_application.h"
   2:fft_application.c **** #include <stdlib.h>
   3:fft_application.c **** #include "arm_math.h"
   4:fft_application.c **** #include "cfar.h"
   5:fft_application.c **** #include "project.h"
   6:fft_application.c **** 
   7:fft_application.c **** void fft_app(uint16 *adc_samples, int32 *fft_output, uint16 no_of_samples)
   8:fft_application.c **** {
  28              		.loc 1 8 0
  29              		.cfi_startproc
  30              		@ args = 0, pretend = 0, frame = 24
  31              		@ frame_needed = 0, uses_anonymous_args = 0
  32              	.LVL0:
  33 0000 2DE9F041 		push	{r4, r5, r6, r7, r8, lr}
  34              		.cfi_def_cfa_offset 24
  35              		.cfi_offset 4, -24
  36              		.cfi_offset 5, -20
  37              		.cfi_offset 6, -16
  38              		.cfi_offset 7, -12
  39              		.cfi_offset 8, -8
  40              		.cfi_offset 14, -4
  41 0004 86B0     		sub	sp, sp, #24
  42              		.cfi_def_cfa_offset 48
  43 0006 0546     		mov	r5, r0
  44 0008 0F46     		mov	r7, r1
  45 000a 1446     		mov	r4, r2
  46              	.LVL1:
   9:fft_application.c ****     int32 *fft_input = NULL; /**< Buffer for FFT input */
  10:fft_application.c ****     
  11:fft_application.c ****     arm_status status;
ARM GAS  C:\Users\DHEERA~1\AppData\Local\Temp\ccg8EIbU.s 			page 2


  12:fft_application.c ****     arm_rfft_instance_q31 fft_instance;
  13:fft_application.c ****     
  14:fft_application.c ****     status = arm_rfft_init_q31(&fft_instance, no_of_samples, 0, 1); /**< Initialize RFFT */
  47              		.loc 1 14 0
  48 000c 0123     		movs	r3, #1
  49 000e 0022     		movs	r2, #0
  50              	.LVL2:
  51 0010 2146     		mov	r1, r4
  52              	.LVL3:
  53 0012 6846     		mov	r0, sp
  54              	.LVL4:
  55 0014 FFF7FEFF 		bl	arm_rfft_init_q31
  56              	.LVL5:
  15:fft_application.c ****     if (status != ARM_MATH_SUCCESS)
  57              		.loc 1 15 0
  58 0018 98BB     		cbnz	r0, .L1
  16:fft_application.c ****     {
  17:fft_application.c ****         return;
  18:fft_application.c ****     }
  19:fft_application.c **** 
  20:fft_application.c ****     fft_input = (int32*)malloc(no_of_samples * sizeof(int32));
  59              		.loc 1 20 0
  60 001a A000     		lsls	r0, r4, #2
  61              	.LVL6:
  62 001c FFF7FEFF 		bl	malloc
  63              	.LVL7:
  21:fft_application.c ****     if (fft_input == NULL)
  64              		.loc 1 21 0
  65 0020 0646     		mov	r6, r0
  66 0022 70B3     		cbz	r0, .L1
  67 0024 0022     		movs	r2, #0
  68 0026 07E0     		b	.L3
  69              	.LVL8:
  70              	.L4:
  71              	.LBB2:
  22:fft_application.c ****     {
  23:fft_application.c ****         return;
  24:fft_application.c ****     }
  25:fft_application.c **** 
  26:fft_application.c ****     /**< Convert ADC values to signed Q31 format */
  27:fft_application.c ****     for (int i = 0; i < no_of_samples; i++)
  28:fft_application.c ****     {
  29:fft_application.c ****         fft_input[i] = ((int32)adc_samples[i] - 2048) << 19;
  72              		.loc 1 29 0 discriminator 3
  73 0028 35F81230 		ldrh	r3, [r5, r2, lsl #1]
  74 002c A3F50063 		sub	r3, r3, #2048
  75 0030 DB04     		lsls	r3, r3, #19
  76 0032 46F82230 		str	r3, [r6, r2, lsl #2]
  27:fft_application.c ****     {
  77              		.loc 1 27 0 discriminator 3
  78 0036 0132     		adds	r2, r2, #1
  79              	.LVL9:
  80              	.L3:
  27:fft_application.c ****     {
  81              		.loc 1 27 0 is_stmt 0 discriminator 1
  82 0038 A046     		mov	r8, r4
  83 003a A242     		cmp	r2, r4
ARM GAS  C:\Users\DHEERA~1\AppData\Local\Temp\ccg8EIbU.s 			page 3


  84 003c F4DB     		blt	.L4
  85              	.LBE2:
  30:fft_application.c ****     }
  31:fft_application.c **** 
  32:fft_application.c ****     arm_rfft_q31(&fft_instance, (q31_t*)fft_input, (q31_t*)fft_output); /**< Compute FFT */
  86              		.loc 1 32 0 is_stmt 1
  87 003e 3A46     		mov	r2, r7
  88              	.LVL10:
  89 0040 3146     		mov	r1, r6
  90 0042 6846     		mov	r0, sp
  91              	.LVL11:
  92 0044 FFF7FEFF 		bl	arm_rfft_q31
  93              	.LVL12:
  33:fft_application.c ****     free(fft_input);
  94              		.loc 1 33 0
  95 0048 3046     		mov	r0, r6
  96 004a FFF7FEFF 		bl	free
  97              	.LVL13:
  34:fft_application.c ****     
  35:fft_application.c ****     run_cfar((int32_t*)fft_output, no_of_samples); /**< Run CFAR detection */
  98              		.loc 1 35 0
  99 004e 2146     		mov	r1, r4
 100 0050 3846     		mov	r0, r7
 101 0052 FFF7FEFF 		bl	run_cfar
 102              	.LVL14:
 103              	.LBB3:
  36:fft_application.c **** 
  37:fft_application.c ****     uint8_t detectionFound = 0; /**< Flag to indicate detection */
  38:fft_application.c ****     for (int i = 0; i < no_of_samples; i++)
 104              		.loc 1 38 0
 105 0056 0023     		movs	r3, #0
 106 0058 08E0     		b	.L5
 107              	.LVL15:
 108              	.L8:
  39:fft_application.c ****     {
  40:fft_application.c ****         if (cfar_output[i])
 109              		.loc 1 40 0
 110 005a 0B4A     		ldr	r2, .L13
 111 005c D25C     		ldrb	r2, [r2, r3]	@ zero_extendqisi2
 112 005e 22B1     		cbz	r2, .L6
 113              	.LVL16:
  41:fft_application.c ****         {
  42:fft_application.c ****             detectionFound = 1;
  43:fft_application.c ****             led_red_Write(1); //new
 114              		.loc 1 43 0
 115 0060 0120     		movs	r0, #1
 116 0062 FFF7FEFF 		bl	led_red_Write
 117              	.LVL17:
  42:fft_application.c ****             led_red_Write(1); //new
 118              		.loc 1 42 0
 119 0066 0123     		movs	r3, #1
  44:fft_application.c ****             break;
 120              		.loc 1 44 0
 121 0068 03E0     		b	.L7
 122              	.LVL18:
 123              	.L6:
  38:fft_application.c ****     {
ARM GAS  C:\Users\DHEERA~1\AppData\Local\Temp\ccg8EIbU.s 			page 4


 124              		.loc 1 38 0 discriminator 2
 125 006a 0133     		adds	r3, r3, #1
 126              	.LVL19:
 127              	.L5:
  38:fft_application.c ****     {
 128              		.loc 1 38 0 is_stmt 0 discriminator 1
 129 006c 4345     		cmp	r3, r8
 130 006e F4DB     		blt	.L8
 131              	.LBE3:
  37:fft_application.c ****     for (int i = 0; i < no_of_samples; i++)
 132              		.loc 1 37 0 is_stmt 1
 133 0070 0023     		movs	r3, #0
 134              	.LVL20:
 135              	.L7:
  45:fft_application.c ****         }
  46:fft_application.c ****     }
  47:fft_application.c **** 
  48:fft_application.c ****     if (detectionFound)
 136              		.loc 1 48 0
 137 0072 1BB1     		cbz	r3, .L9
  49:fft_application.c ****     {
  50:fft_application.c ****         led_red_Write(1);  // Turn ON red LED
 138              		.loc 1 50 0
 139 0074 0120     		movs	r0, #1
 140 0076 FFF7FEFF 		bl	led_red_Write
 141              	.LVL21:
 142 007a 02E0     		b	.L1
 143              	.LVL22:
 144              	.L9:
  51:fft_application.c ****     }
  52:fft_application.c ****     else
  53:fft_application.c ****     {
  54:fft_application.c ****         led_red_Write(0);  // Turn OFF red LED
 145              		.loc 1 54 0
 146 007c 0020     		movs	r0, #0
 147 007e FFF7FEFF 		bl	led_red_Write
 148              	.LVL23:
 149              	.L1:
  55:fft_application.c ****     }
  56:fft_application.c **** }
 150              		.loc 1 56 0
 151 0082 06B0     		add	sp, sp, #24
 152              		.cfi_def_cfa_offset 24
 153              		@ sp needed
 154 0084 BDE8F081 		pop	{r4, r5, r6, r7, r8, pc}
 155              	.LVL24:
 156              	.L14:
 157              		.align	2
 158              	.L13:
 159 0088 00000000 		.word	cfar_output
 160              		.cfi_endproc
 161              	.LFE119:
 162              		.size	fft_app, .-fft_app
 163              		.comm	cfar_output,1024,4
 164              		.text
 165              	.Letext0:
 166              		.file 2 "d:\\psoc creator\\4.4\\psoc creator\\import\\gnu\\arm\\5.4.1\\arm-none-eabi\\include\\mac
ARM GAS  C:\Users\DHEERA~1\AppData\Local\Temp\ccg8EIbU.s 			page 5


 167              		.file 3 "d:\\psoc creator\\4.4\\psoc creator\\import\\gnu\\arm\\5.4.1\\arm-none-eabi\\include\\sys
 168              		.file 4 "Generated_Source\\PSoC5/cytypes.h"
 169              		.file 5 ".\\fft_application/arm_math.h"
 170              		.file 6 "Generated_Source\\PSoC5/core_cm3.h"
 171              		.file 7 "cfar.h"
 172              		.file 8 "Generated_Source\\PSoC5/led_red.h"
 173              		.file 9 "d:\\psoc creator\\4.4\\psoc creator\\import\\gnu\\arm\\5.4.1\\arm-none-eabi\\include\\std
 174              		.section	.debug_info,"",%progbits
 175              	.Ldebug_info0:
 176 0000 1D040000 		.4byte	0x41d
 177 0004 0400     		.2byte	0x4
 178 0006 00000000 		.4byte	.Ldebug_abbrev0
 179 000a 04       		.byte	0x4
 180 000b 01       		.uleb128 0x1
 181 000c 4D030000 		.4byte	.LASF61
 182 0010 0C       		.byte	0xc
 183 0011 F1030000 		.4byte	.LASF62
 184 0015 19020000 		.4byte	.LASF63
 185 0019 00000000 		.4byte	.Ldebug_ranges0+0
 186 001d 00000000 		.4byte	0
 187 0021 00000000 		.4byte	.Ldebug_line0
 188 0025 02       		.uleb128 0x2
 189 0026 01       		.byte	0x1
 190 0027 06       		.byte	0x6
 191 0028 64010000 		.4byte	.LASF0
 192 002c 03       		.uleb128 0x3
 193 002d 2E010000 		.4byte	.LASF3
 194 0031 02       		.byte	0x2
 195 0032 1D       		.byte	0x1d
 196 0033 37000000 		.4byte	0x37
 197 0037 02       		.uleb128 0x2
 198 0038 01       		.byte	0x1
 199 0039 08       		.byte	0x8
 200 003a 44010000 		.4byte	.LASF1
 201 003e 02       		.uleb128 0x2
 202 003f 02       		.byte	0x2
 203 0040 05       		.byte	0x5
 204 0041 55000000 		.4byte	.LASF2
 205 0045 03       		.uleb128 0x3
 206 0046 AF000000 		.4byte	.LASF4
 207 004a 02       		.byte	0x2
 208 004b 2B       		.byte	0x2b
 209 004c 50000000 		.4byte	0x50
 210 0050 02       		.uleb128 0x2
 211 0051 02       		.byte	0x2
 212 0052 07       		.byte	0x7
 213 0053 B5010000 		.4byte	.LASF5
 214 0057 03       		.uleb128 0x3
 215 0058 EA020000 		.4byte	.LASF6
 216 005c 02       		.byte	0x2
 217 005d 3F       		.byte	0x3f
 218 005e 62000000 		.4byte	0x62
 219 0062 02       		.uleb128 0x2
 220 0063 04       		.byte	0x4
 221 0064 05       		.byte	0x5
 222 0065 17010000 		.4byte	.LASF7
 223 0069 03       		.uleb128 0x3
ARM GAS  C:\Users\DHEERA~1\AppData\Local\Temp\ccg8EIbU.s 			page 6


 224 006a A4000000 		.4byte	.LASF8
 225 006e 02       		.byte	0x2
 226 006f 41       		.byte	0x41
 227 0070 74000000 		.4byte	0x74
 228 0074 02       		.uleb128 0x2
 229 0075 04       		.byte	0x4
 230 0076 07       		.byte	0x7
 231 0077 8E020000 		.4byte	.LASF9
 232 007b 02       		.uleb128 0x2
 233 007c 08       		.byte	0x8
 234 007d 05       		.byte	0x5
 235 007e FE000000 		.4byte	.LASF10
 236 0082 02       		.uleb128 0x2
 237 0083 08       		.byte	0x8
 238 0084 07       		.byte	0x7
 239 0085 70010000 		.4byte	.LASF11
 240 0089 04       		.uleb128 0x4
 241 008a 04       		.byte	0x4
 242 008b 05       		.byte	0x5
 243 008c 696E7400 		.ascii	"int\000"
 244 0090 02       		.uleb128 0x2
 245 0091 04       		.byte	0x4
 246 0092 07       		.byte	0x7
 247 0093 90010000 		.4byte	.LASF12
 248 0097 03       		.uleb128 0x3
 249 0098 CE000000 		.4byte	.LASF13
 250 009c 03       		.byte	0x3
 251 009d 18       		.byte	0x18
 252 009e 2C000000 		.4byte	0x2c
 253 00a2 03       		.uleb128 0x3
 254 00a3 9D010000 		.4byte	.LASF14
 255 00a7 03       		.byte	0x3
 256 00a8 24       		.byte	0x24
 257 00a9 45000000 		.4byte	0x45
 258 00ad 03       		.uleb128 0x3
 259 00ae F8010000 		.4byte	.LASF15
 260 00b2 03       		.byte	0x3
 261 00b3 2C       		.byte	0x2c
 262 00b4 57000000 		.4byte	0x57
 263 00b8 03       		.uleb128 0x3
 264 00b9 87010000 		.4byte	.LASF16
 265 00bd 03       		.byte	0x3
 266 00be 30       		.byte	0x30
 267 00bf 69000000 		.4byte	0x69
 268 00c3 05       		.uleb128 0x5
 269 00c4 BA000000 		.4byte	.LASF17
 270 00c8 04       		.byte	0x4
 271 00c9 EA01     		.2byte	0x1ea
 272 00cb 50000000 		.4byte	0x50
 273 00cf 05       		.uleb128 0x5
 274 00d0 B7020000 		.4byte	.LASF18
 275 00d4 04       		.byte	0x4
 276 00d5 EE01     		.2byte	0x1ee
 277 00d7 62000000 		.4byte	0x62
 278 00db 02       		.uleb128 0x2
 279 00dc 04       		.byte	0x4
 280 00dd 04       		.byte	0x4
ARM GAS  C:\Users\DHEERA~1\AppData\Local\Temp\ccg8EIbU.s 			page 7


 281 00de E2000000 		.4byte	.LASF19
 282 00e2 02       		.uleb128 0x2
 283 00e3 08       		.byte	0x8
 284 00e4 04       		.byte	0x4
 285 00e5 BD020000 		.4byte	.LASF20
 286 00e9 02       		.uleb128 0x2
 287 00ea 01       		.byte	0x1
 288 00eb 08       		.byte	0x8
 289 00ec DD010000 		.4byte	.LASF21
 290 00f0 02       		.uleb128 0x2
 291 00f1 08       		.byte	0x8
 292 00f2 04       		.byte	0x4
 293 00f3 38010000 		.4byte	.LASF22
 294 00f7 02       		.uleb128 0x2
 295 00f8 04       		.byte	0x4
 296 00f9 07       		.byte	0x7
 297 00fa 66000000 		.4byte	.LASF23
 298 00fe 06       		.uleb128 0x6
 299 00ff 01       		.byte	0x1
 300 0100 25000000 		.4byte	0x25
 301 0104 05       		.byte	0x5
 302 0105 9001     		.2byte	0x190
 303 0107 36010000 		.4byte	0x136
 304 010b 07       		.uleb128 0x7
 305 010c 93000000 		.4byte	.LASF24
 306 0110 00       		.byte	0
 307 0111 08       		.uleb128 0x8
 308 0112 00030000 		.4byte	.LASF25
 309 0116 7F       		.sleb128 -1
 310 0117 08       		.uleb128 0x8
 311 0118 DB030000 		.4byte	.LASF26
 312 011c 7E       		.sleb128 -2
 313 011d 08       		.uleb128 0x8
 314 011e A0020000 		.4byte	.LASF27
 315 0122 7D       		.sleb128 -3
 316 0123 08       		.uleb128 0x8
 317 0124 C4020000 		.4byte	.LASF28
 318 0128 7C       		.sleb128 -4
 319 0129 08       		.uleb128 0x8
 320 012a 2A000000 		.4byte	.LASF29
 321 012e 7B       		.sleb128 -5
 322 012f 08       		.uleb128 0x8
 323 0130 18030000 		.4byte	.LASF30
 324 0134 7A       		.sleb128 -6
 325 0135 00       		.byte	0
 326 0136 05       		.uleb128 0x5
 327 0137 4A000000 		.4byte	.LASF31
 328 013b 05       		.byte	0x5
 329 013c 9801     		.2byte	0x198
 330 013e FE000000 		.4byte	0xfe
 331 0142 05       		.uleb128 0x5
 332 0143 10000000 		.4byte	.LASF32
 333 0147 05       		.byte	0x5
 334 0148 A701     		.2byte	0x1a7
 335 014a AD000000 		.4byte	0xad
 336 014e 09       		.uleb128 0x9
 337 014f 04       		.byte	0x4
ARM GAS  C:\Users\DHEERA~1\AppData\Local\Temp\ccg8EIbU.s 			page 8


 338 0150 42010000 		.4byte	0x142
 339 0154 09       		.uleb128 0x9
 340 0155 04       		.byte	0x4
 341 0156 5A010000 		.4byte	0x15a
 342 015a 0A       		.uleb128 0xa
 343 015b A2000000 		.4byte	0xa2
 344 015f 0B       		.uleb128 0xb
 345 0160 10       		.byte	0x10
 346 0161 05       		.byte	0x5
 347 0162 3908     		.2byte	0x839
 348 0164 9D010000 		.4byte	0x19d
 349 0168 0C       		.uleb128 0xc
 350 0169 DB000000 		.4byte	.LASF33
 351 016d 05       		.byte	0x5
 352 016e 3B08     		.2byte	0x83b
 353 0170 A2000000 		.4byte	0xa2
 354 0174 00       		.byte	0
 355 0175 0C       		.uleb128 0xc
 356 0176 E8000000 		.4byte	.LASF34
 357 017a 05       		.byte	0x5
 358 017b 3C08     		.2byte	0x83c
 359 017d 9D010000 		.4byte	0x19d
 360 0181 04       		.byte	0x4
 361 0182 0C       		.uleb128 0xc
 362 0183 C1000000 		.4byte	.LASF35
 363 0187 05       		.byte	0x5
 364 0188 3D08     		.2byte	0x83d
 365 018a 54010000 		.4byte	0x154
 366 018e 08       		.byte	0x8
 367 018f 0C       		.uleb128 0xc
 368 0190 79000000 		.4byte	.LASF36
 369 0194 05       		.byte	0x5
 370 0195 3E08     		.2byte	0x83e
 371 0197 A2000000 		.4byte	0xa2
 372 019b 0C       		.byte	0xc
 373 019c 00       		.byte	0
 374 019d 09       		.uleb128 0x9
 375 019e 04       		.byte	0x4
 376 019f A3010000 		.4byte	0x1a3
 377 01a3 0A       		.uleb128 0xa
 378 01a4 42010000 		.4byte	0x142
 379 01a8 05       		.uleb128 0x5
 380 01a9 E2010000 		.4byte	.LASF37
 381 01ad 05       		.byte	0x5
 382 01ae 3F08     		.2byte	0x83f
 383 01b0 5F010000 		.4byte	0x15f
 384 01b4 0B       		.uleb128 0xb
 385 01b5 18       		.byte	0x18
 386 01b6 05       		.byte	0x5
 387 01b7 7408     		.2byte	0x874
 388 01b9 19020000 		.4byte	0x219
 389 01bd 0C       		.uleb128 0xc
 390 01be 83020000 		.4byte	.LASF38
 391 01c2 05       		.byte	0x5
 392 01c3 7608     		.2byte	0x876
 393 01c5 B8000000 		.4byte	0xb8
 394 01c9 00       		.byte	0
ARM GAS  C:\Users\DHEERA~1\AppData\Local\Temp\ccg8EIbU.s 			page 9


 395 01ca 0C       		.uleb128 0xc
 396 01cb 6F000000 		.4byte	.LASF39
 397 01cf 05       		.byte	0x5
 398 01d0 7708     		.2byte	0x877
 399 01d2 97000000 		.4byte	0x97
 400 01d6 04       		.byte	0x4
 401 01d7 0C       		.uleb128 0xc
 402 01d8 00000000 		.4byte	.LASF40
 403 01dc 05       		.byte	0x5
 404 01dd 7808     		.2byte	0x878
 405 01df 97000000 		.4byte	0x97
 406 01e3 05       		.byte	0x5
 407 01e4 0C       		.uleb128 0xc
 408 01e5 52010000 		.4byte	.LASF41
 409 01e9 05       		.byte	0x5
 410 01ea 7908     		.2byte	0x879
 411 01ec B8000000 		.4byte	0xb8
 412 01f0 08       		.byte	0x8
 413 01f1 0C       		.uleb128 0xc
 414 01f2 CF010000 		.4byte	.LASF42
 415 01f6 05       		.byte	0x5
 416 01f7 7A08     		.2byte	0x87a
 417 01f9 4E010000 		.4byte	0x14e
 418 01fd 0C       		.byte	0xc
 419 01fe 0C       		.uleb128 0xc
 420 01ff 03040000 		.4byte	.LASF43
 421 0203 05       		.byte	0x5
 422 0204 7B08     		.2byte	0x87b
 423 0206 4E010000 		.4byte	0x14e
 424 020a 10       		.byte	0x10
 425 020b 0C       		.uleb128 0xc
 426 020c A6010000 		.4byte	.LASF44
 427 0210 05       		.byte	0x5
 428 0211 7C08     		.2byte	0x87c
 429 0213 19020000 		.4byte	0x219
 430 0217 14       		.byte	0x14
 431 0218 00       		.byte	0
 432 0219 09       		.uleb128 0x9
 433 021a 04       		.byte	0x4
 434 021b 1F020000 		.4byte	0x21f
 435 021f 0A       		.uleb128 0xa
 436 0220 A8010000 		.4byte	0x1a8
 437 0224 05       		.uleb128 0x5
 438 0225 D4020000 		.4byte	.LASF45
 439 0229 05       		.byte	0x5
 440 022a 7D08     		.2byte	0x87d
 441 022c B4010000 		.4byte	0x1b4
 442 0230 0D       		.uleb128 0xd
 443 0231 22000000 		.4byte	.LASF64
 444 0235 01       		.byte	0x1
 445 0236 07       		.byte	0x7
 446 0237 00000000 		.4byte	.LFB119
 447 023b 8C000000 		.4byte	.LFE119-.LFB119
 448 023f 01       		.uleb128 0x1
 449 0240 9C       		.byte	0x9c
 450 0241 9D030000 		.4byte	0x39d
 451 0245 0E       		.uleb128 0xe
ARM GAS  C:\Users\DHEERA~1\AppData\Local\Temp\ccg8EIbU.s 			page 10


 452 0246 16000000 		.4byte	.LASF46
 453 024a 01       		.byte	0x1
 454 024b 07       		.byte	0x7
 455 024c 9D030000 		.4byte	0x39d
 456 0250 00000000 		.4byte	.LLST0
 457 0254 0E       		.uleb128 0xe
 458 0255 0C010000 		.4byte	.LASF47
 459 0259 01       		.byte	0x1
 460 025a 07       		.byte	0x7
 461 025b A3030000 		.4byte	0x3a3
 462 025f 2C000000 		.4byte	.LLST1
 463 0263 0E       		.uleb128 0xe
 464 0264 20010000 		.4byte	.LASF48
 465 0268 01       		.byte	0x1
 466 0269 07       		.byte	0x7
 467 026a C3000000 		.4byte	0xc3
 468 026e 58000000 		.4byte	.LLST2
 469 0272 0F       		.uleb128 0xf
 470 0273 00020000 		.4byte	.LASF49
 471 0277 01       		.byte	0x1
 472 0278 09       		.byte	0x9
 473 0279 A3030000 		.4byte	0x3a3
 474 027d 79000000 		.4byte	.LLST3
 475 0281 0F       		.uleb128 0xf
 476 0282 C8010000 		.4byte	.LASF50
 477 0286 01       		.byte	0x1
 478 0287 0B       		.byte	0xb
 479 0288 36010000 		.4byte	0x136
 480 028c A3000000 		.4byte	.LLST4
 481 0290 10       		.uleb128 0x10
 482 0291 F1000000 		.4byte	.LASF51
 483 0295 01       		.byte	0x1
 484 0296 0C       		.byte	0xc
 485 0297 24020000 		.4byte	0x224
 486 029b 02       		.uleb128 0x2
 487 029c 91       		.byte	0x91
 488 029d 50       		.sleb128 -48
 489 029e 0F       		.uleb128 0xf
 490 029f 0A020000 		.4byte	.LASF52
 491 02a3 01       		.byte	0x1
 492 02a4 25       		.byte	0x25
 493 02a5 97000000 		.4byte	0x97
 494 02a9 B6000000 		.4byte	.LLST5
 495 02ad 11       		.uleb128 0x11
 496 02ae 28000000 		.4byte	.LBB2
 497 02b2 16000000 		.4byte	.LBE2-.LBB2
 498 02b6 C8020000 		.4byte	0x2c8
 499 02ba 12       		.uleb128 0x12
 500 02bb 6900     		.ascii	"i\000"
 501 02bd 01       		.byte	0x1
 502 02be 1B       		.byte	0x1b
 503 02bf 89000000 		.4byte	0x89
 504 02c3 F8000000 		.4byte	.LLST6
 505 02c7 00       		.byte	0
 506 02c8 11       		.uleb128 0x11
 507 02c9 56000000 		.4byte	.LBB3
 508 02cd 1A000000 		.4byte	.LBE3-.LBB3
ARM GAS  C:\Users\DHEERA~1\AppData\Local\Temp\ccg8EIbU.s 			page 11


 509 02d1 F2020000 		.4byte	0x2f2
 510 02d5 12       		.uleb128 0x12
 511 02d6 6900     		.ascii	"i\000"
 512 02d8 01       		.byte	0x1
 513 02d9 26       		.byte	0x26
 514 02da 89000000 		.4byte	0x89
 515 02de 0B010000 		.4byte	.LLST7
 516 02e2 13       		.uleb128 0x13
 517 02e3 66000000 		.4byte	.LVL17
 518 02e7 DC030000 		.4byte	0x3dc
 519 02eb 14       		.uleb128 0x14
 520 02ec 01       		.uleb128 0x1
 521 02ed 50       		.byte	0x50
 522 02ee 01       		.uleb128 0x1
 523 02ef 31       		.byte	0x31
 524 02f0 00       		.byte	0
 525 02f1 00       		.byte	0
 526 02f2 15       		.uleb128 0x15
 527 02f3 18000000 		.4byte	.LVL5
 528 02f7 E7030000 		.4byte	0x3e7
 529 02fb 16030000 		.4byte	0x316
 530 02ff 14       		.uleb128 0x14
 531 0300 01       		.uleb128 0x1
 532 0301 50       		.byte	0x50
 533 0302 02       		.uleb128 0x2
 534 0303 7D       		.byte	0x7d
 535 0304 00       		.sleb128 0
 536 0305 14       		.uleb128 0x14
 537 0306 01       		.uleb128 0x1
 538 0307 51       		.byte	0x51
 539 0308 02       		.uleb128 0x2
 540 0309 74       		.byte	0x74
 541 030a 00       		.sleb128 0
 542 030b 14       		.uleb128 0x14
 543 030c 01       		.uleb128 0x1
 544 030d 52       		.byte	0x52
 545 030e 01       		.uleb128 0x1
 546 030f 30       		.byte	0x30
 547 0310 14       		.uleb128 0x14
 548 0311 01       		.uleb128 0x1
 549 0312 53       		.byte	0x53
 550 0313 01       		.uleb128 0x1
 551 0314 31       		.byte	0x31
 552 0315 00       		.byte	0
 553 0316 15       		.uleb128 0x15
 554 0317 20000000 		.4byte	.LVL7
 555 031b F3030000 		.4byte	0x3f3
 556 031f 2C030000 		.4byte	0x32c
 557 0323 14       		.uleb128 0x14
 558 0324 01       		.uleb128 0x1
 559 0325 50       		.byte	0x50
 560 0326 04       		.uleb128 0x4
 561 0327 74       		.byte	0x74
 562 0328 00       		.sleb128 0
 563 0329 32       		.byte	0x32
 564 032a 24       		.byte	0x24
 565 032b 00       		.byte	0
ARM GAS  C:\Users\DHEERA~1\AppData\Local\Temp\ccg8EIbU.s 			page 12


 566 032c 15       		.uleb128 0x15
 567 032d 48000000 		.4byte	.LVL12
 568 0331 FE030000 		.4byte	0x3fe
 569 0335 4C030000 		.4byte	0x34c
 570 0339 14       		.uleb128 0x14
 571 033a 01       		.uleb128 0x1
 572 033b 50       		.byte	0x50
 573 033c 02       		.uleb128 0x2
 574 033d 7D       		.byte	0x7d
 575 033e 00       		.sleb128 0
 576 033f 14       		.uleb128 0x14
 577 0340 01       		.uleb128 0x1
 578 0341 51       		.byte	0x51
 579 0342 02       		.uleb128 0x2
 580 0343 76       		.byte	0x76
 581 0344 00       		.sleb128 0
 582 0345 14       		.uleb128 0x14
 583 0346 01       		.uleb128 0x1
 584 0347 52       		.byte	0x52
 585 0348 02       		.uleb128 0x2
 586 0349 77       		.byte	0x77
 587 034a 00       		.sleb128 0
 588 034b 00       		.byte	0
 589 034c 15       		.uleb128 0x15
 590 034d 4E000000 		.4byte	.LVL13
 591 0351 0A040000 		.4byte	0x40a
 592 0355 60030000 		.4byte	0x360
 593 0359 14       		.uleb128 0x14
 594 035a 01       		.uleb128 0x1
 595 035b 50       		.byte	0x50
 596 035c 02       		.uleb128 0x2
 597 035d 76       		.byte	0x76
 598 035e 00       		.sleb128 0
 599 035f 00       		.byte	0
 600 0360 15       		.uleb128 0x15
 601 0361 56000000 		.4byte	.LVL14
 602 0365 15040000 		.4byte	0x415
 603 0369 7A030000 		.4byte	0x37a
 604 036d 14       		.uleb128 0x14
 605 036e 01       		.uleb128 0x1
 606 036f 50       		.byte	0x50
 607 0370 02       		.uleb128 0x2
 608 0371 77       		.byte	0x77
 609 0372 00       		.sleb128 0
 610 0373 14       		.uleb128 0x14
 611 0374 01       		.uleb128 0x1
 612 0375 51       		.byte	0x51
 613 0376 02       		.uleb128 0x2
 614 0377 74       		.byte	0x74
 615 0378 00       		.sleb128 0
 616 0379 00       		.byte	0
 617 037a 15       		.uleb128 0x15
 618 037b 7A000000 		.4byte	.LVL21
 619 037f DC030000 		.4byte	0x3dc
 620 0383 8D030000 		.4byte	0x38d
 621 0387 14       		.uleb128 0x14
 622 0388 01       		.uleb128 0x1
ARM GAS  C:\Users\DHEERA~1\AppData\Local\Temp\ccg8EIbU.s 			page 13


 623 0389 50       		.byte	0x50
 624 038a 01       		.uleb128 0x1
 625 038b 31       		.byte	0x31
 626 038c 00       		.byte	0
 627 038d 13       		.uleb128 0x13
 628 038e 82000000 		.4byte	.LVL23
 629 0392 DC030000 		.4byte	0x3dc
 630 0396 14       		.uleb128 0x14
 631 0397 01       		.uleb128 0x1
 632 0398 50       		.byte	0x50
 633 0399 01       		.uleb128 0x1
 634 039a 30       		.byte	0x30
 635 039b 00       		.byte	0
 636 039c 00       		.byte	0
 637 039d 09       		.uleb128 0x9
 638 039e 04       		.byte	0x4
 639 039f C3000000 		.4byte	0xc3
 640 03a3 09       		.uleb128 0x9
 641 03a4 04       		.byte	0x4
 642 03a5 CF000000 		.4byte	0xcf
 643 03a9 16       		.uleb128 0x16
 644 03aa 40030000 		.4byte	.LASF53
 645 03ae 06       		.byte	0x6
 646 03af 1207     		.2byte	0x712
 647 03b1 B5030000 		.4byte	0x3b5
 648 03b5 17       		.uleb128 0x17
 649 03b6 AD000000 		.4byte	0xad
 650 03ba 18       		.uleb128 0x18
 651 03bb 97000000 		.4byte	0x97
 652 03bf CB030000 		.4byte	0x3cb
 653 03c3 19       		.uleb128 0x19
 654 03c4 F7000000 		.4byte	0xf7
 655 03c8 FF03     		.2byte	0x3ff
 656 03ca 00       		.byte	0
 657 03cb 1A       		.uleb128 0x1a
 658 03cc F4020000 		.4byte	.LASF54
 659 03d0 07       		.byte	0x7
 660 03d1 08       		.byte	0x8
 661 03d2 BA030000 		.4byte	0x3ba
 662 03d6 05       		.uleb128 0x5
 663 03d7 03       		.byte	0x3
 664 03d8 00000000 		.4byte	cfar_output
 665 03dc 1B       		.uleb128 0x1b
 666 03dd 3C000000 		.4byte	.LASF55
 667 03e1 3C000000 		.4byte	.LASF55
 668 03e5 08       		.byte	0x8
 669 03e6 26       		.byte	0x26
 670 03e7 1C       		.uleb128 0x1c
 671 03e8 2E030000 		.4byte	.LASF56
 672 03ec 2E030000 		.4byte	.LASF56
 673 03f0 05       		.byte	0x5
 674 03f1 7F08     		.2byte	0x87f
 675 03f3 1B       		.uleb128 0x1b
 676 03f4 5F000000 		.4byte	.LASF57
 677 03f8 5F000000 		.4byte	.LASF57
 678 03fc 09       		.byte	0x9
 679 03fd 64       		.byte	0x64
ARM GAS  C:\Users\DHEERA~1\AppData\Local\Temp\ccg8EIbU.s 			page 14


 680 03fe 1C       		.uleb128 0x1c
 681 03ff 86000000 		.4byte	.LASF58
 682 0403 86000000 		.4byte	.LASF58
 683 0407 05       		.byte	0x5
 684 0408 8508     		.2byte	0x885
 685 040a 1B       		.uleb128 0x1b
 686 040b D6000000 		.4byte	.LASF59
 687 040f D6000000 		.4byte	.LASF59
 688 0413 09       		.byte	0x9
 689 0414 59       		.byte	0x59
 690 0415 1B       		.uleb128 0x1b
 691 0416 AC010000 		.4byte	.LASF60
 692 041a AC010000 		.4byte	.LASF60
 693 041e 07       		.byte	0x7
 694 041f 14       		.byte	0x14
 695 0420 00       		.byte	0
 696              		.section	.debug_abbrev,"",%progbits
 697              	.Ldebug_abbrev0:
 698 0000 01       		.uleb128 0x1
 699 0001 11       		.uleb128 0x11
 700 0002 01       		.byte	0x1
 701 0003 25       		.uleb128 0x25
 702 0004 0E       		.uleb128 0xe
 703 0005 13       		.uleb128 0x13
 704 0006 0B       		.uleb128 0xb
 705 0007 03       		.uleb128 0x3
 706 0008 0E       		.uleb128 0xe
 707 0009 1B       		.uleb128 0x1b
 708 000a 0E       		.uleb128 0xe
 709 000b 55       		.uleb128 0x55
 710 000c 17       		.uleb128 0x17
 711 000d 11       		.uleb128 0x11
 712 000e 01       		.uleb128 0x1
 713 000f 10       		.uleb128 0x10
 714 0010 17       		.uleb128 0x17
 715 0011 00       		.byte	0
 716 0012 00       		.byte	0
 717 0013 02       		.uleb128 0x2
 718 0014 24       		.uleb128 0x24
 719 0015 00       		.byte	0
 720 0016 0B       		.uleb128 0xb
 721 0017 0B       		.uleb128 0xb
 722 0018 3E       		.uleb128 0x3e
 723 0019 0B       		.uleb128 0xb
 724 001a 03       		.uleb128 0x3
 725 001b 0E       		.uleb128 0xe
 726 001c 00       		.byte	0
 727 001d 00       		.byte	0
 728 001e 03       		.uleb128 0x3
 729 001f 16       		.uleb128 0x16
 730 0020 00       		.byte	0
 731 0021 03       		.uleb128 0x3
 732 0022 0E       		.uleb128 0xe
 733 0023 3A       		.uleb128 0x3a
 734 0024 0B       		.uleb128 0xb
 735 0025 3B       		.uleb128 0x3b
 736 0026 0B       		.uleb128 0xb
ARM GAS  C:\Users\DHEERA~1\AppData\Local\Temp\ccg8EIbU.s 			page 15


 737 0027 49       		.uleb128 0x49
 738 0028 13       		.uleb128 0x13
 739 0029 00       		.byte	0
 740 002a 00       		.byte	0
 741 002b 04       		.uleb128 0x4
 742 002c 24       		.uleb128 0x24
 743 002d 00       		.byte	0
 744 002e 0B       		.uleb128 0xb
 745 002f 0B       		.uleb128 0xb
 746 0030 3E       		.uleb128 0x3e
 747 0031 0B       		.uleb128 0xb
 748 0032 03       		.uleb128 0x3
 749 0033 08       		.uleb128 0x8
 750 0034 00       		.byte	0
 751 0035 00       		.byte	0
 752 0036 05       		.uleb128 0x5
 753 0037 16       		.uleb128 0x16
 754 0038 00       		.byte	0
 755 0039 03       		.uleb128 0x3
 756 003a 0E       		.uleb128 0xe
 757 003b 3A       		.uleb128 0x3a
 758 003c 0B       		.uleb128 0xb
 759 003d 3B       		.uleb128 0x3b
 760 003e 05       		.uleb128 0x5
 761 003f 49       		.uleb128 0x49
 762 0040 13       		.uleb128 0x13
 763 0041 00       		.byte	0
 764 0042 00       		.byte	0
 765 0043 06       		.uleb128 0x6
 766 0044 04       		.uleb128 0x4
 767 0045 01       		.byte	0x1
 768 0046 0B       		.uleb128 0xb
 769 0047 0B       		.uleb128 0xb
 770 0048 49       		.uleb128 0x49
 771 0049 13       		.uleb128 0x13
 772 004a 3A       		.uleb128 0x3a
 773 004b 0B       		.uleb128 0xb
 774 004c 3B       		.uleb128 0x3b
 775 004d 05       		.uleb128 0x5
 776 004e 01       		.uleb128 0x1
 777 004f 13       		.uleb128 0x13
 778 0050 00       		.byte	0
 779 0051 00       		.byte	0
 780 0052 07       		.uleb128 0x7
 781 0053 28       		.uleb128 0x28
 782 0054 00       		.byte	0
 783 0055 03       		.uleb128 0x3
 784 0056 0E       		.uleb128 0xe
 785 0057 1C       		.uleb128 0x1c
 786 0058 0B       		.uleb128 0xb
 787 0059 00       		.byte	0
 788 005a 00       		.byte	0
 789 005b 08       		.uleb128 0x8
 790 005c 28       		.uleb128 0x28
 791 005d 00       		.byte	0
 792 005e 03       		.uleb128 0x3
 793 005f 0E       		.uleb128 0xe
ARM GAS  C:\Users\DHEERA~1\AppData\Local\Temp\ccg8EIbU.s 			page 16


 794 0060 1C       		.uleb128 0x1c
 795 0061 0D       		.uleb128 0xd
 796 0062 00       		.byte	0
 797 0063 00       		.byte	0
 798 0064 09       		.uleb128 0x9
 799 0065 0F       		.uleb128 0xf
 800 0066 00       		.byte	0
 801 0067 0B       		.uleb128 0xb
 802 0068 0B       		.uleb128 0xb
 803 0069 49       		.uleb128 0x49
 804 006a 13       		.uleb128 0x13
 805 006b 00       		.byte	0
 806 006c 00       		.byte	0
 807 006d 0A       		.uleb128 0xa
 808 006e 26       		.uleb128 0x26
 809 006f 00       		.byte	0
 810 0070 49       		.uleb128 0x49
 811 0071 13       		.uleb128 0x13
 812 0072 00       		.byte	0
 813 0073 00       		.byte	0
 814 0074 0B       		.uleb128 0xb
 815 0075 13       		.uleb128 0x13
 816 0076 01       		.byte	0x1
 817 0077 0B       		.uleb128 0xb
 818 0078 0B       		.uleb128 0xb
 819 0079 3A       		.uleb128 0x3a
 820 007a 0B       		.uleb128 0xb
 821 007b 3B       		.uleb128 0x3b
 822 007c 05       		.uleb128 0x5
 823 007d 01       		.uleb128 0x1
 824 007e 13       		.uleb128 0x13
 825 007f 00       		.byte	0
 826 0080 00       		.byte	0
 827 0081 0C       		.uleb128 0xc
 828 0082 0D       		.uleb128 0xd
 829 0083 00       		.byte	0
 830 0084 03       		.uleb128 0x3
 831 0085 0E       		.uleb128 0xe
 832 0086 3A       		.uleb128 0x3a
 833 0087 0B       		.uleb128 0xb
 834 0088 3B       		.uleb128 0x3b
 835 0089 05       		.uleb128 0x5
 836 008a 49       		.uleb128 0x49
 837 008b 13       		.uleb128 0x13
 838 008c 38       		.uleb128 0x38
 839 008d 0B       		.uleb128 0xb
 840 008e 00       		.byte	0
 841 008f 00       		.byte	0
 842 0090 0D       		.uleb128 0xd
 843 0091 2E       		.uleb128 0x2e
 844 0092 01       		.byte	0x1
 845 0093 3F       		.uleb128 0x3f
 846 0094 19       		.uleb128 0x19
 847 0095 03       		.uleb128 0x3
 848 0096 0E       		.uleb128 0xe
 849 0097 3A       		.uleb128 0x3a
 850 0098 0B       		.uleb128 0xb
ARM GAS  C:\Users\DHEERA~1\AppData\Local\Temp\ccg8EIbU.s 			page 17


 851 0099 3B       		.uleb128 0x3b
 852 009a 0B       		.uleb128 0xb
 853 009b 27       		.uleb128 0x27
 854 009c 19       		.uleb128 0x19
 855 009d 11       		.uleb128 0x11
 856 009e 01       		.uleb128 0x1
 857 009f 12       		.uleb128 0x12
 858 00a0 06       		.uleb128 0x6
 859 00a1 40       		.uleb128 0x40
 860 00a2 18       		.uleb128 0x18
 861 00a3 9742     		.uleb128 0x2117
 862 00a5 19       		.uleb128 0x19
 863 00a6 01       		.uleb128 0x1
 864 00a7 13       		.uleb128 0x13
 865 00a8 00       		.byte	0
 866 00a9 00       		.byte	0
 867 00aa 0E       		.uleb128 0xe
 868 00ab 05       		.uleb128 0x5
 869 00ac 00       		.byte	0
 870 00ad 03       		.uleb128 0x3
 871 00ae 0E       		.uleb128 0xe
 872 00af 3A       		.uleb128 0x3a
 873 00b0 0B       		.uleb128 0xb
 874 00b1 3B       		.uleb128 0x3b
 875 00b2 0B       		.uleb128 0xb
 876 00b3 49       		.uleb128 0x49
 877 00b4 13       		.uleb128 0x13
 878 00b5 02       		.uleb128 0x2
 879 00b6 17       		.uleb128 0x17
 880 00b7 00       		.byte	0
 881 00b8 00       		.byte	0
 882 00b9 0F       		.uleb128 0xf
 883 00ba 34       		.uleb128 0x34
 884 00bb 00       		.byte	0
 885 00bc 03       		.uleb128 0x3
 886 00bd 0E       		.uleb128 0xe
 887 00be 3A       		.uleb128 0x3a
 888 00bf 0B       		.uleb128 0xb
 889 00c0 3B       		.uleb128 0x3b
 890 00c1 0B       		.uleb128 0xb
 891 00c2 49       		.uleb128 0x49
 892 00c3 13       		.uleb128 0x13
 893 00c4 02       		.uleb128 0x2
 894 00c5 17       		.uleb128 0x17
 895 00c6 00       		.byte	0
 896 00c7 00       		.byte	0
 897 00c8 10       		.uleb128 0x10
 898 00c9 34       		.uleb128 0x34
 899 00ca 00       		.byte	0
 900 00cb 03       		.uleb128 0x3
 901 00cc 0E       		.uleb128 0xe
 902 00cd 3A       		.uleb128 0x3a
 903 00ce 0B       		.uleb128 0xb
 904 00cf 3B       		.uleb128 0x3b
 905 00d0 0B       		.uleb128 0xb
 906 00d1 49       		.uleb128 0x49
 907 00d2 13       		.uleb128 0x13
ARM GAS  C:\Users\DHEERA~1\AppData\Local\Temp\ccg8EIbU.s 			page 18


 908 00d3 02       		.uleb128 0x2
 909 00d4 18       		.uleb128 0x18
 910 00d5 00       		.byte	0
 911 00d6 00       		.byte	0
 912 00d7 11       		.uleb128 0x11
 913 00d8 0B       		.uleb128 0xb
 914 00d9 01       		.byte	0x1
 915 00da 11       		.uleb128 0x11
 916 00db 01       		.uleb128 0x1
 917 00dc 12       		.uleb128 0x12
 918 00dd 06       		.uleb128 0x6
 919 00de 01       		.uleb128 0x1
 920 00df 13       		.uleb128 0x13
 921 00e0 00       		.byte	0
 922 00e1 00       		.byte	0
 923 00e2 12       		.uleb128 0x12
 924 00e3 34       		.uleb128 0x34
 925 00e4 00       		.byte	0
 926 00e5 03       		.uleb128 0x3
 927 00e6 08       		.uleb128 0x8
 928 00e7 3A       		.uleb128 0x3a
 929 00e8 0B       		.uleb128 0xb
 930 00e9 3B       		.uleb128 0x3b
 931 00ea 0B       		.uleb128 0xb
 932 00eb 49       		.uleb128 0x49
 933 00ec 13       		.uleb128 0x13
 934 00ed 02       		.uleb128 0x2
 935 00ee 17       		.uleb128 0x17
 936 00ef 00       		.byte	0
 937 00f0 00       		.byte	0
 938 00f1 13       		.uleb128 0x13
 939 00f2 898201   		.uleb128 0x4109
 940 00f5 01       		.byte	0x1
 941 00f6 11       		.uleb128 0x11
 942 00f7 01       		.uleb128 0x1
 943 00f8 31       		.uleb128 0x31
 944 00f9 13       		.uleb128 0x13
 945 00fa 00       		.byte	0
 946 00fb 00       		.byte	0
 947 00fc 14       		.uleb128 0x14
 948 00fd 8A8201   		.uleb128 0x410a
 949 0100 00       		.byte	0
 950 0101 02       		.uleb128 0x2
 951 0102 18       		.uleb128 0x18
 952 0103 9142     		.uleb128 0x2111
 953 0105 18       		.uleb128 0x18
 954 0106 00       		.byte	0
 955 0107 00       		.byte	0
 956 0108 15       		.uleb128 0x15
 957 0109 898201   		.uleb128 0x4109
 958 010c 01       		.byte	0x1
 959 010d 11       		.uleb128 0x11
 960 010e 01       		.uleb128 0x1
 961 010f 31       		.uleb128 0x31
 962 0110 13       		.uleb128 0x13
 963 0111 01       		.uleb128 0x1
 964 0112 13       		.uleb128 0x13
ARM GAS  C:\Users\DHEERA~1\AppData\Local\Temp\ccg8EIbU.s 			page 19


 965 0113 00       		.byte	0
 966 0114 00       		.byte	0
 967 0115 16       		.uleb128 0x16
 968 0116 34       		.uleb128 0x34
 969 0117 00       		.byte	0
 970 0118 03       		.uleb128 0x3
 971 0119 0E       		.uleb128 0xe
 972 011a 3A       		.uleb128 0x3a
 973 011b 0B       		.uleb128 0xb
 974 011c 3B       		.uleb128 0x3b
 975 011d 05       		.uleb128 0x5
 976 011e 49       		.uleb128 0x49
 977 011f 13       		.uleb128 0x13
 978 0120 3F       		.uleb128 0x3f
 979 0121 19       		.uleb128 0x19
 980 0122 3C       		.uleb128 0x3c
 981 0123 19       		.uleb128 0x19
 982 0124 00       		.byte	0
 983 0125 00       		.byte	0
 984 0126 17       		.uleb128 0x17
 985 0127 35       		.uleb128 0x35
 986 0128 00       		.byte	0
 987 0129 49       		.uleb128 0x49
 988 012a 13       		.uleb128 0x13
 989 012b 00       		.byte	0
 990 012c 00       		.byte	0
 991 012d 18       		.uleb128 0x18
 992 012e 01       		.uleb128 0x1
 993 012f 01       		.byte	0x1
 994 0130 49       		.uleb128 0x49
 995 0131 13       		.uleb128 0x13
 996 0132 01       		.uleb128 0x1
 997 0133 13       		.uleb128 0x13
 998 0134 00       		.byte	0
 999 0135 00       		.byte	0
 1000 0136 19       		.uleb128 0x19
 1001 0137 21       		.uleb128 0x21
 1002 0138 00       		.byte	0
 1003 0139 49       		.uleb128 0x49
 1004 013a 13       		.uleb128 0x13
 1005 013b 2F       		.uleb128 0x2f
 1006 013c 05       		.uleb128 0x5
 1007 013d 00       		.byte	0
 1008 013e 00       		.byte	0
 1009 013f 1A       		.uleb128 0x1a
 1010 0140 34       		.uleb128 0x34
 1011 0141 00       		.byte	0
 1012 0142 03       		.uleb128 0x3
 1013 0143 0E       		.uleb128 0xe
 1014 0144 3A       		.uleb128 0x3a
 1015 0145 0B       		.uleb128 0xb
 1016 0146 3B       		.uleb128 0x3b
 1017 0147 0B       		.uleb128 0xb
 1018 0148 49       		.uleb128 0x49
 1019 0149 13       		.uleb128 0x13
 1020 014a 3F       		.uleb128 0x3f
 1021 014b 19       		.uleb128 0x19
ARM GAS  C:\Users\DHEERA~1\AppData\Local\Temp\ccg8EIbU.s 			page 20


 1022 014c 02       		.uleb128 0x2
 1023 014d 18       		.uleb128 0x18
 1024 014e 00       		.byte	0
 1025 014f 00       		.byte	0
 1026 0150 1B       		.uleb128 0x1b
 1027 0151 2E       		.uleb128 0x2e
 1028 0152 00       		.byte	0
 1029 0153 3F       		.uleb128 0x3f
 1030 0154 19       		.uleb128 0x19
 1031 0155 3C       		.uleb128 0x3c
 1032 0156 19       		.uleb128 0x19
 1033 0157 6E       		.uleb128 0x6e
 1034 0158 0E       		.uleb128 0xe
 1035 0159 03       		.uleb128 0x3
 1036 015a 0E       		.uleb128 0xe
 1037 015b 3A       		.uleb128 0x3a
 1038 015c 0B       		.uleb128 0xb
 1039 015d 3B       		.uleb128 0x3b
 1040 015e 0B       		.uleb128 0xb
 1041 015f 00       		.byte	0
 1042 0160 00       		.byte	0
 1043 0161 1C       		.uleb128 0x1c
 1044 0162 2E       		.uleb128 0x2e
 1045 0163 00       		.byte	0
 1046 0164 3F       		.uleb128 0x3f
 1047 0165 19       		.uleb128 0x19
 1048 0166 3C       		.uleb128 0x3c
 1049 0167 19       		.uleb128 0x19
 1050 0168 6E       		.uleb128 0x6e
 1051 0169 0E       		.uleb128 0xe
 1052 016a 03       		.uleb128 0x3
 1053 016b 0E       		.uleb128 0xe
 1054 016c 3A       		.uleb128 0x3a
 1055 016d 0B       		.uleb128 0xb
 1056 016e 3B       		.uleb128 0x3b
 1057 016f 05       		.uleb128 0x5
 1058 0170 00       		.byte	0
 1059 0171 00       		.byte	0
 1060 0172 00       		.byte	0
 1061              		.section	.debug_loc,"",%progbits
 1062              	.Ldebug_loc0:
 1063              	.LLST0:
 1064 0000 00000000 		.4byte	.LVL0
 1065 0004 14000000 		.4byte	.LVL4
 1066 0008 0100     		.2byte	0x1
 1067 000a 50       		.byte	0x50
 1068 000b 14000000 		.4byte	.LVL4
 1069 000f 88000000 		.4byte	.LVL24
 1070 0013 0100     		.2byte	0x1
 1071 0015 55       		.byte	0x55
 1072 0016 88000000 		.4byte	.LVL24
 1073 001a 8C000000 		.4byte	.LFE119
 1074 001e 0400     		.2byte	0x4
 1075 0020 F3       		.byte	0xf3
 1076 0021 01       		.uleb128 0x1
 1077 0022 50       		.byte	0x50
 1078 0023 9F       		.byte	0x9f
ARM GAS  C:\Users\DHEERA~1\AppData\Local\Temp\ccg8EIbU.s 			page 21


 1079 0024 00000000 		.4byte	0
 1080 0028 00000000 		.4byte	0
 1081              	.LLST1:
 1082 002c 00000000 		.4byte	.LVL0
 1083 0030 12000000 		.4byte	.LVL3
 1084 0034 0100     		.2byte	0x1
 1085 0036 51       		.byte	0x51
 1086 0037 12000000 		.4byte	.LVL3
 1087 003b 88000000 		.4byte	.LVL24
 1088 003f 0100     		.2byte	0x1
 1089 0041 57       		.byte	0x57
 1090 0042 88000000 		.4byte	.LVL24
 1091 0046 8C000000 		.4byte	.LFE119
 1092 004a 0400     		.2byte	0x4
 1093 004c F3       		.byte	0xf3
 1094 004d 01       		.uleb128 0x1
 1095 004e 51       		.byte	0x51
 1096 004f 9F       		.byte	0x9f
 1097 0050 00000000 		.4byte	0
 1098 0054 00000000 		.4byte	0
 1099              	.LLST2:
 1100 0058 00000000 		.4byte	.LVL0
 1101 005c 10000000 		.4byte	.LVL2
 1102 0060 0100     		.2byte	0x1
 1103 0062 52       		.byte	0x52
 1104 0063 10000000 		.4byte	.LVL2
 1105 0067 8C000000 		.4byte	.LFE119
 1106 006b 0400     		.2byte	0x4
 1107 006d F3       		.byte	0xf3
 1108 006e 01       		.uleb128 0x1
 1109 006f 52       		.byte	0x52
 1110 0070 9F       		.byte	0x9f
 1111 0071 00000000 		.4byte	0
 1112 0075 00000000 		.4byte	0
 1113              	.LLST3:
 1114 0079 0C000000 		.4byte	.LVL1
 1115 007d 20000000 		.4byte	.LVL7
 1116 0081 0200     		.2byte	0x2
 1117 0083 30       		.byte	0x30
 1118 0084 9F       		.byte	0x9f
 1119 0085 20000000 		.4byte	.LVL7
 1120 0089 44000000 		.4byte	.LVL11
 1121 008d 0100     		.2byte	0x1
 1122 008f 50       		.byte	0x50
 1123 0090 44000000 		.4byte	.LVL11
 1124 0094 82000000 		.4byte	.LVL23
 1125 0098 0100     		.2byte	0x1
 1126 009a 56       		.byte	0x56
 1127 009b 00000000 		.4byte	0
 1128 009f 00000000 		.4byte	0
 1129              	.LLST4:
 1130 00a3 18000000 		.4byte	.LVL5
 1131 00a7 1C000000 		.4byte	.LVL6
 1132 00ab 0100     		.2byte	0x1
 1133 00ad 50       		.byte	0x50
 1134 00ae 00000000 		.4byte	0
 1135 00b2 00000000 		.4byte	0
ARM GAS  C:\Users\DHEERA~1\AppData\Local\Temp\ccg8EIbU.s 			page 22


 1136              	.LLST5:
 1137 00b6 56000000 		.4byte	.LVL14
 1138 00ba 60000000 		.4byte	.LVL16
 1139 00be 0200     		.2byte	0x2
 1140 00c0 30       		.byte	0x30
 1141 00c1 9F       		.byte	0x9f
 1142 00c2 60000000 		.4byte	.LVL16
 1143 00c6 6A000000 		.4byte	.LVL18
 1144 00ca 0200     		.2byte	0x2
 1145 00cc 31       		.byte	0x31
 1146 00cd 9F       		.byte	0x9f
 1147 00ce 6A000000 		.4byte	.LVL18
 1148 00d2 72000000 		.4byte	.LVL20
 1149 00d6 0200     		.2byte	0x2
 1150 00d8 30       		.byte	0x30
 1151 00d9 9F       		.byte	0x9f
 1152 00da 72000000 		.4byte	.LVL20
 1153 00de 79000000 		.4byte	.LVL21-1
 1154 00e2 0100     		.2byte	0x1
 1155 00e4 53       		.byte	0x53
 1156 00e5 7C000000 		.4byte	.LVL22
 1157 00e9 81000000 		.4byte	.LVL23-1
 1158 00ed 0100     		.2byte	0x1
 1159 00ef 53       		.byte	0x53
 1160 00f0 00000000 		.4byte	0
 1161 00f4 00000000 		.4byte	0
 1162              	.LLST6:
 1163 00f8 28000000 		.4byte	.LVL8
 1164 00fc 40000000 		.4byte	.LVL10
 1165 0100 0100     		.2byte	0x1
 1166 0102 52       		.byte	0x52
 1167 0103 00000000 		.4byte	0
 1168 0107 00000000 		.4byte	0
 1169              	.LLST7:
 1170 010b 56000000 		.4byte	.LVL14
 1171 010f 5A000000 		.4byte	.LVL15
 1172 0113 0200     		.2byte	0x2
 1173 0115 30       		.byte	0x30
 1174 0116 9F       		.byte	0x9f
 1175 0117 5A000000 		.4byte	.LVL15
 1176 011b 65000000 		.4byte	.LVL17-1
 1177 011f 0100     		.2byte	0x1
 1178 0121 53       		.byte	0x53
 1179 0122 6A000000 		.4byte	.LVL18
 1180 0126 72000000 		.4byte	.LVL20
 1181 012a 0100     		.2byte	0x1
 1182 012c 53       		.byte	0x53
 1183 012d 00000000 		.4byte	0
 1184 0131 00000000 		.4byte	0
 1185              		.section	.debug_aranges,"",%progbits
 1186 0000 1C000000 		.4byte	0x1c
 1187 0004 0200     		.2byte	0x2
 1188 0006 00000000 		.4byte	.Ldebug_info0
 1189 000a 04       		.byte	0x4
 1190 000b 00       		.byte	0
 1191 000c 0000     		.2byte	0
 1192 000e 0000     		.2byte	0
ARM GAS  C:\Users\DHEERA~1\AppData\Local\Temp\ccg8EIbU.s 			page 23


 1193 0010 00000000 		.4byte	.LFB119
 1194 0014 8C000000 		.4byte	.LFE119-.LFB119
 1195 0018 00000000 		.4byte	0
 1196 001c 00000000 		.4byte	0
 1197              		.section	.debug_ranges,"",%progbits
 1198              	.Ldebug_ranges0:
 1199 0000 00000000 		.4byte	.LFB119
 1200 0004 8C000000 		.4byte	.LFE119
 1201 0008 00000000 		.4byte	0
 1202 000c 00000000 		.4byte	0
 1203              		.section	.debug_line,"",%progbits
 1204              	.Ldebug_line0:
 1205 0000 F3010000 		.section	.debug_str,"MS",%progbits,1
 1205      0200AE01 
 1205      00000201 
 1205      FB0E0D00 
 1205      01010101 
 1206              	.LASF40:
 1207 0000 62697452 		.ascii	"bitReverseFlagR\000"
 1207      65766572 
 1207      7365466C 
 1207      61675200 
 1208              	.LASF32:
 1209 0010 7133315F 		.ascii	"q31_t\000"
 1209      7400
 1210              	.LASF46:
 1211 0016 6164635F 		.ascii	"adc_samples\000"
 1211      73616D70 
 1211      6C657300 
 1212              	.LASF64:
 1213 0022 6666745F 		.ascii	"fft_app\000"
 1213      61707000 
 1214              	.LASF29:
 1215 002a 41524D5F 		.ascii	"ARM_MATH_SINGULAR\000"
 1215      4D415448 
 1215      5F53494E 
 1215      47554C41 
 1215      5200
 1216              	.LASF55:
 1217 003c 6C65645F 		.ascii	"led_red_Write\000"
 1217      7265645F 
 1217      57726974 
 1217      6500
 1218              	.LASF31:
 1219 004a 61726D5F 		.ascii	"arm_status\000"
 1219      73746174 
 1219      757300
 1220              	.LASF2:
 1221 0055 73686F72 		.ascii	"short int\000"
 1221      7420696E 
 1221      7400
 1222              	.LASF57:
 1223 005f 6D616C6C 		.ascii	"malloc\000"
 1223      6F6300
 1224              	.LASF23:
 1225 0066 73697A65 		.ascii	"sizetype\000"
 1225      74797065 
ARM GAS  C:\Users\DHEERA~1\AppData\Local\Temp\ccg8EIbU.s 			page 24


 1225      00
 1226              	.LASF39:
 1227 006f 69666674 		.ascii	"ifftFlagR\000"
 1227      466C6167 
 1227      5200
 1228              	.LASF36:
 1229 0079 62697452 		.ascii	"bitRevLength\000"
 1229      65764C65 
 1229      6E677468 
 1229      00
 1230              	.LASF58:
 1231 0086 61726D5F 		.ascii	"arm_rfft_q31\000"
 1231      72666674 
 1231      5F713331 
 1231      00
 1232              	.LASF24:
 1233 0093 41524D5F 		.ascii	"ARM_MATH_SUCCESS\000"
 1233      4D415448 
 1233      5F535543 
 1233      43455353 
 1233      00
 1234              	.LASF8:
 1235 00a4 5F5F7569 		.ascii	"__uint32_t\000"
 1235      6E743332 
 1235      5F7400
 1236              	.LASF4:
 1237 00af 5F5F7569 		.ascii	"__uint16_t\000"
 1237      6E743136 
 1237      5F7400
 1238              	.LASF17:
 1239 00ba 75696E74 		.ascii	"uint16\000"
 1239      313600
 1240              	.LASF35:
 1241 00c1 70426974 		.ascii	"pBitRevTable\000"
 1241      52657654 
 1241      61626C65 
 1241      00
 1242              	.LASF13:
 1243 00ce 75696E74 		.ascii	"uint8_t\000"
 1243      385F7400 
 1244              	.LASF59:
 1245 00d6 66726565 		.ascii	"free\000"
 1245      00
 1246              	.LASF33:
 1247 00db 6666744C 		.ascii	"fftLen\000"
 1247      656E00
 1248              	.LASF19:
 1249 00e2 666C6F61 		.ascii	"float\000"
 1249      7400
 1250              	.LASF34:
 1251 00e8 70547769 		.ascii	"pTwiddle\000"
 1251      64646C65 
 1251      00
 1252              	.LASF51:
 1253 00f1 6666745F 		.ascii	"fft_instance\000"
 1253      696E7374 
 1253      616E6365 
ARM GAS  C:\Users\DHEERA~1\AppData\Local\Temp\ccg8EIbU.s 			page 25


 1253      00
 1254              	.LASF10:
 1255 00fe 6C6F6E67 		.ascii	"long long int\000"
 1255      206C6F6E 
 1255      6720696E 
 1255      7400
 1256              	.LASF47:
 1257 010c 6666745F 		.ascii	"fft_output\000"
 1257      6F757470 
 1257      757400
 1258              	.LASF7:
 1259 0117 6C6F6E67 		.ascii	"long int\000"
 1259      20696E74 
 1259      00
 1260              	.LASF48:
 1261 0120 6E6F5F6F 		.ascii	"no_of_samples\000"
 1261      665F7361 
 1261      6D706C65 
 1261      7300
 1262              	.LASF3:
 1263 012e 5F5F7569 		.ascii	"__uint8_t\000"
 1263      6E74385F 
 1263      7400
 1264              	.LASF22:
 1265 0138 6C6F6E67 		.ascii	"long double\000"
 1265      20646F75 
 1265      626C6500 
 1266              	.LASF1:
 1267 0144 756E7369 		.ascii	"unsigned char\000"
 1267      676E6564 
 1267      20636861 
 1267      7200
 1268              	.LASF41:
 1269 0152 74776964 		.ascii	"twidCoefRModifier\000"
 1269      436F6566 
 1269      524D6F64 
 1269      69666965 
 1269      7200
 1270              	.LASF0:
 1271 0164 7369676E 		.ascii	"signed char\000"
 1271      65642063 
 1271      68617200 
 1272              	.LASF11:
 1273 0170 6C6F6E67 		.ascii	"long long unsigned int\000"
 1273      206C6F6E 
 1273      6720756E 
 1273      7369676E 
 1273      65642069 
 1274              	.LASF16:
 1275 0187 75696E74 		.ascii	"uint32_t\000"
 1275      33325F74 
 1275      00
 1276              	.LASF12:
 1277 0190 756E7369 		.ascii	"unsigned int\000"
 1277      676E6564 
 1277      20696E74 
 1277      00
ARM GAS  C:\Users\DHEERA~1\AppData\Local\Temp\ccg8EIbU.s 			page 26


 1278              	.LASF14:
 1279 019d 75696E74 		.ascii	"uint16_t\000"
 1279      31365F74 
 1279      00
 1280              	.LASF44:
 1281 01a6 70436666 		.ascii	"pCfft\000"
 1281      7400
 1282              	.LASF60:
 1283 01ac 72756E5F 		.ascii	"run_cfar\000"
 1283      63666172 
 1283      00
 1284              	.LASF5:
 1285 01b5 73686F72 		.ascii	"short unsigned int\000"
 1285      7420756E 
 1285      7369676E 
 1285      65642069 
 1285      6E7400
 1286              	.LASF50:
 1287 01c8 73746174 		.ascii	"status\000"
 1287      757300
 1288              	.LASF42:
 1289 01cf 70547769 		.ascii	"pTwiddleAReal\000"
 1289      64646C65 
 1289      41526561 
 1289      6C00
 1290              	.LASF21:
 1291 01dd 63686172 		.ascii	"char\000"
 1291      00
 1292              	.LASF37:
 1293 01e2 61726D5F 		.ascii	"arm_cfft_instance_q31\000"
 1293      63666674 
 1293      5F696E73 
 1293      74616E63 
 1293      655F7133 
 1294              	.LASF15:
 1295 01f8 696E7433 		.ascii	"int32_t\000"
 1295      325F7400 
 1296              	.LASF49:
 1297 0200 6666745F 		.ascii	"fft_input\000"
 1297      696E7075 
 1297      7400
 1298              	.LASF52:
 1299 020a 64657465 		.ascii	"detectionFound\000"
 1299      6374696F 
 1299      6E466F75 
 1299      6E6400
 1300              	.LASF63:
 1301 0219 443A5C4D 		.ascii	"D:\\MS\\HDA\\Embedded\\Second_sem\\System_Driven_Ha"
 1301      535C4844 
 1301      415C456D 
 1301      62656464 
 1301      65645C53 
 1302 0247 72647761 		.ascii	"rdware_Design\\Lab5\\v7\\Final_Design.cydsn\\Final_"
 1302      72655F44 
 1302      65736967 
 1302      6E5C4C61 
 1302      62355C76 
ARM GAS  C:\Users\DHEERA~1\AppData\Local\Temp\ccg8EIbU.s 			page 27


 1303 0276 44657369 		.ascii	"Design.cydsn\000"
 1303      676E2E63 
 1303      7964736E 
 1303      00
 1304              	.LASF38:
 1305 0283 6666744C 		.ascii	"fftLenReal\000"
 1305      656E5265 
 1305      616C00
 1306              	.LASF9:
 1307 028e 6C6F6E67 		.ascii	"long unsigned int\000"
 1307      20756E73 
 1307      69676E65 
 1307      6420696E 
 1307      7400
 1308              	.LASF27:
 1309 02a0 41524D5F 		.ascii	"ARM_MATH_SIZE_MISMATCH\000"
 1309      4D415448 
 1309      5F53495A 
 1309      455F4D49 
 1309      534D4154 
 1310              	.LASF18:
 1311 02b7 696E7433 		.ascii	"int32\000"
 1311      3200
 1312              	.LASF20:
 1313 02bd 646F7562 		.ascii	"double\000"
 1313      6C6500
 1314              	.LASF28:
 1315 02c4 41524D5F 		.ascii	"ARM_MATH_NANINF\000"
 1315      4D415448 
 1315      5F4E414E 
 1315      494E4600 
 1316              	.LASF45:
 1317 02d4 61726D5F 		.ascii	"arm_rfft_instance_q31\000"
 1317      72666674 
 1317      5F696E73 
 1317      74616E63 
 1317      655F7133 
 1318              	.LASF6:
 1319 02ea 5F5F696E 		.ascii	"__int32_t\000"
 1319      7433325F 
 1319      7400
 1320              	.LASF54:
 1321 02f4 63666172 		.ascii	"cfar_output\000"
 1321      5F6F7574 
 1321      70757400 
 1322              	.LASF25:
 1323 0300 41524D5F 		.ascii	"ARM_MATH_ARGUMENT_ERROR\000"
 1323      4D415448 
 1323      5F415247 
 1323      554D454E 
 1323      545F4552 
 1324              	.LASF30:
 1325 0318 41524D5F 		.ascii	"ARM_MATH_TEST_FAILURE\000"
 1325      4D415448 
 1325      5F544553 
 1325      545F4641 
 1325      494C5552 
ARM GAS  C:\Users\DHEERA~1\AppData\Local\Temp\ccg8EIbU.s 			page 28


 1326              	.LASF56:
 1327 032e 61726D5F 		.ascii	"arm_rfft_init_q31\000"
 1327      72666674 
 1327      5F696E69 
 1327      745F7133 
 1327      3100
 1328              	.LASF53:
 1329 0340 49544D5F 		.ascii	"ITM_RxBuffer\000"
 1329      52784275 
 1329      66666572 
 1329      00
 1330              	.LASF61:
 1331 034d 474E5520 		.ascii	"GNU C11 5.4.1 20160609 (release) [ARM/embedded-5-br"
 1331      43313120 
 1331      352E342E 
 1331      31203230 
 1331      31363036 
 1332 0380 616E6368 		.ascii	"anch revision 237715] -mcpu=cortex-m3 -mthumb -g -O"
 1332      20726576 
 1332      6973696F 
 1332      6E203233 
 1332      37373135 
 1333 03b3 67202D66 		.ascii	"g -ffunction-sections -ffat-lto-objects\000"
 1333      66756E63 
 1333      74696F6E 
 1333      2D736563 
 1333      74696F6E 
 1334              	.LASF26:
 1335 03db 41524D5F 		.ascii	"ARM_MATH_LENGTH_ERROR\000"
 1335      4D415448 
 1335      5F4C454E 
 1335      4754485F 
 1335      4552524F 
 1336              	.LASF62:
 1337 03f1 6666745F 		.ascii	"fft_application.c\000"
 1337      6170706C 
 1337      69636174 
 1337      696F6E2E 
 1337      6300
 1338              	.LASF43:
 1339 0403 70547769 		.ascii	"pTwiddleBReal\000"
 1339      64646C65 
 1339      42526561 
 1339      6C00
 1340              		.ident	"GCC: (GNU Tools for ARM Embedded Processors) 5.4.1 20160609 (release) [ARM/embedded-5-bran
