ARM GAS  C:\Users\DHEERA~1\AppData\Local\Temp\ccL0epSP.s 			page 1


   1              		.syntax unified
   2              		.cpu cortex-m3
   3              		.fpu softvfp
   4              		.eabi_attribute 20, 1
   5              		.eabi_attribute 21, 1
   6              		.eabi_attribute 23, 3
   7              		.eabi_attribute 24, 1
   8              		.eabi_attribute 25, 1
   9              		.eabi_attribute 26, 1
  10              		.eabi_attribute 30, 1
  11              		.eabi_attribute 34, 1
  12              		.eabi_attribute 18, 4
  13              		.thumb
  14              		.syntax unified
  15              		.file	"functions.c"
  16              		.text
  17              	.Ltext0:
  18              		.cfi_sections	.debug_frame
  19              		.section	.text.Button_ISR_Handler,"ax",%progbits
  20              		.align	2
  21              		.global	Button_ISR_Handler
  22              		.thumb
  23              		.thumb_func
  24              		.type	Button_ISR_Handler, %function
  25              	Button_ISR_Handler:
  26              	.LFB63:
  27              		.file 1 "functions.c"
   1:functions.c   **** #include "functions.h"
   2:functions.c   **** 
   3:functions.c   **** State state = IDLE;                               /**< Initial state */
   4:functions.c   **** uint16_t adcBuffer[NUM_OF_SAMPLES];               /**< ADC sample buffer */
   5:functions.c   **** volatile uint8_t buttonPressed = 0;               /**< Button press flag */
   6:functions.c   **** uint8_t sampleCount = 0;                          /**< Sampling loop counter */
   7:functions.c   **** volatile uint8_t uart_s_received = 0;             /**< UART 's' received flag */
   8:functions.c   **** volatile uint8_t uart_o_received = 0;             /**< UART 'o' received flag */
   9:functions.c   **** int32 fftOutput[2 * NUM_OF_SAMPLES];              /**< FFT output buffer */
  10:functions.c   **** extern uint8_t cfar_output[NUM_OF_SAMPLES];       /**< CFAR result */
  11:functions.c   **** 
  12:functions.c   **** CY_ISR(Button_ISR_Handler)
  13:functions.c   **** {
  28              		.loc 1 13 0
  29              		.cfi_startproc
  30              		@ args = 0, pretend = 0, frame = 0
  31              		@ frame_needed = 0, uses_anonymous_args = 0
  32 0000 08B5     		push	{r3, lr}
  33              		.cfi_def_cfa_offset 8
  34              		.cfi_offset 3, -8
  35              		.cfi_offset 14, -4
  14:functions.c   ****     buttonPressed = 1;
  36              		.loc 1 14 0
  37 0002 0122     		movs	r2, #1
  38 0004 034B     		ldr	r3, .L3
  39 0006 1A70     		strb	r2, [r3]
  15:functions.c   ****     isr_Button_ClearPending();
  40              		.loc 1 15 0
  41 0008 FFF7FEFF 		bl	isr_Button_ClearPending
  42              	.LVL0:
ARM GAS  C:\Users\DHEERA~1\AppData\Local\Temp\ccL0epSP.s 			page 2


  16:functions.c   ****     Button_ClearInterrupt();
  43              		.loc 1 16 0
  44 000c FFF7FEFF 		bl	Button_ClearInterrupt
  45              	.LVL1:
  46 0010 08BD     		pop	{r3, pc}
  47              	.L4:
  48 0012 00BF     		.align	2
  49              	.L3:
  50 0014 00000000 		.word	.LANCHOR0
  51              		.cfi_endproc
  52              	.LFE63:
  53              		.size	Button_ISR_Handler, .-Button_ISR_Handler
  54              		.section	.text.UART_ISR_Handler,"ax",%progbits
  55              		.align	2
  56              		.global	UART_ISR_Handler
  57              		.thumb
  58              		.thumb_func
  59              		.type	UART_ISR_Handler, %function
  60              	UART_ISR_Handler:
  61              	.LFB64:
  17:functions.c   **** }
  18:functions.c   **** 
  19:functions.c   **** CY_ISR(UART_ISR_Handler)
  20:functions.c   **** {
  62              		.loc 1 20 0
  63              		.cfi_startproc
  64              		@ args = 0, pretend = 0, frame = 0
  65              		@ frame_needed = 0, uses_anonymous_args = 0
  66 0000 08B5     		push	{r3, lr}
  67              		.cfi_def_cfa_offset 8
  68              		.cfi_offset 3, -8
  69              		.cfi_offset 14, -4
  21:functions.c   ****     uint8_t rxChar = UART_LOG_GetChar();
  70              		.loc 1 21 0
  71 0002 FFF7FEFF 		bl	UART_LOG_GetChar
  72              	.LVL2:
  22:functions.c   ****     if (rxChar == 's')
  73              		.loc 1 22 0
  74 0006 7328     		cmp	r0, #115
  75 0008 03D1     		bne	.L6
  23:functions.c   ****     {
  24:functions.c   ****         uart_s_received = 1;
  76              		.loc 1 24 0
  77 000a 0122     		movs	r2, #1
  78 000c 054B     		ldr	r3, .L9
  79 000e 5A70     		strb	r2, [r3, #1]
  80 0010 04E0     		b	.L7
  81              	.L6:
  25:functions.c   ****     }
  26:functions.c   ****     else if (rxChar == 'o')
  82              		.loc 1 26 0
  83 0012 6F28     		cmp	r0, #111
  84 0014 02D1     		bne	.L7
  27:functions.c   ****     {
  28:functions.c   ****         uart_o_received = 1;
  85              		.loc 1 28 0
  86 0016 0122     		movs	r2, #1
ARM GAS  C:\Users\DHEERA~1\AppData\Local\Temp\ccL0epSP.s 			page 3


  87 0018 024B     		ldr	r3, .L9
  88 001a 9A70     		strb	r2, [r3, #2]
  89              	.L7:
  29:functions.c   ****     }
  30:functions.c   ****     isr_UART_ClearPending();
  90              		.loc 1 30 0
  91 001c FFF7FEFF 		bl	isr_UART_ClearPending
  92              	.LVL3:
  93 0020 08BD     		pop	{r3, pc}
  94              	.L10:
  95 0022 00BF     		.align	2
  96              	.L9:
  97 0024 00000000 		.word	.LANCHOR0
  98              		.cfi_endproc
  99              	.LFE64:
 100              		.size	UART_ISR_Handler, .-UART_ISR_Handler
 101              		.section	.text.sampleADC,"ax",%progbits
 102              		.align	2
 103              		.global	sampleADC
 104              		.thumb
 105              		.thumb_func
 106              		.type	sampleADC, %function
 107              	sampleADC:
 108              	.LFB65:
  31:functions.c   **** }
  32:functions.c   **** 
  33:functions.c   **** void sampleADC()
  34:functions.c   **** {
 109              		.loc 1 34 0
 110              		.cfi_startproc
 111              		@ args = 0, pretend = 0, frame = 0
 112              		@ frame_needed = 0, uses_anonymous_args = 0
 113 0000 10B5     		push	{r4, lr}
 114              		.cfi_def_cfa_offset 8
 115              		.cfi_offset 4, -8
 116              		.cfi_offset 14, -4
 117              	.LVL4:
 118              	.LBB2:
  35:functions.c   ****     for (int i = 0; i < NUM_OF_SAMPLES; i++)
 119              		.loc 1 35 0
 120 0002 0024     		movs	r4, #0
 121 0004 0CE0     		b	.L12
 122              	.LVL5:
 123              	.L14:
  36:functions.c   ****     {
  37:functions.c   ****         ADC_StartConvert();
 124              		.loc 1 37 0
 125 0006 FFF7FEFF 		bl	ADC_StartConvert
 126              	.LVL6:
 127              	.L13:
  38:functions.c   ****         while (!ADC_IsEndConversion(ADC_RETURN_STATUS));
 128              		.loc 1 38 0 discriminator 1
 129 000a 0120     		movs	r0, #1
 130 000c FFF7FEFF 		bl	ADC_IsEndConversion
 131              	.LVL7:
 132 0010 0028     		cmp	r0, #0
 133 0012 FAD0     		beq	.L13
ARM GAS  C:\Users\DHEERA~1\AppData\Local\Temp\ccL0epSP.s 			page 4


  39:functions.c   ****         adcBuffer[i] = ADC_GetResult16();
 134              		.loc 1 39 0 discriminator 2
 135 0014 FFF7FEFF 		bl	ADC_GetResult16
 136              	.LVL8:
 137 0018 034B     		ldr	r3, .L16
 138 001a 23F81400 		strh	r0, [r3, r4, lsl #1]	@ movhi
  35:functions.c   ****     {
 139              		.loc 1 35 0 discriminator 2
 140 001e 0134     		adds	r4, r4, #1
 141              	.LVL9:
 142              	.L12:
  35:functions.c   ****     {
 143              		.loc 1 35 0 is_stmt 0 discriminator 1
 144 0020 B4F5806F 		cmp	r4, #1024
 145 0024 EFDB     		blt	.L14
 146              	.LBE2:
  40:functions.c   ****     }
  41:functions.c   **** }
 147              		.loc 1 41 0 is_stmt 1
 148 0026 10BD     		pop	{r4, pc}
 149              	.LVL10:
 150              	.L17:
 151              		.align	2
 152              	.L16:
 153 0028 00000000 		.word	adcBuffer
 154              		.cfi_endproc
 155              	.LFE65:
 156              		.size	sampleADC, .-sampleADC
 157              		.section	.text.uartSendBuffer,"ax",%progbits
 158              		.align	2
 159              		.global	uartSendBuffer
 160              		.thumb
 161              		.thumb_func
 162              		.type	uartSendBuffer, %function
 163              	uartSendBuffer:
 164              	.LFB66:
  42:functions.c   **** 
  43:functions.c   **** void uartSendBuffer()
  44:functions.c   **** {
 165              		.loc 1 44 0
 166              		.cfi_startproc
 167              		@ args = 0, pretend = 0, frame = 0
 168              		@ frame_needed = 0, uses_anonymous_args = 0
 169 0000 38B5     		push	{r3, r4, r5, lr}
 170              		.cfi_def_cfa_offset 16
 171              		.cfi_offset 3, -16
 172              		.cfi_offset 4, -12
 173              		.cfi_offset 5, -8
 174              		.cfi_offset 14, -4
 175              	.LVL11:
 176              	.LBB3:
  45:functions.c   ****     for (int i = 0; i < NUM_OF_SAMPLES; i++)
 177              		.loc 1 45 0
 178 0002 0024     		movs	r4, #0
 179 0004 0AE0     		b	.L19
 180              	.LVL12:
 181              	.L20:
ARM GAS  C:\Users\DHEERA~1\AppData\Local\Temp\ccL0epSP.s 			page 5


  46:functions.c   ****     {
  47:functions.c   ****         UART_LOG_PutChar(adcBuffer[i] & 0xFF);
 182              		.loc 1 47 0 discriminator 3
 183 0006 074D     		ldr	r5, .L22
 184 0008 15F81400 		ldrb	r0, [r5, r4, lsl #1]	@ zero_extendqisi2
 185 000c FFF7FEFF 		bl	UART_LOG_PutChar
 186              	.LVL13:
  48:functions.c   ****         UART_LOG_PutChar((adcBuffer[i] >> 8) & 0xFF);
 187              		.loc 1 48 0 discriminator 3
 188 0010 35F81400 		ldrh	r0, [r5, r4, lsl #1]
 189 0014 000A     		lsrs	r0, r0, #8
 190 0016 FFF7FEFF 		bl	UART_LOG_PutChar
 191              	.LVL14:
  45:functions.c   ****     for (int i = 0; i < NUM_OF_SAMPLES; i++)
 192              		.loc 1 45 0 discriminator 3
 193 001a 0134     		adds	r4, r4, #1
 194              	.LVL15:
 195              	.L19:
  45:functions.c   ****     for (int i = 0; i < NUM_OF_SAMPLES; i++)
 196              		.loc 1 45 0 is_stmt 0 discriminator 1
 197 001c B4F5806F 		cmp	r4, #1024
 198 0020 F1DB     		blt	.L20
 199              	.LBE3:
  49:functions.c   ****     }
  50:functions.c   **** }
 200              		.loc 1 50 0 is_stmt 1
 201 0022 38BD     		pop	{r3, r4, r5, pc}
 202              	.LVL16:
 203              	.L23:
 204              		.align	2
 205              	.L22:
 206 0024 00000000 		.word	adcBuffer
 207              		.cfi_endproc
 208              	.LFE66:
 209              		.size	uartSendBuffer, .-uartSendBuffer
 210              		.section	.text.uartSendFFTBuffer,"ax",%progbits
 211              		.align	2
 212              		.global	uartSendFFTBuffer
 213              		.thumb
 214              		.thumb_func
 215              		.type	uartSendFFTBuffer, %function
 216              	uartSendFFTBuffer:
 217              	.LFB67:
  51:functions.c   **** 
  52:functions.c   **** void uartSendFFTBuffer()
  53:functions.c   **** {
 218              		.loc 1 53 0
 219              		.cfi_startproc
 220              		@ args = 0, pretend = 0, frame = 0
 221              		@ frame_needed = 0, uses_anonymous_args = 0
 222 0000 38B5     		push	{r3, r4, r5, lr}
 223              		.cfi_def_cfa_offset 16
 224              		.cfi_offset 3, -16
 225              		.cfi_offset 4, -12
 226              		.cfi_offset 5, -8
 227              		.cfi_offset 14, -4
 228              	.LVL17:
ARM GAS  C:\Users\DHEERA~1\AppData\Local\Temp\ccL0epSP.s 			page 6


 229              	.LBB4:
  54:functions.c   ****     for (int i = 0; i < 2 * NUM_OF_SAMPLES; i++)
 230              		.loc 1 54 0
 231 0002 0024     		movs	r4, #0
 232 0004 16E0     		b	.L25
 233              	.LVL18:
 234              	.L26:
  55:functions.c   ****     {
  56:functions.c   ****         UART_LOG_PutChar(fftOutput[i] & 0xFF);
 235              		.loc 1 56 0 discriminator 3
 236 0006 124D     		ldr	r5, .L30
 237 0008 15F82400 		ldrb	r0, [r5, r4, lsl #2]	@ zero_extendqisi2
 238 000c FFF7FEFF 		bl	UART_LOG_PutChar
 239              	.LVL19:
  57:functions.c   ****         UART_LOG_PutChar((fftOutput[i] >> 8) & 0xFF);
 240              		.loc 1 57 0 discriminator 3
 241 0010 55F82400 		ldr	r0, [r5, r4, lsl #2]
 242 0014 C0F30720 		ubfx	r0, r0, #8, #8
 243 0018 FFF7FEFF 		bl	UART_LOG_PutChar
 244              	.LVL20:
  58:functions.c   ****         UART_LOG_PutChar((fftOutput[i] >> 16) & 0xFF);
 245              		.loc 1 58 0 discriminator 3
 246 001c 55F82400 		ldr	r0, [r5, r4, lsl #2]
 247 0020 C0F30740 		ubfx	r0, r0, #16, #8
 248 0024 FFF7FEFF 		bl	UART_LOG_PutChar
 249              	.LVL21:
  59:functions.c   ****         UART_LOG_PutChar((fftOutput[i] >> 24) & 0xFF);
 250              		.loc 1 59 0 discriminator 3
 251 0028 55F82400 		ldr	r0, [r5, r4, lsl #2]
 252 002c 000E     		lsrs	r0, r0, #24
 253 002e FFF7FEFF 		bl	UART_LOG_PutChar
 254              	.LVL22:
  54:functions.c   ****     {
 255              		.loc 1 54 0 discriminator 3
 256 0032 0134     		adds	r4, r4, #1
 257              	.LVL23:
 258              	.L25:
  54:functions.c   ****     {
 259              		.loc 1 54 0 is_stmt 0 discriminator 1
 260 0034 B4F5006F 		cmp	r4, #2048
 261 0038 E5DB     		blt	.L26
 262 003a 0024     		movs	r4, #0
 263              	.LVL24:
 264 003c 04E0     		b	.L27
 265              	.LVL25:
 266              	.L28:
 267              	.LBE4:
 268              	.LBB5:
  60:functions.c   ****     }
  61:functions.c   ****     
  62:functions.c   ****     for (int i = 0; i < NUM_OF_SAMPLES; i++)
  63:functions.c   ****     {
  64:functions.c   ****         UART_LOG_PutChar(cfar_output[i]);
 269              		.loc 1 64 0 is_stmt 1 discriminator 3
 270 003e 054B     		ldr	r3, .L30+4
 271 0040 185D     		ldrb	r0, [r3, r4]	@ zero_extendqisi2
 272 0042 FFF7FEFF 		bl	UART_LOG_PutChar
ARM GAS  C:\Users\DHEERA~1\AppData\Local\Temp\ccL0epSP.s 			page 7


 273              	.LVL26:
  62:functions.c   ****     {
 274              		.loc 1 62 0 discriminator 3
 275 0046 0134     		adds	r4, r4, #1
 276              	.LVL27:
 277              	.L27:
  62:functions.c   ****     {
 278              		.loc 1 62 0 is_stmt 0 discriminator 1
 279 0048 B4F5806F 		cmp	r4, #1024
 280 004c F7DB     		blt	.L28
 281              	.LBE5:
  65:functions.c   ****     }
  66:functions.c   **** }
 282              		.loc 1 66 0 is_stmt 1
 283 004e 38BD     		pop	{r3, r4, r5, pc}
 284              	.LVL28:
 285              	.L31:
 286              		.align	2
 287              	.L30:
 288 0050 00000000 		.word	fftOutput
 289 0054 00000000 		.word	cfar_output
 290              		.cfi_endproc
 291              	.LFE67:
 292              		.size	uartSendFFTBuffer, .-uartSendFFTBuffer
 293              		.section	.text.updateLEDs,"ax",%progbits
 294              		.align	2
 295              		.global	updateLEDs
 296              		.thumb
 297              		.thumb_func
 298              		.type	updateLEDs, %function
 299              	updateLEDs:
 300              	.LFB68:
  67:functions.c   **** 
  68:functions.c   **** void updateLEDs(uint8_t red, uint8_t orange, uint8_t green)
  69:functions.c   **** {
 301              		.loc 1 69 0
 302              		.cfi_startproc
 303              		@ args = 0, pretend = 0, frame = 0
 304              		@ frame_needed = 0, uses_anonymous_args = 0
 305              	.LVL29:
 306 0000 38B5     		push	{r3, r4, r5, lr}
 307              		.cfi_def_cfa_offset 16
 308              		.cfi_offset 3, -16
 309              		.cfi_offset 4, -12
 310              		.cfi_offset 5, -8
 311              		.cfi_offset 14, -4
 312 0002 0D46     		mov	r5, r1
 313 0004 1446     		mov	r4, r2
  70:functions.c   ****     led_red_Write(red);
 314              		.loc 1 70 0
 315 0006 FFF7FEFF 		bl	led_red_Write
 316              	.LVL30:
  71:functions.c   ****     led_orange_Write(orange);
 317              		.loc 1 71 0
 318 000a 2846     		mov	r0, r5
 319 000c FFF7FEFF 		bl	led_orange_Write
 320              	.LVL31:
ARM GAS  C:\Users\DHEERA~1\AppData\Local\Temp\ccL0epSP.s 			page 8


  72:functions.c   ****     led_green_Write(green);
 321              		.loc 1 72 0
 322 0010 2046     		mov	r0, r4
 323 0012 FFF7FEFF 		bl	led_green_Write
 324              	.LVL32:
 325 0016 38BD     		pop	{r3, r4, r5, pc}
 326              		.cfi_endproc
 327              	.LFE68:
 328              		.size	updateLEDs, .-updateLEDs
 329              		.section	.text.initializeHardware,"ax",%progbits
 330              		.align	2
 331              		.global	initializeHardware
 332              		.thumb
 333              		.thumb_func
 334              		.type	initializeHardware, %function
 335              	initializeHardware:
 336              	.LFB69:
  73:functions.c   **** }
  74:functions.c   **** 
  75:functions.c   **** void initializeHardware()
  76:functions.c   **** {
 337              		.loc 1 76 0
 338              		.cfi_startproc
 339              		@ args = 0, pretend = 0, frame = 0
 340              		@ frame_needed = 0, uses_anonymous_args = 0
 341 0000 08B5     		push	{r3, lr}
 342              		.cfi_def_cfa_offset 8
 343              		.cfi_offset 3, -8
 344              		.cfi_offset 14, -4
  77:functions.c   ****     WaveDAC8_1_Start();
 345              		.loc 1 77 0
 346 0002 FFF7FEFF 		bl	WaveDAC8_1_Start
 347              	.LVL33:
  78:functions.c   ****     UART_LOG_Start();
 348              		.loc 1 78 0
 349 0006 FFF7FEFF 		bl	UART_LOG_Start
 350              	.LVL34:
  79:functions.c   ****     ADC_Start();
 351              		.loc 1 79 0
 352 000a FFF7FEFF 		bl	ADC_Start
 353              	.LVL35:
  80:functions.c   ****     isr_Button_StartEx(Button_ISR_Handler);
 354              		.loc 1 80 0
 355 000e 0648     		ldr	r0, .L36
 356 0010 FFF7FEFF 		bl	isr_Button_StartEx
 357              	.LVL36:
  81:functions.c   ****     isr_UART_StartEx(UART_ISR_Handler);
 358              		.loc 1 81 0
 359 0014 0548     		ldr	r0, .L36+4
 360 0016 FFF7FEFF 		bl	isr_UART_StartEx
 361              	.LVL37:
  82:functions.c   ****     updateLEDs(0, 0, 0);
 362              		.loc 1 82 0
 363 001a 0022     		movs	r2, #0
 364 001c 1146     		mov	r1, r2
 365 001e 1046     		mov	r0, r2
 366 0020 FFF7FEFF 		bl	updateLEDs
ARM GAS  C:\Users\DHEERA~1\AppData\Local\Temp\ccL0epSP.s 			page 9


 367              	.LVL38:
 368 0024 08BD     		pop	{r3, pc}
 369              	.L37:
 370 0026 00BF     		.align	2
 371              	.L36:
 372 0028 00000000 		.word	Button_ISR_Handler
 373 002c 00000000 		.word	UART_ISR_Handler
 374              		.cfi_endproc
 375              	.LFE69:
 376              		.size	initializeHardware, .-initializeHardware
 377              		.section	.text.flushRxBuffer,"ax",%progbits
 378              		.align	2
 379              		.global	flushRxBuffer
 380              		.thumb
 381              		.thumb_func
 382              		.type	flushRxBuffer, %function
 383              	flushRxBuffer:
 384              	.LFB70:
  83:functions.c   **** }
  84:functions.c   **** 
  85:functions.c   **** void flushRxBuffer()
  86:functions.c   **** {
 385              		.loc 1 86 0
 386              		.cfi_startproc
 387              		@ args = 0, pretend = 0, frame = 0
 388              		@ frame_needed = 0, uses_anonymous_args = 0
 389 0000 08B5     		push	{r3, lr}
 390              		.cfi_def_cfa_offset 8
 391              		.cfi_offset 3, -8
 392              		.cfi_offset 14, -4
  87:functions.c   ****     while (UART_LOG_GetRxBufferSize())
 393              		.loc 1 87 0
 394 0002 01E0     		b	.L39
 395              	.L40:
  88:functions.c   ****     {
  89:functions.c   ****         UART_LOG_GetChar();
 396              		.loc 1 89 0
 397 0004 FFF7FEFF 		bl	UART_LOG_GetChar
 398              	.LVL39:
 399              	.L39:
  87:functions.c   ****     while (UART_LOG_GetRxBufferSize())
 400              		.loc 1 87 0
 401 0008 FFF7FEFF 		bl	UART_LOG_GetRxBufferSize
 402              	.LVL40:
 403 000c 0028     		cmp	r0, #0
 404 000e F9D1     		bne	.L40
  90:functions.c   ****     }
  91:functions.c   **** }...
 405              		.loc 1 91 0
 406 0010 08BD     		pop	{r3, pc}
 407              		.cfi_endproc
 408              	.LFE70:
 409              		.size	flushRxBuffer, .-flushRxBuffer
 410              		.comm	fftOutput,8192,4
 411              		.global	uart_o_received
 412              		.global	uart_s_received
 413              		.global	sampleCount
ARM GAS  C:\Users\DHEERA~1\AppData\Local\Temp\ccL0epSP.s 			page 10


 414              		.global	buttonPressed
 415              		.comm	adcBuffer,2048,4
 416              		.global	state
 417 0012 00BF     		.bss
 418              		.set	.LANCHOR0,. + 0
 419              		.type	buttonPressed, %object
 420              		.size	buttonPressed, 1
 421              	buttonPressed:
 422 0000 00       		.space	1
 423              		.type	uart_s_received, %object
 424              		.size	uart_s_received, 1
 425              	uart_s_received:
 426 0001 00       		.space	1
 427              		.type	uart_o_received, %object
 428              		.size	uart_o_received, 1
 429              	uart_o_received:
 430 0002 00       		.space	1
 431              		.type	sampleCount, %object
 432              		.size	sampleCount, 1
 433              	sampleCount:
 434 0003 00       		.space	1
 435              		.type	state, %object
 436              		.size	state, 1
 437              	state:
 438 0004 00       		.space	1
 439              		.text
 440              	.Letext0:
 441              		.file 2 "d:\\psoc creator\\4.4\\psoc creator\\import\\gnu\\arm\\5.4.1\\arm-none-eabi\\include\\mac
 442              		.file 3 "d:\\psoc creator\\4.4\\psoc creator\\import\\gnu\\arm\\5.4.1\\arm-none-eabi\\include\\sys
 443              		.file 4 "Generated_Source\\PSoC5/cytypes.h"
 444              		.file 5 "functions.h"
 445              		.file 6 "Generated_Source\\PSoC5/core_cm3.h"
 446              		.file 7 "Generated_Source\\PSoC5/isr_Button.h"
 447              		.file 8 "Generated_Source\\PSoC5/Button.h"
 448              		.file 9 "Generated_Source\\PSoC5/UART_LOG.h"
 449              		.file 10 "Generated_Source\\PSoC5/isr_UART.h"
 450              		.file 11 "Generated_Source\\PSoC5/ADC.h"
 451              		.file 12 "Generated_Source\\PSoC5/led_red.h"
 452              		.file 13 "Generated_Source\\PSoC5/led_orange.h"
 453              		.file 14 "Generated_Source\\PSoC5/led_green.h"
 454              		.file 15 "Generated_Source\\PSoC5/WaveDAC8_1.h"
 455              		.section	.debug_info,"",%progbits
 456              	.Ldebug_info0:
 457 0000 FE040000 		.4byte	0x4fe
 458 0004 0400     		.2byte	0x4
 459 0006 00000000 		.4byte	.Ldebug_abbrev0
 460 000a 04       		.byte	0x4
 461 000b 01       		.uleb128 0x1
 462 000c AE030000 		.4byte	.LASF62
 463 0010 0C       		.byte	0xc
 464 0011 D5020000 		.4byte	.LASF63
 465 0015 4C020000 		.4byte	.LASF64
 466 0019 00000000 		.4byte	.Ldebug_ranges0+0
 467 001d 00000000 		.4byte	0
 468 0021 00000000 		.4byte	.Ldebug_line0
 469 0025 02       		.uleb128 0x2
 470 0026 01       		.byte	0x1
ARM GAS  C:\Users\DHEERA~1\AppData\Local\Temp\ccL0epSP.s 			page 11


 471 0027 06       		.byte	0x6
 472 0028 C0010000 		.4byte	.LASF0
 473 002c 03       		.uleb128 0x3
 474 002d 4D010000 		.4byte	.LASF3
 475 0031 02       		.byte	0x2
 476 0032 1D       		.byte	0x1d
 477 0033 37000000 		.4byte	0x37
 478 0037 02       		.uleb128 0x2
 479 0038 01       		.byte	0x1
 480 0039 08       		.byte	0x8
 481 003a 69010000 		.4byte	.LASF1
 482 003e 02       		.uleb128 0x2
 483 003f 02       		.byte	0x2
 484 0040 05       		.byte	0x5
 485 0041 55000000 		.4byte	.LASF2
 486 0045 03       		.uleb128 0x3
 487 0046 8B000000 		.4byte	.LASF4
 488 004a 02       		.byte	0x2
 489 004b 2B       		.byte	0x2b
 490 004c 50000000 		.4byte	0x50
 491 0050 02       		.uleb128 0x2
 492 0051 02       		.byte	0x2
 493 0052 07       		.byte	0x7
 494 0053 16020000 		.4byte	.LASF5
 495 0057 03       		.uleb128 0x3
 496 0058 02030000 		.4byte	.LASF6
 497 005c 02       		.byte	0x2
 498 005d 3F       		.byte	0x3f
 499 005e 62000000 		.4byte	0x62
 500 0062 02       		.uleb128 0x2
 501 0063 04       		.byte	0x4
 502 0064 05       		.byte	0x5
 503 0065 44010000 		.4byte	.LASF7
 504 0069 02       		.uleb128 0x2
 505 006a 04       		.byte	0x4
 506 006b 07       		.byte	0x7
 507 006c B6020000 		.4byte	.LASF8
 508 0070 02       		.uleb128 0x2
 509 0071 08       		.byte	0x8
 510 0072 05       		.byte	0x5
 511 0073 0D010000 		.4byte	.LASF9
 512 0077 02       		.uleb128 0x2
 513 0078 08       		.byte	0x8
 514 0079 07       		.byte	0x7
 515 007a DB010000 		.4byte	.LASF10
 516 007e 04       		.uleb128 0x4
 517 007f 04       		.byte	0x4
 518 0080 05       		.byte	0x5
 519 0081 696E7400 		.ascii	"int\000"
 520 0085 02       		.uleb128 0x2
 521 0086 04       		.byte	0x4
 522 0087 07       		.byte	0x7
 523 0088 F2010000 		.4byte	.LASF11
 524 008c 03       		.uleb128 0x3
 525 008d D6000000 		.4byte	.LASF12
 526 0091 03       		.byte	0x3
 527 0092 18       		.byte	0x18
ARM GAS  C:\Users\DHEERA~1\AppData\Local\Temp\ccL0epSP.s 			page 12


 528 0093 2C000000 		.4byte	0x2c
 529 0097 03       		.uleb128 0x3
 530 0098 FF010000 		.4byte	.LASF13
 531 009c 03       		.byte	0x3
 532 009d 24       		.byte	0x24
 533 009e 45000000 		.4byte	0x45
 534 00a2 03       		.uleb128 0x3
 535 00a3 3A020000 		.4byte	.LASF14
 536 00a7 03       		.byte	0x3
 537 00a8 2C       		.byte	0x2c
 538 00a9 57000000 		.4byte	0x57
 539 00ad 05       		.uleb128 0x5
 540 00ae C8020000 		.4byte	.LASF15
 541 00b2 04       		.byte	0x4
 542 00b3 EE01     		.2byte	0x1ee
 543 00b5 62000000 		.4byte	0x62
 544 00b9 02       		.uleb128 0x2
 545 00ba 04       		.byte	0x4
 546 00bb 04       		.byte	0x4
 547 00bc F4000000 		.4byte	.LASF16
 548 00c0 02       		.uleb128 0x2
 549 00c1 08       		.byte	0x8
 550 00c2 04       		.byte	0x4
 551 00c3 CE020000 		.4byte	.LASF17
 552 00c7 02       		.uleb128 0x2
 553 00c8 01       		.byte	0x1
 554 00c9 08       		.byte	0x8
 555 00ca 31010000 		.4byte	.LASF18
 556 00ce 02       		.uleb128 0x2
 557 00cf 08       		.byte	0x8
 558 00d0 04       		.byte	0x4
 559 00d1 5D010000 		.4byte	.LASF19
 560 00d5 02       		.uleb128 0x2
 561 00d6 04       		.byte	0x4
 562 00d7 07       		.byte	0x7
 563 00d8 82000000 		.4byte	.LASF20
 564 00dc 06       		.uleb128 0x6
 565 00dd 8C000000 		.4byte	0x8c
 566 00e1 07       		.uleb128 0x7
 567 00e2 01       		.byte	0x1
 568 00e3 37000000 		.4byte	0x37
 569 00e7 05       		.byte	0x5
 570 00e8 09       		.byte	0x9
 571 00e9 00010000 		.4byte	0x100
 572 00ed 08       		.uleb128 0x8
 573 00ee EF000000 		.4byte	.LASF21
 574 00f2 00       		.byte	0
 575 00f3 08       		.uleb128 0x8
 576 00f4 1B010000 		.4byte	.LASF22
 577 00f8 01       		.byte	0x1
 578 00f9 08       		.uleb128 0x8
 579 00fa C8000000 		.4byte	.LASF23
 580 00fe 02       		.byte	0x2
 581 00ff 00       		.byte	0
 582 0100 03       		.uleb128 0x3
 583 0101 2B010000 		.4byte	.LASF24
 584 0105 05       		.byte	0x5
ARM GAS  C:\Users\DHEERA~1\AppData\Local\Temp\ccL0epSP.s 			page 13


 585 0106 09       		.byte	0x9
 586 0107 E1000000 		.4byte	0xe1
 587 010b 09       		.uleb128 0x9
 588 010c FA000000 		.4byte	.LASF25
 589 0110 01       		.byte	0x1
 590 0111 0C       		.byte	0xc
 591 0112 00000000 		.4byte	.LFB63
 592 0116 18000000 		.4byte	.LFE63-.LFB63
 593 011a 01       		.uleb128 0x1
 594 011b 9C       		.byte	0x9c
 595 011c 33010000 		.4byte	0x133
 596 0120 0A       		.uleb128 0xa
 597 0121 0C000000 		.4byte	.LVL0
 598 0125 46040000 		.4byte	0x446
 599 0129 0A       		.uleb128 0xa
 600 012a 10000000 		.4byte	.LVL1
 601 012e 51040000 		.4byte	0x451
 602 0132 00       		.byte	0
 603 0133 09       		.uleb128 0x9
 604 0134 DE000000 		.4byte	.LASF26
 605 0138 01       		.byte	0x1
 606 0139 13       		.byte	0x13
 607 013a 00000000 		.4byte	.LFB64
 608 013e 28000000 		.4byte	.LFE64-.LFB64
 609 0142 01       		.uleb128 0x1
 610 0143 9C       		.byte	0x9c
 611 0144 6A010000 		.4byte	0x16a
 612 0148 0B       		.uleb128 0xb
 613 0149 EB020000 		.4byte	.LASF28
 614 014d 01       		.byte	0x1
 615 014e 15       		.byte	0x15
 616 014f 8C000000 		.4byte	0x8c
 617 0153 00000000 		.4byte	.LLST0
 618 0157 0A       		.uleb128 0xa
 619 0158 06000000 		.4byte	.LVL2
 620 015c 5C040000 		.4byte	0x45c
 621 0160 0A       		.uleb128 0xa
 622 0161 20000000 		.4byte	.LVL3
 623 0165 67040000 		.4byte	0x467
 624 0169 00       		.byte	0
 625 016a 09       		.uleb128 0x9
 626 016b B6010000 		.4byte	.LASF27
 627 016f 01       		.byte	0x1
 628 0170 21       		.byte	0x21
 629 0171 00000000 		.4byte	.LFB65
 630 0175 2C000000 		.4byte	.LFE65-.LFB65
 631 0179 01       		.uleb128 0x1
 632 017a 9C       		.byte	0x9c
 633 017b BC010000 		.4byte	0x1bc
 634 017f 0C       		.uleb128 0xc
 635 0180 02000000 		.4byte	.LBB2
 636 0184 24000000 		.4byte	.LBE2-.LBB2
 637 0188 0D       		.uleb128 0xd
 638 0189 6900     		.ascii	"i\000"
 639 018b 01       		.byte	0x1
 640 018c 23       		.byte	0x23
 641 018d 7E000000 		.4byte	0x7e
ARM GAS  C:\Users\DHEERA~1\AppData\Local\Temp\ccL0epSP.s 			page 14


 642 0191 13000000 		.4byte	.LLST1
 643 0195 0A       		.uleb128 0xa
 644 0196 0A000000 		.4byte	.LVL6
 645 019a 72040000 		.4byte	0x472
 646 019e 0E       		.uleb128 0xe
 647 019f 10000000 		.4byte	.LVL7
 648 01a3 7D040000 		.4byte	0x47d
 649 01a7 B1010000 		.4byte	0x1b1
 650 01ab 0F       		.uleb128 0xf
 651 01ac 01       		.uleb128 0x1
 652 01ad 50       		.byte	0x50
 653 01ae 01       		.uleb128 0x1
 654 01af 31       		.byte	0x31
 655 01b0 00       		.byte	0
 656 01b1 0A       		.uleb128 0xa
 657 01b2 18000000 		.4byte	.LVL8
 658 01b6 88040000 		.4byte	0x488
 659 01ba 00       		.byte	0
 660 01bb 00       		.byte	0
 661 01bc 09       		.uleb128 0x9
 662 01bd CC010000 		.4byte	.LASF29
 663 01c1 01       		.byte	0x1
 664 01c2 2B       		.byte	0x2b
 665 01c3 00000000 		.4byte	.LFB66
 666 01c7 28000000 		.4byte	.LFE66-.LFB66
 667 01cb 01       		.uleb128 0x1
 668 01cc 9C       		.byte	0x9c
 669 01cd FB010000 		.4byte	0x1fb
 670 01d1 0C       		.uleb128 0xc
 671 01d2 02000000 		.4byte	.LBB3
 672 01d6 20000000 		.4byte	.LBE3-.LBB3
 673 01da 0D       		.uleb128 0xd
 674 01db 6900     		.ascii	"i\000"
 675 01dd 01       		.byte	0x1
 676 01de 2D       		.byte	0x2d
 677 01df 7E000000 		.4byte	0x7e
 678 01e3 32000000 		.4byte	.LLST2
 679 01e7 0A       		.uleb128 0xa
 680 01e8 10000000 		.4byte	.LVL13
 681 01ec 93040000 		.4byte	0x493
 682 01f0 0A       		.uleb128 0xa
 683 01f1 1A000000 		.4byte	.LVL14
 684 01f5 93040000 		.4byte	0x493
 685 01f9 00       		.byte	0
 686 01fa 00       		.byte	0
 687 01fb 09       		.uleb128 0x9
 688 01fc 70000000 		.4byte	.LASF30
 689 0200 01       		.byte	0x1
 690 0201 34       		.byte	0x34
 691 0202 00000000 		.4byte	.LFB67
 692 0206 58000000 		.4byte	.LFE67-.LFB67
 693 020a 01       		.uleb128 0x1
 694 020b 9C       		.byte	0x9c
 695 020c 70020000 		.4byte	0x270
 696 0210 10       		.uleb128 0x10
 697 0211 02000000 		.4byte	.LBB4
 698 0215 3C000000 		.4byte	.LBE4-.LBB4
ARM GAS  C:\Users\DHEERA~1\AppData\Local\Temp\ccL0epSP.s 			page 15


 699 0219 4F020000 		.4byte	0x24f
 700 021d 0D       		.uleb128 0xd
 701 021e 6900     		.ascii	"i\000"
 702 0220 01       		.byte	0x1
 703 0221 36       		.byte	0x36
 704 0222 7E000000 		.4byte	0x7e
 705 0226 51000000 		.4byte	.LLST3
 706 022a 0A       		.uleb128 0xa
 707 022b 10000000 		.4byte	.LVL19
 708 022f 93040000 		.4byte	0x493
 709 0233 0A       		.uleb128 0xa
 710 0234 1C000000 		.4byte	.LVL20
 711 0238 93040000 		.4byte	0x493
 712 023c 0A       		.uleb128 0xa
 713 023d 28000000 		.4byte	.LVL21
 714 0241 93040000 		.4byte	0x493
 715 0245 0A       		.uleb128 0xa
 716 0246 32000000 		.4byte	.LVL22
 717 024a 93040000 		.4byte	0x493
 718 024e 00       		.byte	0
 719 024f 0C       		.uleb128 0xc
 720 0250 3E000000 		.4byte	.LBB5
 721 0254 10000000 		.4byte	.LBE5-.LBB5
 722 0258 0D       		.uleb128 0xd
 723 0259 6900     		.ascii	"i\000"
 724 025b 01       		.byte	0x1
 725 025c 3E       		.byte	0x3e
 726 025d 7E000000 		.4byte	0x7e
 727 0261 70000000 		.4byte	.LLST4
 728 0265 0A       		.uleb128 0xa
 729 0266 46000000 		.4byte	.LVL26
 730 026a 93040000 		.4byte	0x493
 731 026e 00       		.byte	0
 732 026f 00       		.byte	0
 733 0270 09       		.uleb128 0x9
 734 0271 96000000 		.4byte	.LASF31
 735 0275 01       		.byte	0x1
 736 0276 44       		.byte	0x44
 737 0277 00000000 		.4byte	.LFB68
 738 027b 18000000 		.4byte	.LFE68-.LFB68
 739 027f 01       		.uleb128 0x1
 740 0280 9C       		.byte	0x9c
 741 0281 E0020000 		.4byte	0x2e0
 742 0285 11       		.uleb128 0x11
 743 0286 72656400 		.ascii	"red\000"
 744 028a 01       		.byte	0x1
 745 028b 44       		.byte	0x44
 746 028c 8C000000 		.4byte	0x8c
 747 0290 83000000 		.4byte	.LLST5
 748 0294 12       		.uleb128 0x12
 749 0295 24010000 		.4byte	.LASF32
 750 0299 01       		.byte	0x1
 751 029a 44       		.byte	0x44
 752 029b 8C000000 		.4byte	0x8c
 753 029f A4000000 		.4byte	.LLST6
 754 02a3 12       		.uleb128 0x12
 755 02a4 57010000 		.4byte	.LASF33
ARM GAS  C:\Users\DHEERA~1\AppData\Local\Temp\ccL0epSP.s 			page 16


 756 02a8 01       		.byte	0x1
 757 02a9 44       		.byte	0x44
 758 02aa 8C000000 		.4byte	0x8c
 759 02ae C5000000 		.4byte	.LLST7
 760 02b2 0A       		.uleb128 0xa
 761 02b3 0A000000 		.4byte	.LVL30
 762 02b7 9E040000 		.4byte	0x49e
 763 02bb 0E       		.uleb128 0xe
 764 02bc 10000000 		.4byte	.LVL31
 765 02c0 A9040000 		.4byte	0x4a9
 766 02c4 CF020000 		.4byte	0x2cf
 767 02c8 0F       		.uleb128 0xf
 768 02c9 01       		.uleb128 0x1
 769 02ca 50       		.byte	0x50
 770 02cb 02       		.uleb128 0x2
 771 02cc 75       		.byte	0x75
 772 02cd 00       		.sleb128 0
 773 02ce 00       		.byte	0
 774 02cf 13       		.uleb128 0x13
 775 02d0 16000000 		.4byte	.LVL32
 776 02d4 B4040000 		.4byte	0x4b4
 777 02d8 0F       		.uleb128 0xf
 778 02d9 01       		.uleb128 0x1
 779 02da 50       		.byte	0x50
 780 02db 02       		.uleb128 0x2
 781 02dc 74       		.byte	0x74
 782 02dd 00       		.sleb128 0
 783 02de 00       		.byte	0
 784 02df 00       		.byte	0
 785 02e0 09       		.uleb128 0x9
 786 02e1 A1000000 		.4byte	.LASF34
 787 02e5 01       		.byte	0x1
 788 02e6 4B       		.byte	0x4b
 789 02e7 00000000 		.4byte	.LFB69
 790 02eb 30000000 		.4byte	.LFE69-.LFB69
 791 02ef 01       		.uleb128 0x1
 792 02f0 9C       		.byte	0x9c
 793 02f1 58030000 		.4byte	0x358
 794 02f5 0A       		.uleb128 0xa
 795 02f6 06000000 		.4byte	.LVL33
 796 02fa BF040000 		.4byte	0x4bf
 797 02fe 0A       		.uleb128 0xa
 798 02ff 0A000000 		.4byte	.LVL34
 799 0303 CA040000 		.4byte	0x4ca
 800 0307 0A       		.uleb128 0xa
 801 0308 0E000000 		.4byte	.LVL35
 802 030c D5040000 		.4byte	0x4d5
 803 0310 0E       		.uleb128 0xe
 804 0311 14000000 		.4byte	.LVL36
 805 0315 E0040000 		.4byte	0x4e0
 806 0319 27030000 		.4byte	0x327
 807 031d 0F       		.uleb128 0xf
 808 031e 01       		.uleb128 0x1
 809 031f 50       		.byte	0x50
 810 0320 05       		.uleb128 0x5
 811 0321 03       		.byte	0x3
 812 0322 00000000 		.4byte	Button_ISR_Handler
ARM GAS  C:\Users\DHEERA~1\AppData\Local\Temp\ccL0epSP.s 			page 17


 813 0326 00       		.byte	0
 814 0327 0E       		.uleb128 0xe
 815 0328 1A000000 		.4byte	.LVL37
 816 032c EB040000 		.4byte	0x4eb
 817 0330 3E030000 		.4byte	0x33e
 818 0334 0F       		.uleb128 0xf
 819 0335 01       		.uleb128 0x1
 820 0336 50       		.byte	0x50
 821 0337 05       		.uleb128 0x5
 822 0338 03       		.byte	0x3
 823 0339 00000000 		.4byte	UART_ISR_Handler
 824 033d 00       		.byte	0
 825 033e 13       		.uleb128 0x13
 826 033f 24000000 		.4byte	.LVL38
 827 0343 70020000 		.4byte	0x270
 828 0347 0F       		.uleb128 0xf
 829 0348 01       		.uleb128 0x1
 830 0349 50       		.byte	0x50
 831 034a 01       		.uleb128 0x1
 832 034b 30       		.byte	0x30
 833 034c 0F       		.uleb128 0xf
 834 034d 01       		.uleb128 0x1
 835 034e 51       		.byte	0x51
 836 034f 01       		.uleb128 0x1
 837 0350 30       		.byte	0x30
 838 0351 0F       		.uleb128 0xf
 839 0352 01       		.uleb128 0x1
 840 0353 52       		.byte	0x52
 841 0354 01       		.uleb128 0x1
 842 0355 30       		.byte	0x30
 843 0356 00       		.byte	0
 844 0357 00       		.byte	0
 845 0358 09       		.uleb128 0x9
 846 0359 08020000 		.4byte	.LASF35
 847 035d 01       		.byte	0x1
 848 035e 55       		.byte	0x55
 849 035f 00000000 		.4byte	.LFB70
 850 0363 12000000 		.4byte	.LFE70-.LFB70
 851 0367 01       		.uleb128 0x1
 852 0368 9C       		.byte	0x9c
 853 0369 80030000 		.4byte	0x380
 854 036d 0A       		.uleb128 0xa
 855 036e 08000000 		.4byte	.LVL39
 856 0372 5C040000 		.4byte	0x45c
 857 0376 0A       		.uleb128 0xa
 858 0377 0C000000 		.4byte	.LVL40
 859 037b F6040000 		.4byte	0x4f6
 860 037f 00       		.byte	0
 861 0380 14       		.uleb128 0x14
 862 0381 A1030000 		.4byte	.LASF36
 863 0385 06       		.byte	0x6
 864 0386 1207     		.2byte	0x712
 865 0388 8C030000 		.4byte	0x38c
 866 038c 06       		.uleb128 0x6
 867 038d A2000000 		.4byte	0xa2
 868 0391 15       		.uleb128 0x15
 869 0392 41000000 		.4byte	.LASF37
ARM GAS  C:\Users\DHEERA~1\AppData\Local\Temp\ccL0epSP.s 			page 18


 870 0396 01       		.byte	0x1
 871 0397 03       		.byte	0x3
 872 0398 00010000 		.4byte	0x100
 873 039c 05       		.uleb128 0x5
 874 039d 03       		.byte	0x3
 875 039e 00000000 		.4byte	state
 876 03a2 16       		.uleb128 0x16
 877 03a3 97000000 		.4byte	0x97
 878 03a7 B3030000 		.4byte	0x3b3
 879 03ab 17       		.uleb128 0x17
 880 03ac D5000000 		.4byte	0xd5
 881 03b0 FF03     		.2byte	0x3ff
 882 03b2 00       		.byte	0
 883 03b3 15       		.uleb128 0x15
 884 03b4 E1020000 		.4byte	.LASF38
 885 03b8 01       		.byte	0x1
 886 03b9 04       		.byte	0x4
 887 03ba A2030000 		.4byte	0x3a2
 888 03be 05       		.uleb128 0x5
 889 03bf 03       		.byte	0x3
 890 03c0 00000000 		.4byte	adcBuffer
 891 03c4 15       		.uleb128 0x15
 892 03c5 36010000 		.4byte	.LASF39
 893 03c9 01       		.byte	0x1
 894 03ca 05       		.byte	0x5
 895 03cb DC000000 		.4byte	0xdc
 896 03cf 05       		.uleb128 0x5
 897 03d0 03       		.byte	0x3
 898 03d1 00000000 		.4byte	buttonPressed
 899 03d5 15       		.uleb128 0x15
 900 03d6 3A030000 		.4byte	.LASF40
 901 03da 01       		.byte	0x1
 902 03db 06       		.byte	0x6
 903 03dc 8C000000 		.4byte	0x8c
 904 03e0 05       		.uleb128 0x5
 905 03e1 03       		.byte	0x3
 906 03e2 00000000 		.4byte	sampleCount
 907 03e6 15       		.uleb128 0x15
 908 03e7 91030000 		.4byte	.LASF41
 909 03eb 01       		.byte	0x1
 910 03ec 07       		.byte	0x7
 911 03ed DC000000 		.4byte	0xdc
 912 03f1 05       		.uleb128 0x5
 913 03f2 03       		.byte	0x3
 914 03f3 00000000 		.4byte	uart_s_received
 915 03f7 15       		.uleb128 0x15
 916 03f8 F2020000 		.4byte	.LASF42
 917 03fc 01       		.byte	0x1
 918 03fd 08       		.byte	0x8
 919 03fe DC000000 		.4byte	0xdc
 920 0402 05       		.uleb128 0x5
 921 0403 03       		.byte	0x3
 922 0404 00000000 		.4byte	uart_o_received
 923 0408 16       		.uleb128 0x16
 924 0409 AD000000 		.4byte	0xad
 925 040d 19040000 		.4byte	0x419
 926 0411 17       		.uleb128 0x17
ARM GAS  C:\Users\DHEERA~1\AppData\Local\Temp\ccL0epSP.s 			page 19


 927 0412 D5000000 		.4byte	0xd5
 928 0416 FF07     		.2byte	0x7ff
 929 0418 00       		.byte	0
 930 0419 15       		.uleb128 0x15
 931 041a 37000000 		.4byte	.LASF43
 932 041e 01       		.byte	0x1
 933 041f 09       		.byte	0x9
 934 0420 08040000 		.4byte	0x408
 935 0424 05       		.uleb128 0x5
 936 0425 03       		.byte	0x3
 937 0426 00000000 		.4byte	fftOutput
 938 042a 16       		.uleb128 0x16
 939 042b 8C000000 		.4byte	0x8c
 940 042f 3B040000 		.4byte	0x43b
 941 0433 17       		.uleb128 0x17
 942 0434 D5000000 		.4byte	0xd5
 943 0438 FF03     		.2byte	0x3ff
 944 043a 00       		.byte	0
 945 043b 18       		.uleb128 0x18
 946 043c 0C030000 		.4byte	.LASF44
 947 0440 01       		.byte	0x1
 948 0441 0A       		.byte	0xa
 949 0442 2A040000 		.4byte	0x42a
 950 0446 19       		.uleb128 0x19
 951 0447 00000000 		.4byte	.LASF45
 952 044b 00000000 		.4byte	.LASF45
 953 044f 07       		.byte	0x7
 954 0450 28       		.byte	0x28
 955 0451 19       		.uleb128 0x19
 956 0452 77010000 		.4byte	.LASF46
 957 0456 77010000 		.4byte	.LASF46
 958 045a 08       		.byte	0x8
 959 045b 2B       		.byte	0x2b
 960 045c 19       		.uleb128 0x19
 961 045d 18030000 		.4byte	.LASF47
 962 0461 18030000 		.4byte	.LASF47
 963 0465 09       		.byte	0x9
 964 0466 71       		.byte	0x71
 965 0467 19       		.uleb128 0x19
 966 0468 68030000 		.4byte	.LASF48
 967 046c 68030000 		.4byte	.LASF48
 968 0470 0A       		.byte	0xa
 969 0471 28       		.byte	0x28
 970 0472 19       		.uleb128 0x19
 971 0473 57030000 		.4byte	.LASF49
 972 0477 57030000 		.4byte	.LASF49
 973 047b 0B       		.byte	0xb
 974 047c 3D       		.byte	0x3d
 975 047d 19       		.uleb128 0x19
 976 047e B4000000 		.4byte	.LASF50
 977 0482 B4000000 		.4byte	.LASF50
 978 0486 0B       		.byte	0xb
 979 0487 3F       		.byte	0x3f
 980 0488 19       		.uleb128 0x19
 981 0489 27000000 		.4byte	.LASF51
 982 048d 27000000 		.4byte	.LASF51
 983 0491 0B       		.byte	0xb
ARM GAS  C:\Users\DHEERA~1\AppData\Local\Temp\ccL0epSP.s 			page 20


 984 0492 41       		.byte	0x41
 985 0493 19       		.uleb128 0x19
 986 0494 5F000000 		.4byte	.LASF52
 987 0498 5F000000 		.4byte	.LASF52
 988 049c 09       		.byte	0x9
 989 049d 8A       		.byte	0x8a
 990 049e 19       		.uleb128 0x19
 991 049f 47000000 		.4byte	.LASF53
 992 04a3 47000000 		.4byte	.LASF53
 993 04a7 0C       		.byte	0xc
 994 04a8 26       		.byte	0x26
 995 04a9 19       		.uleb128 0x19
 996 04aa 46030000 		.4byte	.LASF54
 997 04ae 46030000 		.4byte	.LASF54
 998 04b2 0D       		.byte	0xd
 999 04b3 26       		.byte	0x26
 1000 04b4 19       		.uleb128 0x19
 1001 04b5 A6010000 		.4byte	.LASF55
 1002 04b9 A6010000 		.4byte	.LASF55
 1003 04bd 0E       		.byte	0xe
 1004 04be 26       		.byte	0x26
 1005 04bf 19       		.uleb128 0x19
 1006 04c0 29030000 		.4byte	.LASF56
 1007 04c4 29030000 		.4byte	.LASF56
 1008 04c8 0F       		.byte	0xf
 1009 04c9 67       		.byte	0x67
 1010 04ca 19       		.uleb128 0x19
 1011 04cb 18000000 		.4byte	.LASF57
 1012 04cf 18000000 		.4byte	.LASF57
 1013 04d3 09       		.byte	0x9
 1014 04d4 54       		.byte	0x54
 1015 04d5 19       		.uleb128 0x19
 1016 04d6 42020000 		.4byte	.LASF58
 1017 04da 42020000 		.4byte	.LASF58
 1018 04de 0B       		.byte	0xb
 1019 04df 3A       		.byte	0x3a
 1020 04e0 19       		.uleb128 0x19
 1021 04e1 7E030000 		.4byte	.LASF59
 1022 04e5 7E030000 		.4byte	.LASF59
 1023 04e9 07       		.byte	0x7
 1024 04ea 18       		.byte	0x18
 1025 04eb 19       		.uleb128 0x19
 1026 04ec 29020000 		.4byte	.LASF60
 1027 04f0 29020000 		.4byte	.LASF60
 1028 04f4 0A       		.byte	0xa
 1029 04f5 18       		.byte	0x18
 1030 04f6 19       		.uleb128 0x19
 1031 04f7 8D010000 		.4byte	.LASF61
 1032 04fb 8D010000 		.4byte	.LASF61
 1033 04ff 09       		.byte	0x9
 1034 0500 73       		.byte	0x73
 1035 0501 00       		.byte	0
 1036              		.section	.debug_abbrev,"",%progbits
 1037              	.Ldebug_abbrev0:
 1038 0000 01       		.uleb128 0x1
 1039 0001 11       		.uleb128 0x11
 1040 0002 01       		.byte	0x1
ARM GAS  C:\Users\DHEERA~1\AppData\Local\Temp\ccL0epSP.s 			page 21


 1041 0003 25       		.uleb128 0x25
 1042 0004 0E       		.uleb128 0xe
 1043 0005 13       		.uleb128 0x13
 1044 0006 0B       		.uleb128 0xb
 1045 0007 03       		.uleb128 0x3
 1046 0008 0E       		.uleb128 0xe
 1047 0009 1B       		.uleb128 0x1b
 1048 000a 0E       		.uleb128 0xe
 1049 000b 55       		.uleb128 0x55
 1050 000c 17       		.uleb128 0x17
 1051 000d 11       		.uleb128 0x11
 1052 000e 01       		.uleb128 0x1
 1053 000f 10       		.uleb128 0x10
 1054 0010 17       		.uleb128 0x17
 1055 0011 00       		.byte	0
 1056 0012 00       		.byte	0
 1057 0013 02       		.uleb128 0x2
 1058 0014 24       		.uleb128 0x24
 1059 0015 00       		.byte	0
 1060 0016 0B       		.uleb128 0xb
 1061 0017 0B       		.uleb128 0xb
 1062 0018 3E       		.uleb128 0x3e
 1063 0019 0B       		.uleb128 0xb
 1064 001a 03       		.uleb128 0x3
 1065 001b 0E       		.uleb128 0xe
 1066 001c 00       		.byte	0
 1067 001d 00       		.byte	0
 1068 001e 03       		.uleb128 0x3
 1069 001f 16       		.uleb128 0x16
 1070 0020 00       		.byte	0
 1071 0021 03       		.uleb128 0x3
 1072 0022 0E       		.uleb128 0xe
 1073 0023 3A       		.uleb128 0x3a
 1074 0024 0B       		.uleb128 0xb
 1075 0025 3B       		.uleb128 0x3b
 1076 0026 0B       		.uleb128 0xb
 1077 0027 49       		.uleb128 0x49
 1078 0028 13       		.uleb128 0x13
 1079 0029 00       		.byte	0
 1080 002a 00       		.byte	0
 1081 002b 04       		.uleb128 0x4
 1082 002c 24       		.uleb128 0x24
 1083 002d 00       		.byte	0
 1084 002e 0B       		.uleb128 0xb
 1085 002f 0B       		.uleb128 0xb
 1086 0030 3E       		.uleb128 0x3e
 1087 0031 0B       		.uleb128 0xb
 1088 0032 03       		.uleb128 0x3
 1089 0033 08       		.uleb128 0x8
 1090 0034 00       		.byte	0
 1091 0035 00       		.byte	0
 1092 0036 05       		.uleb128 0x5
 1093 0037 16       		.uleb128 0x16
 1094 0038 00       		.byte	0
 1095 0039 03       		.uleb128 0x3
 1096 003a 0E       		.uleb128 0xe
 1097 003b 3A       		.uleb128 0x3a
ARM GAS  C:\Users\DHEERA~1\AppData\Local\Temp\ccL0epSP.s 			page 22


 1098 003c 0B       		.uleb128 0xb
 1099 003d 3B       		.uleb128 0x3b
 1100 003e 05       		.uleb128 0x5
 1101 003f 49       		.uleb128 0x49
 1102 0040 13       		.uleb128 0x13
 1103 0041 00       		.byte	0
 1104 0042 00       		.byte	0
 1105 0043 06       		.uleb128 0x6
 1106 0044 35       		.uleb128 0x35
 1107 0045 00       		.byte	0
 1108 0046 49       		.uleb128 0x49
 1109 0047 13       		.uleb128 0x13
 1110 0048 00       		.byte	0
 1111 0049 00       		.byte	0
 1112 004a 07       		.uleb128 0x7
 1113 004b 04       		.uleb128 0x4
 1114 004c 01       		.byte	0x1
 1115 004d 0B       		.uleb128 0xb
 1116 004e 0B       		.uleb128 0xb
 1117 004f 49       		.uleb128 0x49
 1118 0050 13       		.uleb128 0x13
 1119 0051 3A       		.uleb128 0x3a
 1120 0052 0B       		.uleb128 0xb
 1121 0053 3B       		.uleb128 0x3b
 1122 0054 0B       		.uleb128 0xb
 1123 0055 01       		.uleb128 0x1
 1124 0056 13       		.uleb128 0x13
 1125 0057 00       		.byte	0
 1126 0058 00       		.byte	0
 1127 0059 08       		.uleb128 0x8
 1128 005a 28       		.uleb128 0x28
 1129 005b 00       		.byte	0
 1130 005c 03       		.uleb128 0x3
 1131 005d 0E       		.uleb128 0xe
 1132 005e 1C       		.uleb128 0x1c
 1133 005f 0B       		.uleb128 0xb
 1134 0060 00       		.byte	0
 1135 0061 00       		.byte	0
 1136 0062 09       		.uleb128 0x9
 1137 0063 2E       		.uleb128 0x2e
 1138 0064 01       		.byte	0x1
 1139 0065 3F       		.uleb128 0x3f
 1140 0066 19       		.uleb128 0x19
 1141 0067 03       		.uleb128 0x3
 1142 0068 0E       		.uleb128 0xe
 1143 0069 3A       		.uleb128 0x3a
 1144 006a 0B       		.uleb128 0xb
 1145 006b 3B       		.uleb128 0x3b
 1146 006c 0B       		.uleb128 0xb
 1147 006d 27       		.uleb128 0x27
 1148 006e 19       		.uleb128 0x19
 1149 006f 11       		.uleb128 0x11
 1150 0070 01       		.uleb128 0x1
 1151 0071 12       		.uleb128 0x12
 1152 0072 06       		.uleb128 0x6
 1153 0073 40       		.uleb128 0x40
 1154 0074 18       		.uleb128 0x18
ARM GAS  C:\Users\DHEERA~1\AppData\Local\Temp\ccL0epSP.s 			page 23


 1155 0075 9742     		.uleb128 0x2117
 1156 0077 19       		.uleb128 0x19
 1157 0078 01       		.uleb128 0x1
 1158 0079 13       		.uleb128 0x13
 1159 007a 00       		.byte	0
 1160 007b 00       		.byte	0
 1161 007c 0A       		.uleb128 0xa
 1162 007d 898201   		.uleb128 0x4109
 1163 0080 00       		.byte	0
 1164 0081 11       		.uleb128 0x11
 1165 0082 01       		.uleb128 0x1
 1166 0083 31       		.uleb128 0x31
 1167 0084 13       		.uleb128 0x13
 1168 0085 00       		.byte	0
 1169 0086 00       		.byte	0
 1170 0087 0B       		.uleb128 0xb
 1171 0088 34       		.uleb128 0x34
 1172 0089 00       		.byte	0
 1173 008a 03       		.uleb128 0x3
 1174 008b 0E       		.uleb128 0xe
 1175 008c 3A       		.uleb128 0x3a
 1176 008d 0B       		.uleb128 0xb
 1177 008e 3B       		.uleb128 0x3b
 1178 008f 0B       		.uleb128 0xb
 1179 0090 49       		.uleb128 0x49
 1180 0091 13       		.uleb128 0x13
 1181 0092 02       		.uleb128 0x2
 1182 0093 17       		.uleb128 0x17
 1183 0094 00       		.byte	0
 1184 0095 00       		.byte	0
 1185 0096 0C       		.uleb128 0xc
 1186 0097 0B       		.uleb128 0xb
 1187 0098 01       		.byte	0x1
 1188 0099 11       		.uleb128 0x11
 1189 009a 01       		.uleb128 0x1
 1190 009b 12       		.uleb128 0x12
 1191 009c 06       		.uleb128 0x6
 1192 009d 00       		.byte	0
 1193 009e 00       		.byte	0
 1194 009f 0D       		.uleb128 0xd
 1195 00a0 34       		.uleb128 0x34
 1196 00a1 00       		.byte	0
 1197 00a2 03       		.uleb128 0x3
 1198 00a3 08       		.uleb128 0x8
 1199 00a4 3A       		.uleb128 0x3a
 1200 00a5 0B       		.uleb128 0xb
 1201 00a6 3B       		.uleb128 0x3b
 1202 00a7 0B       		.uleb128 0xb
 1203 00a8 49       		.uleb128 0x49
 1204 00a9 13       		.uleb128 0x13
 1205 00aa 02       		.uleb128 0x2
 1206 00ab 17       		.uleb128 0x17
 1207 00ac 00       		.byte	0
 1208 00ad 00       		.byte	0
 1209 00ae 0E       		.uleb128 0xe
 1210 00af 898201   		.uleb128 0x4109
 1211 00b2 01       		.byte	0x1
ARM GAS  C:\Users\DHEERA~1\AppData\Local\Temp\ccL0epSP.s 			page 24


 1212 00b3 11       		.uleb128 0x11
 1213 00b4 01       		.uleb128 0x1
 1214 00b5 31       		.uleb128 0x31
 1215 00b6 13       		.uleb128 0x13
 1216 00b7 01       		.uleb128 0x1
 1217 00b8 13       		.uleb128 0x13
 1218 00b9 00       		.byte	0
 1219 00ba 00       		.byte	0
 1220 00bb 0F       		.uleb128 0xf
 1221 00bc 8A8201   		.uleb128 0x410a
 1222 00bf 00       		.byte	0
 1223 00c0 02       		.uleb128 0x2
 1224 00c1 18       		.uleb128 0x18
 1225 00c2 9142     		.uleb128 0x2111
 1226 00c4 18       		.uleb128 0x18
 1227 00c5 00       		.byte	0
 1228 00c6 00       		.byte	0
 1229 00c7 10       		.uleb128 0x10
 1230 00c8 0B       		.uleb128 0xb
 1231 00c9 01       		.byte	0x1
 1232 00ca 11       		.uleb128 0x11
 1233 00cb 01       		.uleb128 0x1
 1234 00cc 12       		.uleb128 0x12
 1235 00cd 06       		.uleb128 0x6
 1236 00ce 01       		.uleb128 0x1
 1237 00cf 13       		.uleb128 0x13
 1238 00d0 00       		.byte	0
 1239 00d1 00       		.byte	0
 1240 00d2 11       		.uleb128 0x11
 1241 00d3 05       		.uleb128 0x5
 1242 00d4 00       		.byte	0
 1243 00d5 03       		.uleb128 0x3
 1244 00d6 08       		.uleb128 0x8
 1245 00d7 3A       		.uleb128 0x3a
 1246 00d8 0B       		.uleb128 0xb
 1247 00d9 3B       		.uleb128 0x3b
 1248 00da 0B       		.uleb128 0xb
 1249 00db 49       		.uleb128 0x49
 1250 00dc 13       		.uleb128 0x13
 1251 00dd 02       		.uleb128 0x2
 1252 00de 17       		.uleb128 0x17
 1253 00df 00       		.byte	0
 1254 00e0 00       		.byte	0
 1255 00e1 12       		.uleb128 0x12
 1256 00e2 05       		.uleb128 0x5
 1257 00e3 00       		.byte	0
 1258 00e4 03       		.uleb128 0x3
 1259 00e5 0E       		.uleb128 0xe
 1260 00e6 3A       		.uleb128 0x3a
 1261 00e7 0B       		.uleb128 0xb
 1262 00e8 3B       		.uleb128 0x3b
 1263 00e9 0B       		.uleb128 0xb
 1264 00ea 49       		.uleb128 0x49
 1265 00eb 13       		.uleb128 0x13
 1266 00ec 02       		.uleb128 0x2
 1267 00ed 17       		.uleb128 0x17
 1268 00ee 00       		.byte	0
ARM GAS  C:\Users\DHEERA~1\AppData\Local\Temp\ccL0epSP.s 			page 25


 1269 00ef 00       		.byte	0
 1270 00f0 13       		.uleb128 0x13
 1271 00f1 898201   		.uleb128 0x4109
 1272 00f4 01       		.byte	0x1
 1273 00f5 11       		.uleb128 0x11
 1274 00f6 01       		.uleb128 0x1
 1275 00f7 31       		.uleb128 0x31
 1276 00f8 13       		.uleb128 0x13
 1277 00f9 00       		.byte	0
 1278 00fa 00       		.byte	0
 1279 00fb 14       		.uleb128 0x14
 1280 00fc 34       		.uleb128 0x34
 1281 00fd 00       		.byte	0
 1282 00fe 03       		.uleb128 0x3
 1283 00ff 0E       		.uleb128 0xe
 1284 0100 3A       		.uleb128 0x3a
 1285 0101 0B       		.uleb128 0xb
 1286 0102 3B       		.uleb128 0x3b
 1287 0103 05       		.uleb128 0x5
 1288 0104 49       		.uleb128 0x49
 1289 0105 13       		.uleb128 0x13
 1290 0106 3F       		.uleb128 0x3f
 1291 0107 19       		.uleb128 0x19
 1292 0108 3C       		.uleb128 0x3c
 1293 0109 19       		.uleb128 0x19
 1294 010a 00       		.byte	0
 1295 010b 00       		.byte	0
 1296 010c 15       		.uleb128 0x15
 1297 010d 34       		.uleb128 0x34
 1298 010e 00       		.byte	0
 1299 010f 03       		.uleb128 0x3
 1300 0110 0E       		.uleb128 0xe
 1301 0111 3A       		.uleb128 0x3a
 1302 0112 0B       		.uleb128 0xb
 1303 0113 3B       		.uleb128 0x3b
 1304 0114 0B       		.uleb128 0xb
 1305 0115 49       		.uleb128 0x49
 1306 0116 13       		.uleb128 0x13
 1307 0117 3F       		.uleb128 0x3f
 1308 0118 19       		.uleb128 0x19
 1309 0119 02       		.uleb128 0x2
 1310 011a 18       		.uleb128 0x18
 1311 011b 00       		.byte	0
 1312 011c 00       		.byte	0
 1313 011d 16       		.uleb128 0x16
 1314 011e 01       		.uleb128 0x1
 1315 011f 01       		.byte	0x1
 1316 0120 49       		.uleb128 0x49
 1317 0121 13       		.uleb128 0x13
 1318 0122 01       		.uleb128 0x1
 1319 0123 13       		.uleb128 0x13
 1320 0124 00       		.byte	0
 1321 0125 00       		.byte	0
 1322 0126 17       		.uleb128 0x17
 1323 0127 21       		.uleb128 0x21
 1324 0128 00       		.byte	0
 1325 0129 49       		.uleb128 0x49
ARM GAS  C:\Users\DHEERA~1\AppData\Local\Temp\ccL0epSP.s 			page 26


 1326 012a 13       		.uleb128 0x13
 1327 012b 2F       		.uleb128 0x2f
 1328 012c 05       		.uleb128 0x5
 1329 012d 00       		.byte	0
 1330 012e 00       		.byte	0
 1331 012f 18       		.uleb128 0x18
 1332 0130 34       		.uleb128 0x34
 1333 0131 00       		.byte	0
 1334 0132 03       		.uleb128 0x3
 1335 0133 0E       		.uleb128 0xe
 1336 0134 3A       		.uleb128 0x3a
 1337 0135 0B       		.uleb128 0xb
 1338 0136 3B       		.uleb128 0x3b
 1339 0137 0B       		.uleb128 0xb
 1340 0138 49       		.uleb128 0x49
 1341 0139 13       		.uleb128 0x13
 1342 013a 3F       		.uleb128 0x3f
 1343 013b 19       		.uleb128 0x19
 1344 013c 3C       		.uleb128 0x3c
 1345 013d 19       		.uleb128 0x19
 1346 013e 00       		.byte	0
 1347 013f 00       		.byte	0
 1348 0140 19       		.uleb128 0x19
 1349 0141 2E       		.uleb128 0x2e
 1350 0142 00       		.byte	0
 1351 0143 3F       		.uleb128 0x3f
 1352 0144 19       		.uleb128 0x19
 1353 0145 3C       		.uleb128 0x3c
 1354 0146 19       		.uleb128 0x19
 1355 0147 6E       		.uleb128 0x6e
 1356 0148 0E       		.uleb128 0xe
 1357 0149 03       		.uleb128 0x3
 1358 014a 0E       		.uleb128 0xe
 1359 014b 3A       		.uleb128 0x3a
 1360 014c 0B       		.uleb128 0xb
 1361 014d 3B       		.uleb128 0x3b
 1362 014e 0B       		.uleb128 0xb
 1363 014f 00       		.byte	0
 1364 0150 00       		.byte	0
 1365 0151 00       		.byte	0
 1366              		.section	.debug_loc,"",%progbits
 1367              	.Ldebug_loc0:
 1368              	.LLST0:
 1369 0000 06000000 		.4byte	.LVL2
 1370 0004 1F000000 		.4byte	.LVL3-1
 1371 0008 0100     		.2byte	0x1
 1372 000a 50       		.byte	0x50
 1373 000b 00000000 		.4byte	0
 1374 000f 00000000 		.4byte	0
 1375              	.LLST1:
 1376 0013 02000000 		.4byte	.LVL4
 1377 0017 06000000 		.4byte	.LVL5
 1378 001b 0200     		.2byte	0x2
 1379 001d 30       		.byte	0x30
 1380 001e 9F       		.byte	0x9f
 1381 001f 06000000 		.4byte	.LVL5
 1382 0023 28000000 		.4byte	.LVL10
ARM GAS  C:\Users\DHEERA~1\AppData\Local\Temp\ccL0epSP.s 			page 27


 1383 0027 0100     		.2byte	0x1
 1384 0029 54       		.byte	0x54
 1385 002a 00000000 		.4byte	0
 1386 002e 00000000 		.4byte	0
 1387              	.LLST2:
 1388 0032 02000000 		.4byte	.LVL11
 1389 0036 06000000 		.4byte	.LVL12
 1390 003a 0200     		.2byte	0x2
 1391 003c 30       		.byte	0x30
 1392 003d 9F       		.byte	0x9f
 1393 003e 06000000 		.4byte	.LVL12
 1394 0042 24000000 		.4byte	.LVL16
 1395 0046 0100     		.2byte	0x1
 1396 0048 54       		.byte	0x54
 1397 0049 00000000 		.4byte	0
 1398 004d 00000000 		.4byte	0
 1399              	.LLST3:
 1400 0051 02000000 		.4byte	.LVL17
 1401 0055 06000000 		.4byte	.LVL18
 1402 0059 0200     		.2byte	0x2
 1403 005b 30       		.byte	0x30
 1404 005c 9F       		.byte	0x9f
 1405 005d 06000000 		.4byte	.LVL18
 1406 0061 3C000000 		.4byte	.LVL24
 1407 0065 0100     		.2byte	0x1
 1408 0067 54       		.byte	0x54
 1409 0068 00000000 		.4byte	0
 1410 006c 00000000 		.4byte	0
 1411              	.LLST4:
 1412 0070 3E000000 		.4byte	.LVL25
 1413 0074 50000000 		.4byte	.LVL28
 1414 0078 0100     		.2byte	0x1
 1415 007a 54       		.byte	0x54
 1416 007b 00000000 		.4byte	0
 1417 007f 00000000 		.4byte	0
 1418              	.LLST5:
 1419 0083 00000000 		.4byte	.LVL29
 1420 0087 09000000 		.4byte	.LVL30-1
 1421 008b 0100     		.2byte	0x1
 1422 008d 50       		.byte	0x50
 1423 008e 09000000 		.4byte	.LVL30-1
 1424 0092 18000000 		.4byte	.LFE68
 1425 0096 0400     		.2byte	0x4
 1426 0098 F3       		.byte	0xf3
 1427 0099 01       		.uleb128 0x1
 1428 009a 50       		.byte	0x50
 1429 009b 9F       		.byte	0x9f
 1430 009c 00000000 		.4byte	0
 1431 00a0 00000000 		.4byte	0
 1432              	.LLST6:
 1433 00a4 00000000 		.4byte	.LVL29
 1434 00a8 09000000 		.4byte	.LVL30-1
 1435 00ac 0100     		.2byte	0x1
 1436 00ae 51       		.byte	0x51
 1437 00af 09000000 		.4byte	.LVL30-1
 1438 00b3 18000000 		.4byte	.LFE68
 1439 00b7 0400     		.2byte	0x4
ARM GAS  C:\Users\DHEERA~1\AppData\Local\Temp\ccL0epSP.s 			page 28


 1440 00b9 F3       		.byte	0xf3
 1441 00ba 01       		.uleb128 0x1
 1442 00bb 51       		.byte	0x51
 1443 00bc 9F       		.byte	0x9f
 1444 00bd 00000000 		.4byte	0
 1445 00c1 00000000 		.4byte	0
 1446              	.LLST7:
 1447 00c5 00000000 		.4byte	.LVL29
 1448 00c9 09000000 		.4byte	.LVL30-1
 1449 00cd 0100     		.2byte	0x1
 1450 00cf 52       		.byte	0x52
 1451 00d0 09000000 		.4byte	.LVL30-1
 1452 00d4 18000000 		.4byte	.LFE68
 1453 00d8 0400     		.2byte	0x4
 1454 00da F3       		.byte	0xf3
 1455 00db 01       		.uleb128 0x1
 1456 00dc 52       		.byte	0x52
 1457 00dd 9F       		.byte	0x9f
 1458 00de 00000000 		.4byte	0
 1459 00e2 00000000 		.4byte	0
 1460              		.section	.debug_aranges,"",%progbits
 1461 0000 54000000 		.4byte	0x54
 1462 0004 0200     		.2byte	0x2
 1463 0006 00000000 		.4byte	.Ldebug_info0
 1464 000a 04       		.byte	0x4
 1465 000b 00       		.byte	0
 1466 000c 0000     		.2byte	0
 1467 000e 0000     		.2byte	0
 1468 0010 00000000 		.4byte	.LFB63
 1469 0014 18000000 		.4byte	.LFE63-.LFB63
 1470 0018 00000000 		.4byte	.LFB64
 1471 001c 28000000 		.4byte	.LFE64-.LFB64
 1472 0020 00000000 		.4byte	.LFB65
 1473 0024 2C000000 		.4byte	.LFE65-.LFB65
 1474 0028 00000000 		.4byte	.LFB66
 1475 002c 28000000 		.4byte	.LFE66-.LFB66
 1476 0030 00000000 		.4byte	.LFB67
 1477 0034 58000000 		.4byte	.LFE67-.LFB67
 1478 0038 00000000 		.4byte	.LFB68
 1479 003c 18000000 		.4byte	.LFE68-.LFB68
 1480 0040 00000000 		.4byte	.LFB69
 1481 0044 30000000 		.4byte	.LFE69-.LFB69
 1482 0048 00000000 		.4byte	.LFB70
 1483 004c 12000000 		.4byte	.LFE70-.LFB70
 1484 0050 00000000 		.4byte	0
 1485 0054 00000000 		.4byte	0
 1486              		.section	.debug_ranges,"",%progbits
 1487              	.Ldebug_ranges0:
 1488 0000 00000000 		.4byte	.LFB63
 1489 0004 18000000 		.4byte	.LFE63
 1490 0008 00000000 		.4byte	.LFB64
 1491 000c 28000000 		.4byte	.LFE64
 1492 0010 00000000 		.4byte	.LFB65
 1493 0014 2C000000 		.4byte	.LFE65
 1494 0018 00000000 		.4byte	.LFB66
 1495 001c 28000000 		.4byte	.LFE66
 1496 0020 00000000 		.4byte	.LFB67
ARM GAS  C:\Users\DHEERA~1\AppData\Local\Temp\ccL0epSP.s 			page 29


 1497 0024 58000000 		.4byte	.LFE67
 1498 0028 00000000 		.4byte	.LFB68
 1499 002c 18000000 		.4byte	.LFE68
 1500 0030 00000000 		.4byte	.LFB69
 1501 0034 30000000 		.4byte	.LFE69
 1502 0038 00000000 		.4byte	.LFB70
 1503 003c 12000000 		.4byte	.LFE70
 1504 0040 00000000 		.4byte	0
 1505 0044 00000000 		.4byte	0
 1506              		.section	.debug_line,"",%progbits
 1507              	.Ldebug_line0:
 1508 0000 A2020000 		.section	.debug_str,"MS",%progbits,1
 1508      0200A501 
 1508      00000201 
 1508      FB0E0D00 
 1508      01010101 
 1509              	.LASF45:
 1510 0000 6973725F 		.ascii	"isr_Button_ClearPending\000"
 1510      42757474 
 1510      6F6E5F43 
 1510      6C656172 
 1510      50656E64 
 1511              	.LASF57:
 1512 0018 55415254 		.ascii	"UART_LOG_Start\000"
 1512      5F4C4F47 
 1512      5F537461 
 1512      727400
 1513              	.LASF51:
 1514 0027 4144435F 		.ascii	"ADC_GetResult16\000"
 1514      47657452 
 1514      6573756C 
 1514      74313600 
 1515              	.LASF43:
 1516 0037 6666744F 		.ascii	"fftOutput\000"
 1516      75747075 
 1516      7400
 1517              	.LASF37:
 1518 0041 73746174 		.ascii	"state\000"
 1518      6500
 1519              	.LASF53:
 1520 0047 6C65645F 		.ascii	"led_red_Write\000"
 1520      7265645F 
 1520      57726974 
 1520      6500
 1521              	.LASF2:
 1522 0055 73686F72 		.ascii	"short int\000"
 1522      7420696E 
 1522      7400
 1523              	.LASF52:
 1524 005f 55415254 		.ascii	"UART_LOG_PutChar\000"
 1524      5F4C4F47 
 1524      5F507574 
 1524      43686172 
 1524      00
 1525              	.LASF30:
 1526 0070 75617274 		.ascii	"uartSendFFTBuffer\000"
 1526      53656E64 
ARM GAS  C:\Users\DHEERA~1\AppData\Local\Temp\ccL0epSP.s 			page 30


 1526      46465442 
 1526      75666665 
 1526      7200
 1527              	.LASF20:
 1528 0082 73697A65 		.ascii	"sizetype\000"
 1528      74797065 
 1528      00
 1529              	.LASF4:
 1530 008b 5F5F7569 		.ascii	"__uint16_t\000"
 1530      6E743136 
 1530      5F7400
 1531              	.LASF31:
 1532 0096 75706461 		.ascii	"updateLEDs\000"
 1532      74654C45 
 1532      447300
 1533              	.LASF34:
 1534 00a1 696E6974 		.ascii	"initializeHardware\000"
 1534      69616C69 
 1534      7A654861 
 1534      72647761 
 1534      726500
 1535              	.LASF50:
 1536 00b4 4144435F 		.ascii	"ADC_IsEndConversion\000"
 1536      4973456E 
 1536      64436F6E 
 1536      76657273 
 1536      696F6E00 
 1537              	.LASF23:
 1538 00c8 55415254 		.ascii	"UART_TRANSFER\000"
 1538      5F545241 
 1538      4E534645 
 1538      5200
 1539              	.LASF12:
 1540 00d6 75696E74 		.ascii	"uint8_t\000"
 1540      385F7400 
 1541              	.LASF26:
 1542 00de 55415254 		.ascii	"UART_ISR_Handler\000"
 1542      5F495352 
 1542      5F48616E 
 1542      646C6572 
 1542      00
 1543              	.LASF21:
 1544 00ef 49444C45 		.ascii	"IDLE\000"
 1544      00
 1545              	.LASF16:
 1546 00f4 666C6F61 		.ascii	"float\000"
 1546      7400
 1547              	.LASF25:
 1548 00fa 42757474 		.ascii	"Button_ISR_Handler\000"
 1548      6F6E5F49 
 1548      53525F48 
 1548      616E646C 
 1548      657200
 1549              	.LASF9:
 1550 010d 6C6F6E67 		.ascii	"long long int\000"
 1550      206C6F6E 
 1550      6720696E 
ARM GAS  C:\Users\DHEERA~1\AppData\Local\Temp\ccL0epSP.s 			page 31


 1550      7400
 1551              	.LASF22:
 1552 011b 53414D50 		.ascii	"SAMPLING\000"
 1552      4C494E47 
 1552      00
 1553              	.LASF32:
 1554 0124 6F72616E 		.ascii	"orange\000"
 1554      676500
 1555              	.LASF24:
 1556 012b 53746174 		.ascii	"State\000"
 1556      6500
 1557              	.LASF18:
 1558 0131 63686172 		.ascii	"char\000"
 1558      00
 1559              	.LASF39:
 1560 0136 62757474 		.ascii	"buttonPressed\000"
 1560      6F6E5072 
 1560      65737365 
 1560      6400
 1561              	.LASF7:
 1562 0144 6C6F6E67 		.ascii	"long int\000"
 1562      20696E74 
 1562      00
 1563              	.LASF3:
 1564 014d 5F5F7569 		.ascii	"__uint8_t\000"
 1564      6E74385F 
 1564      7400
 1565              	.LASF33:
 1566 0157 67726565 		.ascii	"green\000"
 1566      6E00
 1567              	.LASF19:
 1568 015d 6C6F6E67 		.ascii	"long double\000"
 1568      20646F75 
 1568      626C6500 
 1569              	.LASF1:
 1570 0169 756E7369 		.ascii	"unsigned char\000"
 1570      676E6564 
 1570      20636861 
 1570      7200
 1571              	.LASF46:
 1572 0177 42757474 		.ascii	"Button_ClearInterrupt\000"
 1572      6F6E5F43 
 1572      6C656172 
 1572      496E7465 
 1572      72727570 
 1573              	.LASF61:
 1574 018d 55415254 		.ascii	"UART_LOG_GetRxBufferSize\000"
 1574      5F4C4F47 
 1574      5F476574 
 1574      52784275 
 1574      66666572 
 1575              	.LASF55:
 1576 01a6 6C65645F 		.ascii	"led_green_Write\000"
 1576      67726565 
 1576      6E5F5772 
 1576      69746500 
 1577              	.LASF27:
ARM GAS  C:\Users\DHEERA~1\AppData\Local\Temp\ccL0epSP.s 			page 32


 1578 01b6 73616D70 		.ascii	"sampleADC\000"
 1578      6C654144 
 1578      4300
 1579              	.LASF0:
 1580 01c0 7369676E 		.ascii	"signed char\000"
 1580      65642063 
 1580      68617200 
 1581              	.LASF29:
 1582 01cc 75617274 		.ascii	"uartSendBuffer\000"
 1582      53656E64 
 1582      42756666 
 1582      657200
 1583              	.LASF10:
 1584 01db 6C6F6E67 		.ascii	"long long unsigned int\000"
 1584      206C6F6E 
 1584      6720756E 
 1584      7369676E 
 1584      65642069 
 1585              	.LASF11:
 1586 01f2 756E7369 		.ascii	"unsigned int\000"
 1586      676E6564 
 1586      20696E74 
 1586      00
 1587              	.LASF13:
 1588 01ff 75696E74 		.ascii	"uint16_t\000"
 1588      31365F74 
 1588      00
 1589              	.LASF35:
 1590 0208 666C7573 		.ascii	"flushRxBuffer\000"
 1590      68527842 
 1590      75666665 
 1590      7200
 1591              	.LASF5:
 1592 0216 73686F72 		.ascii	"short unsigned int\000"
 1592      7420756E 
 1592      7369676E 
 1592      65642069 
 1592      6E7400
 1593              	.LASF60:
 1594 0229 6973725F 		.ascii	"isr_UART_StartEx\000"
 1594      55415254 
 1594      5F537461 
 1594      72744578 
 1594      00
 1595              	.LASF14:
 1596 023a 696E7433 		.ascii	"int32_t\000"
 1596      325F7400 
 1597              	.LASF58:
 1598 0242 4144435F 		.ascii	"ADC_Start\000"
 1598      53746172 
 1598      7400
 1599              	.LASF64:
 1600 024c 443A5C4D 		.ascii	"D:\\MS\\HDA\\Embedded\\Second_sem\\System_Driven_Ha"
 1600      535C4844 
 1600      415C456D 
 1600      62656464 
 1600      65645C53 
ARM GAS  C:\Users\DHEERA~1\AppData\Local\Temp\ccL0epSP.s 			page 33


 1601 027a 72647761 		.ascii	"rdware_Design\\Lab5\\v7\\Final_Design.cydsn\\Final_"
 1601      72655F44 
 1601      65736967 
 1601      6E5C4C61 
 1601      62355C76 
 1602 02a9 44657369 		.ascii	"Design.cydsn\000"
 1602      676E2E63 
 1602      7964736E 
 1602      00
 1603              	.LASF8:
 1604 02b6 6C6F6E67 		.ascii	"long unsigned int\000"
 1604      20756E73 
 1604      69676E65 
 1604      6420696E 
 1604      7400
 1605              	.LASF15:
 1606 02c8 696E7433 		.ascii	"int32\000"
 1606      3200
 1607              	.LASF17:
 1608 02ce 646F7562 		.ascii	"double\000"
 1608      6C6500
 1609              	.LASF63:
 1610 02d5 66756E63 		.ascii	"functions.c\000"
 1610      74696F6E 
 1610      732E6300 
 1611              	.LASF38:
 1612 02e1 61646342 		.ascii	"adcBuffer\000"
 1612      75666665 
 1612      7200
 1613              	.LASF28:
 1614 02eb 72784368 		.ascii	"rxChar\000"
 1614      617200
 1615              	.LASF42:
 1616 02f2 75617274 		.ascii	"uart_o_received\000"
 1616      5F6F5F72 
 1616      65636569 
 1616      76656400 
 1617              	.LASF6:
 1618 0302 5F5F696E 		.ascii	"__int32_t\000"
 1618      7433325F 
 1618      7400
 1619              	.LASF44:
 1620 030c 63666172 		.ascii	"cfar_output\000"
 1620      5F6F7574 
 1620      70757400 
 1621              	.LASF47:
 1622 0318 55415254 		.ascii	"UART_LOG_GetChar\000"
 1622      5F4C4F47 
 1622      5F476574 
 1622      43686172 
 1622      00
 1623              	.LASF56:
 1624 0329 57617665 		.ascii	"WaveDAC8_1_Start\000"
 1624      44414338 
 1624      5F315F53 
 1624      74617274 
 1624      00
ARM GAS  C:\Users\DHEERA~1\AppData\Local\Temp\ccL0epSP.s 			page 34


 1625              	.LASF40:
 1626 033a 73616D70 		.ascii	"sampleCount\000"
 1626      6C65436F 
 1626      756E7400 
 1627              	.LASF54:
 1628 0346 6C65645F 		.ascii	"led_orange_Write\000"
 1628      6F72616E 
 1628      67655F57 
 1628      72697465 
 1628      00
 1629              	.LASF49:
 1630 0357 4144435F 		.ascii	"ADC_StartConvert\000"
 1630      53746172 
 1630      74436F6E 
 1630      76657274 
 1630      00
 1631              	.LASF48:
 1632 0368 6973725F 		.ascii	"isr_UART_ClearPending\000"
 1632      55415254 
 1632      5F436C65 
 1632      61725065 
 1632      6E64696E 
 1633              	.LASF59:
 1634 037e 6973725F 		.ascii	"isr_Button_StartEx\000"
 1634      42757474 
 1634      6F6E5F53 
 1634      74617274 
 1634      457800
 1635              	.LASF41:
 1636 0391 75617274 		.ascii	"uart_s_received\000"
 1636      5F735F72 
 1636      65636569 
 1636      76656400 
 1637              	.LASF36:
 1638 03a1 49544D5F 		.ascii	"ITM_RxBuffer\000"
 1638      52784275 
 1638      66666572 
 1638      00
 1639              	.LASF62:
 1640 03ae 474E5520 		.ascii	"GNU C11 5.4.1 20160609 (release) [ARM/embedded-5-br"
 1640      43313120 
 1640      352E342E 
 1640      31203230 
 1640      31363036 
 1641 03e1 616E6368 		.ascii	"anch revision 237715] -mcpu=cortex-m3 -mthumb -g -O"
 1641      20726576 
 1641      6973696F 
 1641      6E203233 
 1641      37373135 
 1642 0414 67202D66 		.ascii	"g -ffunction-sections -ffat-lto-objects\000"
 1642      66756E63 
 1642      74696F6E 
 1642      2D736563 
 1642      74696F6E 
 1643              		.ident	"GCC: (GNU Tools for ARM Embedded Processors) 5.4.1 20160609 (release) [ARM/embedded-5-bran
