ARM GAS  C:\Users\DHEERA~1\AppData\Local\Temp\ccsiIxSg.s 			page 1


   1              		.syntax unified
   2              		.cpu cortex-m3
   3              		.fpu softvfp
   4              		.eabi_attribute 20, 1
   5              		.eabi_attribute 21, 1
   6              		.eabi_attribute 23, 3
   7              		.eabi_attribute 24, 1
   8              		.eabi_attribute 25, 1
   9              		.eabi_attribute 26, 1
  10              		.eabi_attribute 30, 1
  11              		.eabi_attribute 34, 1
  12              		.eabi_attribute 18, 4
  13              		.thumb
  14              		.syntax unified
  15              		.file	"main.c"
  16              		.text
  17              	.Ltext0:
  18              		.cfi_sections	.debug_frame
  19              		.section	.text.main,"ax",%progbits
  20              		.align	2
  21              		.global	main
  22              		.thumb
  23              		.thumb_func
  24              		.type	main, %function
  25              	main:
  26              	.LFB119:
  27              		.file 1 "main.c"
   1:main.c        **** #include "project.h"
   2:main.c        **** #include "functions.h"
   3:main.c        **** #include <stdlib.h>
   4:main.c        **** #include "fft_application.h"
   5:main.c        **** extern int32 fftOutput[2 * NUM_OF_SAMPLES];
   6:main.c        **** 
   7:main.c        **** int main(void)
   8:main.c        **** {
  28              		.loc 1 8 0
  29              		.cfi_startproc
  30              		@ Volatile: function does not return.
  31              		@ args = 0, pretend = 0, frame = 0
  32              		@ frame_needed = 0, uses_anonymous_args = 0
  33 0000 08B5     		push	{r3, lr}
  34              		.cfi_def_cfa_offset 8
  35              		.cfi_offset 3, -8
  36              		.cfi_offset 14, -4
   9:main.c        ****     CyGlobalIntEnable;
  37              		.loc 1 9 0
  38              		.syntax unified
  39              	@ 9 "main.c" 1
  40 0002 62B6     		CPSIE   i
  41              	@ 0 "" 2
  10:main.c        ****     initializeHardware();
  42              		.loc 1 10 0
  43              		.thumb
  44              		.syntax unified
  45 0004 FFF7FEFF 		bl	initializeHardware
  46              	.LVL0:
  47              	.L3:
ARM GAS  C:\Users\DHEERA~1\AppData\Local\Temp\ccsiIxSg.s 			page 2


  11:main.c        **** 
  12:main.c        ****     for (;;)
  13:main.c        ****     {
  14:main.c        ****         switch (state)
  48              		.loc 1 14 0
  49 0008 2F4B     		ldr	r3, .L12
  50 000a 1B78     		ldrb	r3, [r3]	@ zero_extendqisi2
  51 000c 012B     		cmp	r3, #1
  52 000e 1CD0     		beq	.L4
  53 0010 13B1     		cbz	r3, .L5
  54 0012 022B     		cmp	r3, #2
  55 0014 36D0     		beq	.L6
  56 0016 F7E7     		b	.L3
  57              	.L5:
  15:main.c        ****         {
  16:main.c        ****             case IDLE:
  17:main.c        ****                 updateLEDs(0, 1, 1);  /**< Orange + Green ON */
  58              		.loc 1 17 0
  59 0018 0122     		movs	r2, #1
  60 001a 1146     		mov	r1, r2
  61 001c 0020     		movs	r0, #0
  62 001e FFF7FEFF 		bl	updateLEDs
  63              	.LVL1:
  18:main.c        ****                 flushRxBuffer();
  64              		.loc 1 18 0
  65 0022 FFF7FEFF 		bl	flushRxBuffer
  66              	.LVL2:
  19:main.c        ****                 if (buttonPressed == 1)
  67              		.loc 1 19 0
  68 0026 294B     		ldr	r3, .L12+4
  69 0028 1B78     		ldrb	r3, [r3]	@ zero_extendqisi2
  70 002a DBB2     		uxtb	r3, r3
  71 002c 012B     		cmp	r3, #1
  72 002e EBD1     		bne	.L3
  20:main.c        ****                 {
  21:main.c        ****                     CyDelay(300);
  73              		.loc 1 21 0
  74 0030 4FF49670 		mov	r0, #300
  75 0034 FFF7FEFF 		bl	CyDelay
  76              	.LVL3:
  22:main.c        ****                     buttonPressed = 0;
  77              		.loc 1 22 0
  78 0038 0023     		movs	r3, #0
  79 003a 244A     		ldr	r2, .L12+4
  80 003c 1370     		strb	r3, [r2]
  23:main.c        ****                     sampleCount = 0;
  81              		.loc 1 23 0
  82 003e 244A     		ldr	r2, .L12+8
  83 0040 1370     		strb	r3, [r2]
  24:main.c        ****                     state = SAMPLING;
  84              		.loc 1 24 0
  85 0042 0122     		movs	r2, #1
  86 0044 204B     		ldr	r3, .L12
  87 0046 1A70     		strb	r2, [r3]
  88 0048 DEE7     		b	.L3
  89              	.L4:
  25:main.c        ****                 }
ARM GAS  C:\Users\DHEERA~1\AppData\Local\Temp\ccsiIxSg.s 			page 3


  26:main.c        ****                 break;
  27:main.c        **** 
  28:main.c        ****             case SAMPLING:
  29:main.c        ****                 updateLEDs(0, 1, 0);  /**< Orange ON */
  90              		.loc 1 29 0
  91 004a 0022     		movs	r2, #0
  92 004c 0121     		movs	r1, #1
  93 004e 1046     		mov	r0, r2
  94 0050 FFF7FEFF 		bl	updateLEDs
  95              	.LVL4:
  30:main.c        ****                 sampleADC();          /**< Capture ADC samples */
  96              		.loc 1 30 0
  97 0054 FFF7FEFF 		bl	sampleADC
  98              	.LVL5:
  31:main.c        ****                 fft_app(adcBuffer, fftOutput, NUM_OF_SAMPLES); /**< FFT and CFAR */
  99              		.loc 1 31 0
 100 0058 4FF48062 		mov	r2, #1024
 101 005c 1D49     		ldr	r1, .L12+12
 102 005e 1E48     		ldr	r0, .L12+16
 103 0060 FFF7FEFF 		bl	fft_app
 104              	.LVL6:
  32:main.c        ****                 if (uart_s_received)
 105              		.loc 1 32 0
 106 0064 1D4B     		ldr	r3, .L12+20
 107 0066 1B78     		ldrb	r3, [r3]	@ zero_extendqisi2
 108 0068 13F0FF0F 		tst	r3, #255
 109 006c 06D0     		beq	.L8
  33:main.c        ****                 {
  34:main.c        ****                     uart_s_received = 0;
 110              		.loc 1 34 0
 111 006e 0022     		movs	r2, #0
 112 0070 1A4B     		ldr	r3, .L12+20
 113 0072 1A70     		strb	r2, [r3]
  35:main.c        ****                     state = UART_TRANSFER;
 114              		.loc 1 35 0
 115 0074 0222     		movs	r2, #2
 116 0076 144B     		ldr	r3, .L12
 117 0078 1A70     		strb	r2, [r3]
 118 007a C5E7     		b	.L3
 119              	.L8:
  36:main.c        ****                 }
  37:main.c        ****                 else
  38:main.c        ****                 {
  39:main.c        ****                     state = IDLE;
 120              		.loc 1 39 0
 121 007c 0022     		movs	r2, #0
 122 007e 124B     		ldr	r3, .L12
 123 0080 1A70     		strb	r2, [r3]
 124 0082 C1E7     		b	.L3
 125              	.L6:
  40:main.c        ****                 }
  41:main.c        ****                 break;
  42:main.c        **** 
  43:main.c        ****             case UART_TRANSFER:
  44:main.c        ****                 updateLEDs(0, 0, 1); /**< Green ON */
 126              		.loc 1 44 0
 127 0084 0122     		movs	r2, #1
ARM GAS  C:\Users\DHEERA~1\AppData\Local\Temp\ccsiIxSg.s 			page 4


 128 0086 0021     		movs	r1, #0
 129 0088 0846     		mov	r0, r1
 130 008a FFF7FEFF 		bl	updateLEDs
 131              	.LVL7:
  45:main.c        ****                 uartSendFFTBuffer();
 132              		.loc 1 45 0
 133 008e FFF7FEFF 		bl	uartSendFFTBuffer
 134              	.LVL8:
  46:main.c        ****                 sampleCount++;
 135              		.loc 1 46 0
 136 0092 0F4A     		ldr	r2, .L12+8
 137 0094 1378     		ldrb	r3, [r2]	@ zero_extendqisi2
 138 0096 0133     		adds	r3, r3, #1
 139 0098 DBB2     		uxtb	r3, r3
 140 009a 1370     		strb	r3, [r2]
  47:main.c        ****                 if (uart_o_received)
 141              		.loc 1 47 0
 142 009c 104A     		ldr	r2, .L12+24
 143 009e 1278     		ldrb	r2, [r2]	@ zero_extendqisi2
 144 00a0 12F0FF0F 		tst	r2, #255
 145 00a4 0BD0     		beq	.L9
  48:main.c        ****                 {
  49:main.c        ****                     uart_o_received = 0;
 146              		.loc 1 49 0
 147 00a6 0021     		movs	r1, #0
 148 00a8 0D4A     		ldr	r2, .L12+24
 149 00aa 1170     		strb	r1, [r2]
  50:main.c        ****                     if (sampleCount >= 10)
 150              		.loc 1 50 0
 151 00ac 092B     		cmp	r3, #9
 152 00ae 02D9     		bls	.L10
  51:main.c        ****                     {
  52:main.c        ****                         state = IDLE;
 153              		.loc 1 52 0
 154 00b0 054B     		ldr	r3, .L12
 155 00b2 1970     		strb	r1, [r3]
 156 00b4 A8E7     		b	.L3
 157              	.L10:
  53:main.c        ****                     }
  54:main.c        ****                     else
  55:main.c        ****                     {
  56:main.c        ****                         state = SAMPLING;
 158              		.loc 1 56 0
 159 00b6 0122     		movs	r2, #1
 160 00b8 034B     		ldr	r3, .L12
 161 00ba 1A70     		strb	r2, [r3]
 162 00bc A4E7     		b	.L3
 163              	.L9:
  57:main.c        ****                     }
  58:main.c        ****                 }
  59:main.c        ****                 else
  60:main.c        ****                 {
  61:main.c        ****                     CyDelay(100);
 164              		.loc 1 61 0
 165 00be 6420     		movs	r0, #100
 166 00c0 FFF7FEFF 		bl	CyDelay
 167              	.LVL9:
ARM GAS  C:\Users\DHEERA~1\AppData\Local\Temp\ccsiIxSg.s 			page 5


 168 00c4 A0E7     		b	.L3
 169              	.L13:
 170 00c6 00BF     		.align	2
 171              	.L12:
 172 00c8 00000000 		.word	state
 173 00cc 00000000 		.word	buttonPressed
 174 00d0 00000000 		.word	sampleCount
 175 00d4 00000000 		.word	fftOutput
 176 00d8 00000000 		.word	adcBuffer
 177 00dc 00000000 		.word	uart_s_received
 178 00e0 00000000 		.word	uart_o_received
 179              		.cfi_endproc
 180              	.LFE119:
 181              		.size	main, .-main
 182              		.text
 183              	.Letext0:
 184              		.file 2 "d:\\psoc creator\\4.4\\psoc creator\\import\\gnu\\arm\\5.4.1\\arm-none-eabi\\include\\mac
 185              		.file 3 "d:\\psoc creator\\4.4\\psoc creator\\import\\gnu\\arm\\5.4.1\\arm-none-eabi\\include\\sys
 186              		.file 4 "Generated_Source\\PSoC5/cytypes.h"
 187              		.file 5 "functions.h"
 188              		.file 6 "Generated_Source\\PSoC5/core_cm3.h"
 189              		.file 7 "Generated_Source\\PSoC5/CyLib.h"
 190              		.file 8 ".\\fft_application/fft_application.h"
 191              		.section	.debug_info,"",%progbits
 192              	.Ldebug_info0:
 193 0000 A4020000 		.4byte	0x2a4
 194 0004 0400     		.2byte	0x4
 195 0006 00000000 		.4byte	.Ldebug_abbrev0
 196 000a 04       		.byte	0x4
 197 000b 01       		.uleb128 0x1
 198 000c 87000000 		.4byte	.LASF40
 199 0010 0C       		.byte	0xc
 200 0011 E1010000 		.4byte	.LASF41
 201 0015 48020000 		.4byte	.LASF42
 202 0019 00000000 		.4byte	.Ldebug_ranges0+0
 203 001d 00000000 		.4byte	0
 204 0021 00000000 		.4byte	.Ldebug_line0
 205 0025 02       		.uleb128 0x2
 206 0026 01       		.byte	0x1
 207 0027 06       		.byte	0x6
 208 0028 3C020000 		.4byte	.LASF0
 209 002c 03       		.uleb128 0x3
 210 002d 00000000 		.4byte	.LASF3
 211 0031 02       		.byte	0x2
 212 0032 1D       		.byte	0x1d
 213 0033 37000000 		.4byte	0x37
 214 0037 02       		.uleb128 0x2
 215 0038 01       		.byte	0x1
 216 0039 08       		.byte	0x8
 217 003a 50010000 		.4byte	.LASF1
 218 003e 02       		.uleb128 0x2
 219 003f 02       		.byte	0x2
 220 0040 05       		.byte	0x5
 221 0041 F9010000 		.4byte	.LASF2
 222 0045 03       		.uleb128 0x3
 223 0046 5E010000 		.4byte	.LASF4
 224 004a 02       		.byte	0x2
ARM GAS  C:\Users\DHEERA~1\AppData\Local\Temp\ccsiIxSg.s 			page 6


 225 004b 2B       		.byte	0x2b
 226 004c 50000000 		.4byte	0x50
 227 0050 02       		.uleb128 0x2
 228 0051 02       		.byte	0x2
 229 0052 07       		.byte	0x7
 230 0053 23000000 		.4byte	.LASF5
 231 0057 03       		.uleb128 0x3
 232 0058 10000000 		.4byte	.LASF6
 233 005c 02       		.byte	0x2
 234 005d 3F       		.byte	0x3f
 235 005e 62000000 		.4byte	0x62
 236 0062 02       		.uleb128 0x2
 237 0063 04       		.byte	0x4
 238 0064 05       		.byte	0x5
 239 0065 1A000000 		.4byte	.LASF7
 240 0069 02       		.uleb128 0x2
 241 006a 04       		.byte	0x4
 242 006b 07       		.byte	0x7
 243 006c 25010000 		.4byte	.LASF8
 244 0070 02       		.uleb128 0x2
 245 0071 08       		.byte	0x8
 246 0072 05       		.byte	0x5
 247 0073 CA010000 		.4byte	.LASF9
 248 0077 02       		.uleb128 0x2
 249 0078 08       		.byte	0x8
 250 0079 07       		.byte	0x7
 251 007a 98010000 		.4byte	.LASF10
 252 007e 04       		.uleb128 0x4
 253 007f 04       		.byte	0x4
 254 0080 05       		.byte	0x5
 255 0081 696E7400 		.ascii	"int\000"
 256 0085 02       		.uleb128 0x2
 257 0086 04       		.byte	0x4
 258 0087 07       		.byte	0x7
 259 0088 8B010000 		.4byte	.LASF11
 260 008c 03       		.uleb128 0x3
 261 008d AF010000 		.4byte	.LASF12
 262 0091 03       		.byte	0x3
 263 0092 18       		.byte	0x18
 264 0093 2C000000 		.4byte	0x2c
 265 0097 03       		.uleb128 0x3
 266 0098 0D020000 		.4byte	.LASF13
 267 009c 03       		.byte	0x3
 268 009d 24       		.byte	0x24
 269 009e 45000000 		.4byte	0x45
 270 00a2 03       		.uleb128 0x3
 271 00a3 4E000000 		.4byte	.LASF14
 272 00a7 03       		.byte	0x3
 273 00a8 2C       		.byte	0x2c
 274 00a9 57000000 		.4byte	0x57
 275 00ad 05       		.uleb128 0x5
 276 00ae 37010000 		.4byte	.LASF15
 277 00b2 04       		.byte	0x4
 278 00b3 EE01     		.2byte	0x1ee
 279 00b5 62000000 		.4byte	0x62
 280 00b9 02       		.uleb128 0x2
 281 00ba 04       		.byte	0x4
ARM GAS  C:\Users\DHEERA~1\AppData\Local\Temp\ccsiIxSg.s 			page 7


 282 00bb 04       		.byte	0x4
 283 00bc 56000000 		.4byte	.LASF16
 284 00c0 02       		.uleb128 0x2
 285 00c1 08       		.byte	0x8
 286 00c2 04       		.byte	0x4
 287 00c3 69010000 		.4byte	.LASF17
 288 00c7 02       		.uleb128 0x2
 289 00c8 01       		.byte	0x1
 290 00c9 08       		.byte	0x8
 291 00ca E8010000 		.4byte	.LASF18
 292 00ce 02       		.uleb128 0x2
 293 00cf 08       		.byte	0x8
 294 00d0 04       		.byte	0x4
 295 00d1 30020000 		.4byte	.LASF19
 296 00d5 02       		.uleb128 0x2
 297 00d6 04       		.byte	0x4
 298 00d7 07       		.byte	0x7
 299 00d8 C1010000 		.4byte	.LASF20
 300 00dc 06       		.uleb128 0x6
 301 00dd 8C000000 		.4byte	0x8c
 302 00e1 07       		.uleb128 0x7
 303 00e2 01       		.byte	0x1
 304 00e3 37000000 		.4byte	0x37
 305 00e7 05       		.byte	0x5
 306 00e8 09       		.byte	0x9
 307 00e9 00010000 		.4byte	0x100
 308 00ed 08       		.uleb128 0x8
 309 00ee 36000000 		.4byte	.LASF21
 310 00f2 00       		.byte	0
 311 00f3 08       		.uleb128 0x8
 312 00f4 D8010000 		.4byte	.LASF22
 313 00f8 01       		.byte	0x1
 314 00f9 08       		.uleb128 0x8
 315 00fa B2020000 		.4byte	.LASF23
 316 00fe 02       		.byte	0x2
 317 00ff 00       		.byte	0
 318 0100 03       		.uleb128 0x3
 319 0101 3D010000 		.4byte	.LASF24
 320 0105 05       		.byte	0x5
 321 0106 09       		.byte	0x9
 322 0107 E1000000 		.4byte	0xe1
 323 010b 09       		.uleb128 0x9
 324 010c 70010000 		.4byte	.LASF43
 325 0110 01       		.byte	0x1
 326 0111 07       		.byte	0x7
 327 0112 7E000000 		.4byte	0x7e
 328 0116 00000000 		.4byte	.LFB119
 329 011a E4000000 		.4byte	.LFE119-.LFB119
 330 011e 01       		.uleb128 0x1
 331 011f 9C       		.byte	0x9c
 332 0120 DA010000 		.4byte	0x1da
 333 0124 0A       		.uleb128 0xa
 334 0125 08000000 		.4byte	.LVL0
 335 0129 5A020000 		.4byte	0x25a
 336 012d 0B       		.uleb128 0xb
 337 012e 22000000 		.4byte	.LVL1
 338 0132 65020000 		.4byte	0x265
ARM GAS  C:\Users\DHEERA~1\AppData\Local\Temp\ccsiIxSg.s 			page 8


 339 0136 4A010000 		.4byte	0x14a
 340 013a 0C       		.uleb128 0xc
 341 013b 01       		.uleb128 0x1
 342 013c 50       		.byte	0x50
 343 013d 01       		.uleb128 0x1
 344 013e 30       		.byte	0x30
 345 013f 0C       		.uleb128 0xc
 346 0140 01       		.uleb128 0x1
 347 0141 51       		.byte	0x51
 348 0142 01       		.uleb128 0x1
 349 0143 31       		.byte	0x31
 350 0144 0C       		.uleb128 0xc
 351 0145 01       		.uleb128 0x1
 352 0146 52       		.byte	0x52
 353 0147 01       		.uleb128 0x1
 354 0148 31       		.byte	0x31
 355 0149 00       		.byte	0
 356 014a 0A       		.uleb128 0xa
 357 014b 26000000 		.4byte	.LVL2
 358 014f 70020000 		.4byte	0x270
 359 0153 0B       		.uleb128 0xb
 360 0154 38000000 		.4byte	.LVL3
 361 0158 7B020000 		.4byte	0x27b
 362 015c 68010000 		.4byte	0x168
 363 0160 0C       		.uleb128 0xc
 364 0161 01       		.uleb128 0x1
 365 0162 50       		.byte	0x50
 366 0163 03       		.uleb128 0x3
 367 0164 0A       		.byte	0xa
 368 0165 2C01     		.2byte	0x12c
 369 0167 00       		.byte	0
 370 0168 0B       		.uleb128 0xb
 371 0169 54000000 		.4byte	.LVL4
 372 016d 65020000 		.4byte	0x265
 373 0171 85010000 		.4byte	0x185
 374 0175 0C       		.uleb128 0xc
 375 0176 01       		.uleb128 0x1
 376 0177 50       		.byte	0x50
 377 0178 01       		.uleb128 0x1
 378 0179 30       		.byte	0x30
 379 017a 0C       		.uleb128 0xc
 380 017b 01       		.uleb128 0x1
 381 017c 51       		.byte	0x51
 382 017d 01       		.uleb128 0x1
 383 017e 31       		.byte	0x31
 384 017f 0C       		.uleb128 0xc
 385 0180 01       		.uleb128 0x1
 386 0181 52       		.byte	0x52
 387 0182 01       		.uleb128 0x1
 388 0183 30       		.byte	0x30
 389 0184 00       		.byte	0
 390 0185 0A       		.uleb128 0xa
 391 0186 58000000 		.4byte	.LVL5
 392 018a 86020000 		.4byte	0x286
 393 018e 0B       		.uleb128 0xb
 394 018f 64000000 		.4byte	.LVL6
 395 0193 91020000 		.4byte	0x291
ARM GAS  C:\Users\DHEERA~1\AppData\Local\Temp\ccsiIxSg.s 			page 9


 396 0197 A3010000 		.4byte	0x1a3
 397 019b 0C       		.uleb128 0xc
 398 019c 01       		.uleb128 0x1
 399 019d 52       		.byte	0x52
 400 019e 03       		.uleb128 0x3
 401 019f 0A       		.byte	0xa
 402 01a0 0004     		.2byte	0x400
 403 01a2 00       		.byte	0
 404 01a3 0B       		.uleb128 0xb
 405 01a4 8E000000 		.4byte	.LVL7
 406 01a8 65020000 		.4byte	0x265
 407 01ac C0010000 		.4byte	0x1c0
 408 01b0 0C       		.uleb128 0xc
 409 01b1 01       		.uleb128 0x1
 410 01b2 50       		.byte	0x50
 411 01b3 01       		.uleb128 0x1
 412 01b4 30       		.byte	0x30
 413 01b5 0C       		.uleb128 0xc
 414 01b6 01       		.uleb128 0x1
 415 01b7 51       		.byte	0x51
 416 01b8 01       		.uleb128 0x1
 417 01b9 30       		.byte	0x30
 418 01ba 0C       		.uleb128 0xc
 419 01bb 01       		.uleb128 0x1
 420 01bc 52       		.byte	0x52
 421 01bd 01       		.uleb128 0x1
 422 01be 31       		.byte	0x31
 423 01bf 00       		.byte	0
 424 01c0 0A       		.uleb128 0xa
 425 01c1 92000000 		.4byte	.LVL8
 426 01c5 9C020000 		.4byte	0x29c
 427 01c9 0D       		.uleb128 0xd
 428 01ca C4000000 		.4byte	.LVL9
 429 01ce 7B020000 		.4byte	0x27b
 430 01d2 0C       		.uleb128 0xc
 431 01d3 01       		.uleb128 0x1
 432 01d4 50       		.byte	0x50
 433 01d5 02       		.uleb128 0x2
 434 01d6 08       		.byte	0x8
 435 01d7 64       		.byte	0x64
 436 01d8 00       		.byte	0
 437 01d9 00       		.byte	0
 438 01da 0E       		.uleb128 0xe
 439 01db 43010000 		.4byte	.LASF25
 440 01df 06       		.byte	0x6
 441 01e0 1207     		.2byte	0x712
 442 01e2 E6010000 		.4byte	0x1e6
 443 01e6 06       		.uleb128 0x6
 444 01e7 A2000000 		.4byte	0xa2
 445 01eb 0F       		.uleb128 0xf
 446 01ec 0A000000 		.4byte	.LASF26
 447 01f0 05       		.byte	0x5
 448 01f1 0B       		.byte	0xb
 449 01f2 00010000 		.4byte	0x100
 450 01f6 10       		.uleb128 0x10
 451 01f7 97000000 		.4byte	0x97
 452 01fb 07020000 		.4byte	0x207
ARM GAS  C:\Users\DHEERA~1\AppData\Local\Temp\ccsiIxSg.s 			page 10


 453 01ff 11       		.uleb128 0x11
 454 0200 D5000000 		.4byte	0xd5
 455 0204 FF03     		.2byte	0x3ff
 456 0206 00       		.byte	0
 457 0207 0F       		.uleb128 0xf
 458 0208 26020000 		.4byte	.LASF27
 459 020c 05       		.byte	0x5
 460 020d 0C       		.byte	0xc
 461 020e F6010000 		.4byte	0x1f6
 462 0212 0F       		.uleb128 0xf
 463 0213 6E000000 		.4byte	.LASF28
 464 0217 05       		.byte	0x5
 465 0218 0D       		.byte	0xd
 466 0219 DC000000 		.4byte	0xdc
 467 021d 0F       		.uleb128 0xf
 468 021e ED010000 		.4byte	.LASF29
 469 0222 05       		.byte	0x5
 470 0223 0E       		.byte	0xe
 471 0224 8C000000 		.4byte	0x8c
 472 0228 0F       		.uleb128 0xf
 473 0229 16020000 		.4byte	.LASF30
 474 022d 05       		.byte	0x5
 475 022e 0F       		.byte	0xf
 476 022f DC000000 		.4byte	0xdc
 477 0233 0F       		.uleb128 0xf
 478 0234 15010000 		.4byte	.LASF31
 479 0238 05       		.byte	0x5
 480 0239 10       		.byte	0x10
 481 023a DC000000 		.4byte	0xdc
 482 023e 10       		.uleb128 0x10
 483 023f AD000000 		.4byte	0xad
 484 0243 4F020000 		.4byte	0x24f
 485 0247 11       		.uleb128 0x11
 486 0248 D5000000 		.4byte	0xd5
 487 024c FF07     		.2byte	0x7ff
 488 024e 00       		.byte	0
 489 024f 0F       		.uleb128 0xf
 490 0250 03020000 		.4byte	.LASF32
 491 0254 01       		.byte	0x1
 492 0255 05       		.byte	0x5
 493 0256 3E020000 		.4byte	0x23e
 494 025a 12       		.uleb128 0x12
 495 025b 3B000000 		.4byte	.LASF33
 496 025f 3B000000 		.4byte	.LASF33
 497 0263 05       		.byte	0x5
 498 0264 34       		.byte	0x34
 499 0265 12       		.uleb128 0x12
 500 0266 7C000000 		.4byte	.LASF34
 501 026a 7C000000 		.4byte	.LASF34
 502 026e 05       		.byte	0x5
 503 026f 2F       		.byte	0x2f
 504 0270 12       		.uleb128 0x12
 505 0271 75010000 		.4byte	.LASF35
 506 0275 75010000 		.4byte	.LASF35
 507 0279 05       		.byte	0x5
 508 027a 3A       		.byte	0x3a
 509 027b 12       		.uleb128 0x12
ARM GAS  C:\Users\DHEERA~1\AppData\Local\Temp\ccsiIxSg.s 			page 11


 510 027c C0020000 		.4byte	.LASF36
 511 0280 C0020000 		.4byte	.LASF36
 512 0284 07       		.byte	0x7
 513 0285 76       		.byte	0x76
 514 0286 12       		.uleb128 0x12
 515 0287 B7010000 		.4byte	.LASF37
 516 028b B7010000 		.4byte	.LASF37
 517 028f 05       		.byte	0x5
 518 0290 1C       		.byte	0x1c
 519 0291 12       		.uleb128 0x12
 520 0292 83010000 		.4byte	.LASF38
 521 0296 83010000 		.4byte	.LASF38
 522 029a 08       		.byte	0x8
 523 029b 26       		.byte	0x26
 524 029c 12       		.uleb128 0x12
 525 029d 5C000000 		.4byte	.LASF39
 526 02a1 5C000000 		.4byte	.LASF39
 527 02a5 05       		.byte	0x5
 528 02a6 26       		.byte	0x26
 529 02a7 00       		.byte	0
 530              		.section	.debug_abbrev,"",%progbits
 531              	.Ldebug_abbrev0:
 532 0000 01       		.uleb128 0x1
 533 0001 11       		.uleb128 0x11
 534 0002 01       		.byte	0x1
 535 0003 25       		.uleb128 0x25
 536 0004 0E       		.uleb128 0xe
 537 0005 13       		.uleb128 0x13
 538 0006 0B       		.uleb128 0xb
 539 0007 03       		.uleb128 0x3
 540 0008 0E       		.uleb128 0xe
 541 0009 1B       		.uleb128 0x1b
 542 000a 0E       		.uleb128 0xe
 543 000b 55       		.uleb128 0x55
 544 000c 17       		.uleb128 0x17
 545 000d 11       		.uleb128 0x11
 546 000e 01       		.uleb128 0x1
 547 000f 10       		.uleb128 0x10
 548 0010 17       		.uleb128 0x17
 549 0011 00       		.byte	0
 550 0012 00       		.byte	0
 551 0013 02       		.uleb128 0x2
 552 0014 24       		.uleb128 0x24
 553 0015 00       		.byte	0
 554 0016 0B       		.uleb128 0xb
 555 0017 0B       		.uleb128 0xb
 556 0018 3E       		.uleb128 0x3e
 557 0019 0B       		.uleb128 0xb
 558 001a 03       		.uleb128 0x3
 559 001b 0E       		.uleb128 0xe
 560 001c 00       		.byte	0
 561 001d 00       		.byte	0
 562 001e 03       		.uleb128 0x3
 563 001f 16       		.uleb128 0x16
 564 0020 00       		.byte	0
 565 0021 03       		.uleb128 0x3
 566 0022 0E       		.uleb128 0xe
ARM GAS  C:\Users\DHEERA~1\AppData\Local\Temp\ccsiIxSg.s 			page 12


 567 0023 3A       		.uleb128 0x3a
 568 0024 0B       		.uleb128 0xb
 569 0025 3B       		.uleb128 0x3b
 570 0026 0B       		.uleb128 0xb
 571 0027 49       		.uleb128 0x49
 572 0028 13       		.uleb128 0x13
 573 0029 00       		.byte	0
 574 002a 00       		.byte	0
 575 002b 04       		.uleb128 0x4
 576 002c 24       		.uleb128 0x24
 577 002d 00       		.byte	0
 578 002e 0B       		.uleb128 0xb
 579 002f 0B       		.uleb128 0xb
 580 0030 3E       		.uleb128 0x3e
 581 0031 0B       		.uleb128 0xb
 582 0032 03       		.uleb128 0x3
 583 0033 08       		.uleb128 0x8
 584 0034 00       		.byte	0
 585 0035 00       		.byte	0
 586 0036 05       		.uleb128 0x5
 587 0037 16       		.uleb128 0x16
 588 0038 00       		.byte	0
 589 0039 03       		.uleb128 0x3
 590 003a 0E       		.uleb128 0xe
 591 003b 3A       		.uleb128 0x3a
 592 003c 0B       		.uleb128 0xb
 593 003d 3B       		.uleb128 0x3b
 594 003e 05       		.uleb128 0x5
 595 003f 49       		.uleb128 0x49
 596 0040 13       		.uleb128 0x13
 597 0041 00       		.byte	0
 598 0042 00       		.byte	0
 599 0043 06       		.uleb128 0x6
 600 0044 35       		.uleb128 0x35
 601 0045 00       		.byte	0
 602 0046 49       		.uleb128 0x49
 603 0047 13       		.uleb128 0x13
 604 0048 00       		.byte	0
 605 0049 00       		.byte	0
 606 004a 07       		.uleb128 0x7
 607 004b 04       		.uleb128 0x4
 608 004c 01       		.byte	0x1
 609 004d 0B       		.uleb128 0xb
 610 004e 0B       		.uleb128 0xb
 611 004f 49       		.uleb128 0x49
 612 0050 13       		.uleb128 0x13
 613 0051 3A       		.uleb128 0x3a
 614 0052 0B       		.uleb128 0xb
 615 0053 3B       		.uleb128 0x3b
 616 0054 0B       		.uleb128 0xb
 617 0055 01       		.uleb128 0x1
 618 0056 13       		.uleb128 0x13
 619 0057 00       		.byte	0
 620 0058 00       		.byte	0
 621 0059 08       		.uleb128 0x8
 622 005a 28       		.uleb128 0x28
 623 005b 00       		.byte	0
ARM GAS  C:\Users\DHEERA~1\AppData\Local\Temp\ccsiIxSg.s 			page 13


 624 005c 03       		.uleb128 0x3
 625 005d 0E       		.uleb128 0xe
 626 005e 1C       		.uleb128 0x1c
 627 005f 0B       		.uleb128 0xb
 628 0060 00       		.byte	0
 629 0061 00       		.byte	0
 630 0062 09       		.uleb128 0x9
 631 0063 2E       		.uleb128 0x2e
 632 0064 01       		.byte	0x1
 633 0065 3F       		.uleb128 0x3f
 634 0066 19       		.uleb128 0x19
 635 0067 03       		.uleb128 0x3
 636 0068 0E       		.uleb128 0xe
 637 0069 3A       		.uleb128 0x3a
 638 006a 0B       		.uleb128 0xb
 639 006b 3B       		.uleb128 0x3b
 640 006c 0B       		.uleb128 0xb
 641 006d 27       		.uleb128 0x27
 642 006e 19       		.uleb128 0x19
 643 006f 49       		.uleb128 0x49
 644 0070 13       		.uleb128 0x13
 645 0071 8701     		.uleb128 0x87
 646 0073 19       		.uleb128 0x19
 647 0074 11       		.uleb128 0x11
 648 0075 01       		.uleb128 0x1
 649 0076 12       		.uleb128 0x12
 650 0077 06       		.uleb128 0x6
 651 0078 40       		.uleb128 0x40
 652 0079 18       		.uleb128 0x18
 653 007a 9742     		.uleb128 0x2117
 654 007c 19       		.uleb128 0x19
 655 007d 01       		.uleb128 0x1
 656 007e 13       		.uleb128 0x13
 657 007f 00       		.byte	0
 658 0080 00       		.byte	0
 659 0081 0A       		.uleb128 0xa
 660 0082 898201   		.uleb128 0x4109
 661 0085 00       		.byte	0
 662 0086 11       		.uleb128 0x11
 663 0087 01       		.uleb128 0x1
 664 0088 31       		.uleb128 0x31
 665 0089 13       		.uleb128 0x13
 666 008a 00       		.byte	0
 667 008b 00       		.byte	0
 668 008c 0B       		.uleb128 0xb
 669 008d 898201   		.uleb128 0x4109
 670 0090 01       		.byte	0x1
 671 0091 11       		.uleb128 0x11
 672 0092 01       		.uleb128 0x1
 673 0093 31       		.uleb128 0x31
 674 0094 13       		.uleb128 0x13
 675 0095 01       		.uleb128 0x1
 676 0096 13       		.uleb128 0x13
 677 0097 00       		.byte	0
 678 0098 00       		.byte	0
 679 0099 0C       		.uleb128 0xc
 680 009a 8A8201   		.uleb128 0x410a
ARM GAS  C:\Users\DHEERA~1\AppData\Local\Temp\ccsiIxSg.s 			page 14


 681 009d 00       		.byte	0
 682 009e 02       		.uleb128 0x2
 683 009f 18       		.uleb128 0x18
 684 00a0 9142     		.uleb128 0x2111
 685 00a2 18       		.uleb128 0x18
 686 00a3 00       		.byte	0
 687 00a4 00       		.byte	0
 688 00a5 0D       		.uleb128 0xd
 689 00a6 898201   		.uleb128 0x4109
 690 00a9 01       		.byte	0x1
 691 00aa 11       		.uleb128 0x11
 692 00ab 01       		.uleb128 0x1
 693 00ac 31       		.uleb128 0x31
 694 00ad 13       		.uleb128 0x13
 695 00ae 00       		.byte	0
 696 00af 00       		.byte	0
 697 00b0 0E       		.uleb128 0xe
 698 00b1 34       		.uleb128 0x34
 699 00b2 00       		.byte	0
 700 00b3 03       		.uleb128 0x3
 701 00b4 0E       		.uleb128 0xe
 702 00b5 3A       		.uleb128 0x3a
 703 00b6 0B       		.uleb128 0xb
 704 00b7 3B       		.uleb128 0x3b
 705 00b8 05       		.uleb128 0x5
 706 00b9 49       		.uleb128 0x49
 707 00ba 13       		.uleb128 0x13
 708 00bb 3F       		.uleb128 0x3f
 709 00bc 19       		.uleb128 0x19
 710 00bd 3C       		.uleb128 0x3c
 711 00be 19       		.uleb128 0x19
 712 00bf 00       		.byte	0
 713 00c0 00       		.byte	0
 714 00c1 0F       		.uleb128 0xf
 715 00c2 34       		.uleb128 0x34
 716 00c3 00       		.byte	0
 717 00c4 03       		.uleb128 0x3
 718 00c5 0E       		.uleb128 0xe
 719 00c6 3A       		.uleb128 0x3a
 720 00c7 0B       		.uleb128 0xb
 721 00c8 3B       		.uleb128 0x3b
 722 00c9 0B       		.uleb128 0xb
 723 00ca 49       		.uleb128 0x49
 724 00cb 13       		.uleb128 0x13
 725 00cc 3F       		.uleb128 0x3f
 726 00cd 19       		.uleb128 0x19
 727 00ce 3C       		.uleb128 0x3c
 728 00cf 19       		.uleb128 0x19
 729 00d0 00       		.byte	0
 730 00d1 00       		.byte	0
 731 00d2 10       		.uleb128 0x10
 732 00d3 01       		.uleb128 0x1
 733 00d4 01       		.byte	0x1
 734 00d5 49       		.uleb128 0x49
 735 00d6 13       		.uleb128 0x13
 736 00d7 01       		.uleb128 0x1
 737 00d8 13       		.uleb128 0x13
ARM GAS  C:\Users\DHEERA~1\AppData\Local\Temp\ccsiIxSg.s 			page 15


 738 00d9 00       		.byte	0
 739 00da 00       		.byte	0
 740 00db 11       		.uleb128 0x11
 741 00dc 21       		.uleb128 0x21
 742 00dd 00       		.byte	0
 743 00de 49       		.uleb128 0x49
 744 00df 13       		.uleb128 0x13
 745 00e0 2F       		.uleb128 0x2f
 746 00e1 05       		.uleb128 0x5
 747 00e2 00       		.byte	0
 748 00e3 00       		.byte	0
 749 00e4 12       		.uleb128 0x12
 750 00e5 2E       		.uleb128 0x2e
 751 00e6 00       		.byte	0
 752 00e7 3F       		.uleb128 0x3f
 753 00e8 19       		.uleb128 0x19
 754 00e9 3C       		.uleb128 0x3c
 755 00ea 19       		.uleb128 0x19
 756 00eb 6E       		.uleb128 0x6e
 757 00ec 0E       		.uleb128 0xe
 758 00ed 03       		.uleb128 0x3
 759 00ee 0E       		.uleb128 0xe
 760 00ef 3A       		.uleb128 0x3a
 761 00f0 0B       		.uleb128 0xb
 762 00f1 3B       		.uleb128 0x3b
 763 00f2 0B       		.uleb128 0xb
 764 00f3 00       		.byte	0
 765 00f4 00       		.byte	0
 766 00f5 00       		.byte	0
 767              		.section	.debug_aranges,"",%progbits
 768 0000 1C000000 		.4byte	0x1c
 769 0004 0200     		.2byte	0x2
 770 0006 00000000 		.4byte	.Ldebug_info0
 771 000a 04       		.byte	0x4
 772 000b 00       		.byte	0
 773 000c 0000     		.2byte	0
 774 000e 0000     		.2byte	0
 775 0010 00000000 		.4byte	.LFB119
 776 0014 E4000000 		.4byte	.LFE119-.LFB119
 777 0018 00000000 		.4byte	0
 778 001c 00000000 		.4byte	0
 779              		.section	.debug_ranges,"",%progbits
 780              	.Ldebug_ranges0:
 781 0000 00000000 		.4byte	.LFB119
 782 0004 E4000000 		.4byte	.LFE119
 783 0008 00000000 		.4byte	0
 784 000c 00000000 		.4byte	0
 785              		.section	.debug_line,"",%progbits
 786              	.Ldebug_line0:
 787 0000 82010000 		.section	.debug_str,"MS",%progbits,1
 787      02005501 
 787      00000201 
 787      FB0E0D00 
 787      01010101 
 788              	.LASF3:
 789 0000 5F5F7569 		.ascii	"__uint8_t\000"
 789      6E74385F 
ARM GAS  C:\Users\DHEERA~1\AppData\Local\Temp\ccsiIxSg.s 			page 16


 789      7400
 790              	.LASF26:
 791 000a 73746174 		.ascii	"state\000"
 791      6500
 792              	.LASF6:
 793 0010 5F5F696E 		.ascii	"__int32_t\000"
 793      7433325F 
 793      7400
 794              	.LASF7:
 795 001a 6C6F6E67 		.ascii	"long int\000"
 795      20696E74 
 795      00
 796              	.LASF5:
 797 0023 73686F72 		.ascii	"short unsigned int\000"
 797      7420756E 
 797      7369676E 
 797      65642069 
 797      6E7400
 798              	.LASF21:
 799 0036 49444C45 		.ascii	"IDLE\000"
 799      00
 800              	.LASF33:
 801 003b 696E6974 		.ascii	"initializeHardware\000"
 801      69616C69 
 801      7A654861 
 801      72647761 
 801      726500
 802              	.LASF14:
 803 004e 696E7433 		.ascii	"int32_t\000"
 803      325F7400 
 804              	.LASF16:
 805 0056 666C6F61 		.ascii	"float\000"
 805      7400
 806              	.LASF39:
 807 005c 75617274 		.ascii	"uartSendFFTBuffer\000"
 807      53656E64 
 807      46465442 
 807      75666665 
 807      7200
 808              	.LASF28:
 809 006e 62757474 		.ascii	"buttonPressed\000"
 809      6F6E5072 
 809      65737365 
 809      6400
 810              	.LASF34:
 811 007c 75706461 		.ascii	"updateLEDs\000"
 811      74654C45 
 811      447300
 812              	.LASF40:
 813 0087 474E5520 		.ascii	"GNU C11 5.4.1 20160609 (release) [ARM/embedded-5-br"
 813      43313120 
 813      352E342E 
 813      31203230 
 813      31363036 
 814 00ba 616E6368 		.ascii	"anch revision 237715] -mcpu=cortex-m3 -mthumb -g -O"
 814      20726576 
 814      6973696F 
ARM GAS  C:\Users\DHEERA~1\AppData\Local\Temp\ccsiIxSg.s 			page 17


 814      6E203233 
 814      37373135 
 815 00ed 67202D66 		.ascii	"g -ffunction-sections -ffat-lto-objects\000"
 815      66756E63 
 815      74696F6E 
 815      2D736563 
 815      74696F6E 
 816              	.LASF31:
 817 0115 75617274 		.ascii	"uart_o_received\000"
 817      5F6F5F72 
 817      65636569 
 817      76656400 
 818              	.LASF8:
 819 0125 6C6F6E67 		.ascii	"long unsigned int\000"
 819      20756E73 
 819      69676E65 
 819      6420696E 
 819      7400
 820              	.LASF15:
 821 0137 696E7433 		.ascii	"int32\000"
 821      3200
 822              	.LASF24:
 823 013d 53746174 		.ascii	"State\000"
 823      6500
 824              	.LASF25:
 825 0143 49544D5F 		.ascii	"ITM_RxBuffer\000"
 825      52784275 
 825      66666572 
 825      00
 826              	.LASF1:
 827 0150 756E7369 		.ascii	"unsigned char\000"
 827      676E6564 
 827      20636861 
 827      7200
 828              	.LASF4:
 829 015e 5F5F7569 		.ascii	"__uint16_t\000"
 829      6E743136 
 829      5F7400
 830              	.LASF17:
 831 0169 646F7562 		.ascii	"double\000"
 831      6C6500
 832              	.LASF43:
 833 0170 6D61696E 		.ascii	"main\000"
 833      00
 834              	.LASF35:
 835 0175 666C7573 		.ascii	"flushRxBuffer\000"
 835      68527842 
 835      75666665 
 835      7200
 836              	.LASF38:
 837 0183 6666745F 		.ascii	"fft_app\000"
 837      61707000 
 838              	.LASF11:
 839 018b 756E7369 		.ascii	"unsigned int\000"
 839      676E6564 
 839      20696E74 
 839      00
ARM GAS  C:\Users\DHEERA~1\AppData\Local\Temp\ccsiIxSg.s 			page 18


 840              	.LASF10:
 841 0198 6C6F6E67 		.ascii	"long long unsigned int\000"
 841      206C6F6E 
 841      6720756E 
 841      7369676E 
 841      65642069 
 842              	.LASF12:
 843 01af 75696E74 		.ascii	"uint8_t\000"
 843      385F7400 
 844              	.LASF37:
 845 01b7 73616D70 		.ascii	"sampleADC\000"
 845      6C654144 
 845      4300
 846              	.LASF20:
 847 01c1 73697A65 		.ascii	"sizetype\000"
 847      74797065 
 847      00
 848              	.LASF9:
 849 01ca 6C6F6E67 		.ascii	"long long int\000"
 849      206C6F6E 
 849      6720696E 
 849      7400
 850              	.LASF22:
 851 01d8 53414D50 		.ascii	"SAMPLING\000"
 851      4C494E47 
 851      00
 852              	.LASF41:
 853 01e1 6D61696E 		.ascii	"main.c\000"
 853      2E6300
 854              	.LASF18:
 855 01e8 63686172 		.ascii	"char\000"
 855      00
 856              	.LASF29:
 857 01ed 73616D70 		.ascii	"sampleCount\000"
 857      6C65436F 
 857      756E7400 
 858              	.LASF2:
 859 01f9 73686F72 		.ascii	"short int\000"
 859      7420696E 
 859      7400
 860              	.LASF32:
 861 0203 6666744F 		.ascii	"fftOutput\000"
 861      75747075 
 861      7400
 862              	.LASF13:
 863 020d 75696E74 		.ascii	"uint16_t\000"
 863      31365F74 
 863      00
 864              	.LASF30:
 865 0216 75617274 		.ascii	"uart_s_received\000"
 865      5F735F72 
 865      65636569 
 865      76656400 
 866              	.LASF27:
 867 0226 61646342 		.ascii	"adcBuffer\000"
 867      75666665 
 867      7200
ARM GAS  C:\Users\DHEERA~1\AppData\Local\Temp\ccsiIxSg.s 			page 19


 868              	.LASF19:
 869 0230 6C6F6E67 		.ascii	"long double\000"
 869      20646F75 
 869      626C6500 
 870              	.LASF0:
 871 023c 7369676E 		.ascii	"signed char\000"
 871      65642063 
 871      68617200 
 872              	.LASF42:
 873 0248 443A5C4D 		.ascii	"D:\\MS\\HDA\\Embedded\\Second_sem\\System_Driven_Ha"
 873      535C4844 
 873      415C456D 
 873      62656464 
 873      65645C53 
 874 0276 72647761 		.ascii	"rdware_Design\\Lab5\\v7\\Final_Design.cydsn\\Final_"
 874      72655F44 
 874      65736967 
 874      6E5C4C61 
 874      62355C76 
 875 02a5 44657369 		.ascii	"Design.cydsn\000"
 875      676E2E63 
 875      7964736E 
 875      00
 876              	.LASF23:
 877 02b2 55415254 		.ascii	"UART_TRANSFER\000"
 877      5F545241 
 877      4E534645 
 877      5200
 878              	.LASF36:
 879 02c0 43794465 		.ascii	"CyDelay\000"
 879      6C617900 
 880              		.ident	"GCC: (GNU Tools for ARM Embedded Processors) 5.4.1 20160609 (release) [ARM/embedded-5-bran
